[ 2017-11-05T15:48:25+08:00 ] ::1 /HOS/Public/libs/js/Hos/Hosmsg/js_lst.js
INFO: [ app_init ] --START--
INFO: Run Behavior\BuildLiteBehavior [ RunTime:0.000015s ]
INFO: [ app_init ] --END-- [ RunTime:0.000457s ]
ERR: 无法加载模块:Public

[ 2017-11-05T15:48:25+08:00 ] ::1 /HOS/Public/libs/js/Hos/Hosmsg/js_lst.js
INFO: [ app_init ] --START--
INFO: Run Behavior\BuildLiteBehavior [ RunTime:0.000014s ]
INFO: [ app_init ] --END-- [ RunTime:0.000591s ]
ERR: 无法加载模块:Public

[ 2017-11-05T15:52:19+08:00 ] ::1 /HOS/Public/libs/js/Hos/Hosmsg/js_lst.js
INFO: [ app_init ] --START--
INFO: Run Behavior\BuildLiteBehavior [ RunTime:0.000012s ]
INFO: [ app_init ] --END-- [ RunTime:0.000473s ]
ERR: 无法加载模块:Public

[ 2017-11-05T15:52:19+08:00 ] ::1 /HOS/Public/libs/js/Hos/Hosmsg/js_lst.js
INFO: [ app_init ] --START--
INFO: Run Behavior\BuildLiteBehavior [ RunTime:0.000013s ]
INFO: [ app_init ] --END-- [ RunTime:0.000408s ]
ERR: 无法加载模块:Public

[ 2017-11-05T15:52:24+08:00 ] ::1 /HOS/Public/libs/js/Hos/Hosmsg/js_lst.js
INFO: [ app_init ] --START--
INFO: Run Behavior\BuildLiteBehavior [ RunTime:0.000022s ]
INFO: [ app_init ] --END-- [ RunTime:0.000618s ]
ERR: 无法加载模块:Public

[ 2017-11-05T15:52:24+08:00 ] ::1 /HOS/Public/libs/js/Hos/Hosmsg/js_lst.js
INFO: [ app_init ] --START--
INFO: Run Behavior\BuildLiteBehavior [ RunTime:0.000010s ]
INFO: [ app_init ] --END-- [ RunTime:0.000421s ]
ERR: 无法加载模块:Public

