[ 2017-11-15T09:12:08+08:00 ] ::1 /HOS/Sys/Hospital/del//p_id/41080219960423003X
INFO: [ app_init ] --START--
INFO: Run Behavior\BuildLiteBehavior [ RunTime:0.000013s ]
INFO: [ app_init ] --END-- [ RunTime:0.000552s ]
INFO: [ app_begin ] --START--
INFO: Run Behavior\ReadHtmlCacheBehavior [ RunTime:0.000670s ]
INFO: [ app_begin ] --END-- [ RunTime:0.000710s ]
SQL: SHOW COLUMNS FROM `hospital` [ RunTime:0.0058s ]
SQL: DELETE FROM `hospital` WHERE ( hos_code='' ) [ RunTime:0.0002s ]
INFO: [ app_end ] --START--
INFO: Run Behavior\ShowPageTraceBehavior [ RunTime:0.000740s ]
INFO: [ app_end ] --END-- [ RunTime:0.000781s ]

[ 2017-11-15T09:12:08+08:00 ] ::1 /HOS/index.php/Sys/Hospital/lst.html
INFO: [ app_init ] --START--
INFO: Run Behavior\BuildLiteBehavior [ RunTime:0.000010s ]
INFO: [ app_init ] --END-- [ RunTime:0.000464s ]
INFO: [ app_begin ] --START--
INFO: Run Behavior\ReadHtmlCacheBehavior [ RunTime:0.000626s ]
INFO: [ app_begin ] --END-- [ RunTime:0.000665s ]
SQL: SHOW COLUMNS FROM `cant` [ RunTime:0.0059s ]
SQL: SELECT * FROM `cant`  [ RunTime:0.0003s ]
SQL: SHOW COLUMNS FROM `hos_level` [ RunTime:0.0064s ]
SQL: SELECT * FROM `hos_level`  [ RunTime:0.0003s ]
SQL: select * from hospital join cant on hospital.cant_code=cant.cant_code join hos_level on hospital.hoslevel_code=hos_level.hoslevel_code  order by hospital.hos_code  [ RunTime:0.0006s ]
SQL: select * from hospital join cant on hospital.cant_code=cant.cant_code join hos_level on hospital.hoslevel_code=hos_level.hoslevel_code  order by hospital.hos_code  [ RunTime:0.0005s ]
SQL: select * from hospital join cant on hospital.cant_code=cant.cant_code join hos_level on hospital.hoslevel_code=hos_level.hoslevel_code  order by hospital.hos_code  limit 0,5 [ RunTime:0.0006s ]
INFO: [ view_parse ] --START--
INFO: [ template_filter ] --START--
INFO: Run Behavior\ContentReplaceBehavior [ RunTime:0.000086s ]
INFO: [ template_filter ] --END-- [ RunTime:0.000128s ]
INFO: Run Behavior\ParseTemplateBehavior [ RunTime:0.014102s ]
INFO: [ view_parse ] --END-- [ RunTime:0.014151s ]
INFO: [ view_filter ] --START--
INFO: Run Behavior\WriteHtmlCacheBehavior [ RunTime:0.000509s ]
INFO: [ view_filter ] --END-- [ RunTime:0.000538s ]
INFO: [ app_end ] --START--
INFO: Run Behavior\ShowPageTraceBehavior [ RunTime:0.000614s ]
INFO: [ app_end ] --END-- [ RunTime:0.000652s ]

[ 2017-11-15T10:59:45+08:00 ] ::1 /HOS/Sys/Adminlogin/login
INFO: [ app_init ] --START--
INFO: Run Behavior\BuildLiteBehavior [ RunTime:0.000011s ]
INFO: [ app_init ] --END-- [ RunTime:0.000499s ]
INFO: [ app_begin ] --START--
INFO: Run Behavior\ReadHtmlCacheBehavior [ RunTime:0.001337s ]
INFO: [ app_begin ] --END-- [ RunTime:0.001435s ]
NOTIC: [2] Missing argument 1 for Think\Controller::assign(), called in D:\Xampp\xampp\htdocs\HOS\Application\Sys\Controller\AdminloginController.class.php on line 74 and defined D:\Xampp\xampp\htdocs\HOS\ThinkPHP\Library\Think\Controller.class.php 第 121 行.
NOTIC: [8] Undefined variable: name D:\Xampp\xampp\htdocs\HOS\ThinkPHP\Library\Think\Controller.class.php 第 122 行.
INFO: [ view_parse ] --START--
INFO: [ template_filter ] --START--
INFO: Run Behavior\ContentReplaceBehavior [ RunTime:0.000042s ]
INFO: [ template_filter ] --END-- [ RunTime:0.000087s ]
INFO: Run Behavior\ParseTemplateBehavior [ RunTime:0.022081s ]
INFO: [ view_parse ] --END-- [ RunTime:0.022127s ]
INFO: [ view_filter ] --START--
INFO: Run Behavior\WriteHtmlCacheBehavior [ RunTime:0.000496s ]
INFO: [ view_filter ] --END-- [ RunTime:0.000527s ]
INFO: [ app_end ] --START--
INFO: Run Behavior\ShowPageTraceBehavior [ RunTime:0.000636s ]
INFO: [ app_end ] --END-- [ RunTime:0.000668s ]

[ 2017-11-15T10:59:47+08:00 ] ::1 /HOS/Sys/Adminlogin/login
INFO: [ app_init ] --START--
INFO: Run Behavior\BuildLiteBehavior [ RunTime:0.000013s ]
INFO: [ app_init ] --END-- [ RunTime:0.000628s ]
INFO: [ app_begin ] --START--
INFO: Run Behavior\ReadHtmlCacheBehavior [ RunTime:0.000707s ]
INFO: [ app_begin ] --END-- [ RunTime:0.000753s ]
SQL: SHOW COLUMNS FROM `hos_admin` [ RunTime:0.0063s ]
SQL: SELECT `hosadmin_pwd` FROM `hos_admin` WHERE ( hosadmin_name='HA001' ) LIMIT 1   [ RunTime:0.0004s ]

[ 2017-11-15T10:59:49+08:00 ] ::1 /HOS/Sys/Adminlogin/login
INFO: [ app_init ] --START--
INFO: Run Behavior\BuildLiteBehavior [ RunTime:0.000013s ]
INFO: [ app_init ] --END-- [ RunTime:0.000482s ]
INFO: [ app_begin ] --START--
INFO: Run Behavior\ReadHtmlCacheBehavior [ RunTime:0.000646s ]
INFO: [ app_begin ] --END-- [ RunTime:0.000685s ]
NOTIC: [2] Missing argument 1 for Think\Controller::assign(), called in D:\Xampp\xampp\htdocs\HOS\Application\Sys\Controller\AdminloginController.class.php on line 74 and defined D:\Xampp\xampp\htdocs\HOS\ThinkPHP\Library\Think\Controller.class.php 第 121 行.
NOTIC: [8] Undefined variable: name D:\Xampp\xampp\htdocs\HOS\ThinkPHP\Library\Think\Controller.class.php 第 122 行.
INFO: [ view_parse ] --START--
INFO: [ template_filter ] --START--
INFO: Run Behavior\ContentReplaceBehavior [ RunTime:0.000039s ]
INFO: [ template_filter ] --END-- [ RunTime:0.000075s ]
INFO: Run Behavior\ParseTemplateBehavior [ RunTime:0.006296s ]
INFO: [ view_parse ] --END-- [ RunTime:0.006335s ]
INFO: [ view_filter ] --START--
INFO: Run Behavior\WriteHtmlCacheBehavior [ RunTime:0.000493s ]
INFO: [ view_filter ] --END-- [ RunTime:0.000524s ]
INFO: [ app_end ] --START--
INFO: Run Behavior\ShowPageTraceBehavior [ RunTime:0.000642s ]
INFO: [ app_end ] --END-- [ RunTime:0.000675s ]

[ 2017-11-15T14:42:00+08:00 ] ::1 /HOS/Sys/Adminlogin/login
INFO: [ app_init ] --START--
INFO: Run Behavior\BuildLiteBehavior [ RunTime:0.000011s ]
INFO: [ app_init ] --END-- [ RunTime:0.000451s ]
INFO: [ app_begin ] --START--
INFO: Run Behavior\ReadHtmlCacheBehavior [ RunTime:0.000493s ]
INFO: [ app_begin ] --END-- [ RunTime:0.000529s ]
NOTIC: [2] Missing argument 1 for Think\Controller::assign(), called in D:\Xampp\xampp\htdocs\HOS\Application\Sys\Controller\AdminloginController.class.php on line 74 and defined D:\Xampp\xampp\htdocs\HOS\ThinkPHP\Library\Think\Controller.class.php 第 121 行.
NOTIC: [8] Undefined variable: name D:\Xampp\xampp\htdocs\HOS\ThinkPHP\Library\Think\Controller.class.php 第 122 行.
INFO: [ view_parse ] --START--
INFO: [ template_filter ] --START--
INFO: Run Behavior\ContentReplaceBehavior [ RunTime:0.004046s ]
INFO: [ template_filter ] --END-- [ RunTime:0.004116s ]
INFO: Run Behavior\ParseTemplateBehavior [ RunTime:0.014722s ]
INFO: [ view_parse ] --END-- [ RunTime:0.014810s ]
INFO: [ view_filter ] --START--
INFO: Run Behavior\WriteHtmlCacheBehavior [ RunTime:0.000765s ]
INFO: [ view_filter ] --END-- [ RunTime:0.000823s ]
INFO: [ app_end ] --START--
INFO: Run Behavior\ShowPageTraceBehavior [ RunTime:0.000730s ]
INFO: [ app_end ] --END-- [ RunTime:0.000786s ]

[ 2017-11-15T14:42:03+08:00 ] ::1 /HOS/Sys/Adminlogin/login
INFO: [ app_init ] --START--
INFO: Run Behavior\BuildLiteBehavior [ RunTime:0.000017s ]
INFO: [ app_init ] --END-- [ RunTime:0.000541s ]
INFO: [ app_begin ] --START--
INFO: Run Behavior\ReadHtmlCacheBehavior [ RunTime:0.000548s ]
INFO: [ app_begin ] --END-- [ RunTime:0.000597s ]
ERR: SQLSTATE[HY000] [1045] Access denied for user 'root'@'localhost' (using password: NO)

[ 2017-11-15T14:42:05+08:00 ] ::1 /HOS/Sys/Adminlogin/login
INFO: [ app_init ] --START--
INFO: Run Behavior\BuildLiteBehavior [ RunTime:0.000012s ]
INFO: [ app_init ] --END-- [ RunTime:0.000449s ]
INFO: [ app_begin ] --START--
INFO: Run Behavior\ReadHtmlCacheBehavior [ RunTime:0.000486s ]
INFO: [ app_begin ] --END-- [ RunTime:0.000520s ]
ERR: SQLSTATE[HY000] [1045] Access denied for user 'root'@'localhost' (using password: NO)

[ 2017-11-15T14:42:09+08:00 ] ::1 /HOS/Sys/Adminlogin/login
INFO: [ app_init ] --START--
INFO: Run Behavior\BuildLiteBehavior [ RunTime:0.000010s ]
INFO: [ app_init ] --END-- [ RunTime:0.000408s ]
INFO: [ app_begin ] --START--
INFO: Run Behavior\ReadHtmlCacheBehavior [ RunTime:0.000463s ]
INFO: [ app_begin ] --END-- [ RunTime:0.000497s ]
ERR: SQLSTATE[HY000] [1045] Access denied for user 'root'@'localhost' (using password: NO)

[ 2017-11-15T14:42:25+08:00 ] ::1 /HOS/Sys/Adminlogin/login
INFO: [ app_init ] --START--
INFO: Run Behavior\BuildLiteBehavior [ RunTime:0.000018s ]
INFO: [ app_init ] --END-- [ RunTime:0.000583s ]
INFO: [ app_begin ] --START--
INFO: Run Behavior\ReadHtmlCacheBehavior [ RunTime:0.000675s ]
INFO: [ app_begin ] --END-- [ RunTime:0.000736s ]
SQL: SHOW COLUMNS FROM `hos_admin` [ RunTime:0.0487s ]
SQL: SELECT `hosadmin_pwd` FROM `hos_admin` WHERE ( hosadmin_name='HA001' ) LIMIT 1   [ RunTime:0.0020s ]

[ 2017-11-15T15:19:04+08:00 ] ::1 /HOS/Sys/Adminlogin/login
INFO: [ app_init ] --START--
INFO: Run Behavior\BuildLiteBehavior [ RunTime:0.000025s ]
INFO: [ app_init ] --END-- [ RunTime:0.001036s ]
INFO: [ app_begin ] --START--
INFO: Run Behavior\ReadHtmlCacheBehavior [ RunTime:0.000728s ]
INFO: [ app_begin ] --END-- [ RunTime:0.000786s ]
NOTIC: [2] Missing argument 1 for Think\Controller::assign(), called in D:\Xampp\xampp\htdocs\HOS\Application\Sys\Controller\AdminloginController.class.php on line 74 and defined D:\Xampp\xampp\htdocs\HOS\ThinkPHP\Library\Think\Controller.class.php 第 121 行.
NOTIC: [8] Undefined variable: name D:\Xampp\xampp\htdocs\HOS\ThinkPHP\Library\Think\Controller.class.php 第 122 行.
INFO: [ view_parse ] --START--
INFO: [ template_filter ] --START--
INFO: Run Behavior\ContentReplaceBehavior [ RunTime:0.000038s ]
INFO: [ template_filter ] --END-- [ RunTime:0.000077s ]
INFO: Run Behavior\ParseTemplateBehavior [ RunTime:0.006139s ]
INFO: [ view_parse ] --END-- [ RunTime:0.006181s ]
INFO: [ view_filter ] --START--
INFO: Run Behavior\WriteHtmlCacheBehavior [ RunTime:0.000475s ]
INFO: [ view_filter ] --END-- [ RunTime:0.000506s ]
INFO: [ app_end ] --START--
INFO: Run Behavior\ShowPageTraceBehavior [ RunTime:0.000616s ]
INFO: [ app_end ] --END-- [ RunTime:0.000647s ]

[ 2017-11-15T15:19:06+08:00 ] ::1 /HOS/Sys/Adminlogin/login
INFO: [ app_init ] --START--
INFO: Run Behavior\BuildLiteBehavior [ RunTime:0.000012s ]
INFO: [ app_init ] --END-- [ RunTime:0.000469s ]
INFO: [ app_begin ] --START--
INFO: Run Behavior\ReadHtmlCacheBehavior [ RunTime:0.000617s ]
INFO: [ app_begin ] --END-- [ RunTime:0.000653s ]
SQL: SHOW COLUMNS FROM `hos_admin` [ RunTime:0.0064s ]
SQL: SELECT `hosadmin_pwd` FROM `hos_admin` WHERE ( hosadmin_name='HA001' ) LIMIT 1   [ RunTime:0.0003s ]

[ 2017-11-15T15:56:05+08:00 ] ::1 /HOS/Sys/Adminlogin/login
INFO: [ app_init ] --START--
INFO: Run Behavior\BuildLiteBehavior [ RunTime:0.000012s ]
INFO: [ app_init ] --END-- [ RunTime:0.000508s ]
INFO: [ app_begin ] --START--
INFO: Run Behavior\ReadHtmlCacheBehavior [ RunTime:0.000634s ]
INFO: [ app_begin ] --END-- [ RunTime:0.000671s ]
NOTIC: [2] Missing argument 1 for Think\Controller::assign(), called in D:\Xampp\xampp\htdocs\HOS\Application\Sys\Controller\AdminloginController.class.php on line 74 and defined D:\Xampp\xampp\htdocs\HOS\ThinkPHP\Library\Think\Controller.class.php 第 121 行.
NOTIC: [8] Undefined variable: name D:\Xampp\xampp\htdocs\HOS\ThinkPHP\Library\Think\Controller.class.php 第 122 行.
INFO: [ view_parse ] --START--
INFO: [ template_filter ] --START--
INFO: Run Behavior\ContentReplaceBehavior [ RunTime:0.000039s ]
INFO: [ template_filter ] --END-- [ RunTime:0.000074s ]
INFO: Run Behavior\ParseTemplateBehavior [ RunTime:0.007695s ]
INFO: [ view_parse ] --END-- [ RunTime:0.007756s ]
INFO: [ view_filter ] --START--
INFO: Run Behavior\WriteHtmlCacheBehavior [ RunTime:0.000942s ]
INFO: [ view_filter ] --END-- [ RunTime:0.000995s ]
INFO: [ app_end ] --START--
INFO: Run Behavior\ShowPageTraceBehavior [ RunTime:0.000842s ]
INFO: [ app_end ] --END-- [ RunTime:0.000881s ]

[ 2017-11-15T15:56:22+08:00 ] ::1 /HOS/Sys/Adminlogin/login
INFO: [ app_init ] --START--
INFO: Run Behavior\BuildLiteBehavior [ RunTime:0.000010s ]
INFO: [ app_init ] --END-- [ RunTime:0.000472s ]
INFO: [ app_begin ] --START--
INFO: Run Behavior\ReadHtmlCacheBehavior [ RunTime:0.000703s ]
INFO: [ app_begin ] --END-- [ RunTime:0.000737s ]
SQL: SHOW COLUMNS FROM `hos_admin` [ RunTime:0.0446s ]
SQL: SELECT `hosadmin_pwd` FROM `hos_admin` WHERE ( hosadmin_name='HA001' ) LIMIT 1   [ RunTime:0.0006s ]

[ 2017-11-15T16:09:44+08:00 ] ::1 /HOS/Sys/Adminlogin/login
INFO: [ app_init ] --START--
INFO: Run Behavior\BuildLiteBehavior [ RunTime:0.000012s ]
INFO: [ app_init ] --END-- [ RunTime:0.000479s ]
INFO: [ app_begin ] --START--
INFO: Run Behavior\ReadHtmlCacheBehavior [ RunTime:0.000735s ]
INFO: [ app_begin ] --END-- [ RunTime:0.000788s ]
NOTIC: [2] Missing argument 1 for Think\Controller::assign(), called in D:\Xampp\xampp\htdocs\HOS\Application\Sys\Controller\AdminloginController.class.php on line 74 and defined D:\Xampp\xampp\htdocs\HOS\ThinkPHP\Library\Think\Controller.class.php 第 121 行.
NOTIC: [8] Undefined variable: name D:\Xampp\xampp\htdocs\HOS\ThinkPHP\Library\Think\Controller.class.php 第 122 行.
INFO: [ view_parse ] --START--
INFO: [ template_filter ] --START--
INFO: Run Behavior\ContentReplaceBehavior [ RunTime:0.000040s ]
INFO: [ template_filter ] --END-- [ RunTime:0.000085s ]
INFO: Run Behavior\ParseTemplateBehavior [ RunTime:0.006925s ]
INFO: [ view_parse ] --END-- [ RunTime:0.006968s ]
INFO: [ view_filter ] --START--
INFO: Run Behavior\WriteHtmlCacheBehavior [ RunTime:0.000469s ]
INFO: [ view_filter ] --END-- [ RunTime:0.000501s ]
INFO: [ app_end ] --START--
INFO: Run Behavior\ShowPageTraceBehavior [ RunTime:0.000640s ]
INFO: [ app_end ] --END-- [ RunTime:0.000672s ]

[ 2017-11-15T16:09:47+08:00 ] ::1 /HOS/Sys/Adminlogin/login
INFO: [ app_init ] --START--
INFO: Run Behavior\BuildLiteBehavior [ RunTime:0.000012s ]
INFO: [ app_init ] --END-- [ RunTime:0.000507s ]
INFO: [ app_begin ] --START--
INFO: Run Behavior\ReadHtmlCacheBehavior [ RunTime:0.000632s ]
INFO: [ app_begin ] --END-- [ RunTime:0.000682s ]
SQL: SHOW COLUMNS FROM `doctor` [ RunTime:0.0079s ]
SQL: SELECT `doc_pwd` FROM `doctor` WHERE ( doc_code='QH001D001' ) LIMIT 1   [ RunTime:0.0003s ]

[ 2017-11-15T16:33:52+08:00 ] ::1 /HOS/Sys/Adminlogin/login
INFO: [ app_init ] --START--
INFO: Run Behavior\BuildLiteBehavior [ RunTime:0.000012s ]
INFO: [ app_init ] --END-- [ RunTime:0.000472s ]
INFO: [ app_begin ] --START--
INFO: Run Behavior\ReadHtmlCacheBehavior [ RunTime:0.000611s ]
INFO: [ app_begin ] --END-- [ RunTime:0.000651s ]
NOTIC: [2] Missing argument 1 for Think\Controller::assign(), called in D:\Xampp\xampp\htdocs\HOS\Application\Sys\Controller\AdminloginController.class.php on line 74 and defined D:\Xampp\xampp\htdocs\HOS\ThinkPHP\Library\Think\Controller.class.php 第 121 行.
NOTIC: [8] Undefined variable: name D:\Xampp\xampp\htdocs\HOS\ThinkPHP\Library\Think\Controller.class.php 第 122 行.
INFO: [ view_parse ] --START--
INFO: [ template_filter ] --START--
INFO: Run Behavior\ContentReplaceBehavior [ RunTime:0.000039s ]
INFO: [ template_filter ] --END-- [ RunTime:0.000083s ]
INFO: Run Behavior\ParseTemplateBehavior [ RunTime:0.006976s ]
INFO: [ view_parse ] --END-- [ RunTime:0.007051s ]
INFO: [ view_filter ] --START--
INFO: Run Behavior\WriteHtmlCacheBehavior [ RunTime:0.000477s ]
INFO: [ view_filter ] --END-- [ RunTime:0.000509s ]
INFO: [ app_end ] --START--
INFO: Run Behavior\ShowPageTraceBehavior [ RunTime:0.000627s ]
INFO: [ app_end ] --END-- [ RunTime:0.000659s ]

[ 2017-11-15T16:33:56+08:00 ] ::1 /HOS/Sys/Adminlogin/login
INFO: [ app_init ] --START--
INFO: Run Behavior\BuildLiteBehavior [ RunTime:0.000010s ]
INFO: [ app_init ] --END-- [ RunTime:0.000439s ]
INFO: [ app_begin ] --START--
INFO: Run Behavior\ReadHtmlCacheBehavior [ RunTime:0.000586s ]
INFO: [ app_begin ] --END-- [ RunTime:0.000619s ]

[ 2017-11-15T16:33:59+08:00 ] ::1 /HOS/Sys/Hospital/lst
INFO: [ app_init ] --START--
INFO: Run Behavior\BuildLiteBehavior [ RunTime:0.000020s ]
INFO: [ app_init ] --END-- [ RunTime:0.000808s ]
INFO: [ app_begin ] --START--
INFO: Run Behavior\ReadHtmlCacheBehavior [ RunTime:0.001080s ]
INFO: [ app_begin ] --END-- [ RunTime:0.001150s ]
SQL: SHOW COLUMNS FROM `cant` [ RunTime:0.0179s ]
SQL: SELECT * FROM `cant`  [ RunTime:0.0004s ]
SQL: SHOW COLUMNS FROM `hos_level` [ RunTime:0.0107s ]
SQL: SELECT * FROM `hos_level`  [ RunTime:0.0004s ]
SQL: select * from hospital join cant on hospital.cant_code=cant.cant_code join hos_level on hospital.hoslevel_code=hos_level.hoslevel_code  order by hospital.hos_code  [ RunTime:0.0009s ]
SQL: select * from hospital join cant on hospital.cant_code=cant.cant_code join hos_level on hospital.hoslevel_code=hos_level.hoslevel_code  order by hospital.hos_code  [ RunTime:0.0008s ]
SQL: select * from hospital join cant on hospital.cant_code=cant.cant_code join hos_level on hospital.hoslevel_code=hos_level.hoslevel_code  order by hospital.hos_code  limit 0,5 [ RunTime:0.0008s ]
INFO: [ view_parse ] --START--
INFO: [ template_filter ] --START--
INFO: Run Behavior\ContentReplaceBehavior [ RunTime:0.000086s ]
INFO: [ template_filter ] --END-- [ RunTime:0.000126s ]
INFO: Run Behavior\ParseTemplateBehavior [ RunTime:0.017581s ]
INFO: [ view_parse ] --END-- [ RunTime:0.017634s ]
INFO: [ view_filter ] --START--
INFO: Run Behavior\WriteHtmlCacheBehavior [ RunTime:0.000472s ]
INFO: [ view_filter ] --END-- [ RunTime:0.000502s ]
INFO: [ app_end ] --START--
INFO: Run Behavior\ShowPageTraceBehavior [ RunTime:0.000849s ]
INFO: [ app_end ] --END-- [ RunTime:0.000896s ]

[ 2017-11-15T16:34:10+08:00 ] ::1 /HOS/Sys/Adminlogin/login
INFO: [ app_init ] --START--
INFO: Run Behavior\BuildLiteBehavior [ RunTime:0.000012s ]
INFO: [ app_init ] --END-- [ RunTime:0.000436s ]
INFO: [ app_begin ] --START--
INFO: Run Behavior\ReadHtmlCacheBehavior [ RunTime:0.000596s ]
INFO: [ app_begin ] --END-- [ RunTime:0.000632s ]
NOTIC: [2] Missing argument 1 for Think\Controller::assign(), called in D:\Xampp\xampp\htdocs\HOS\Application\Sys\Controller\AdminloginController.class.php on line 74 and defined D:\Xampp\xampp\htdocs\HOS\ThinkPHP\Library\Think\Controller.class.php 第 121 行.
NOTIC: [8] Undefined variable: name D:\Xampp\xampp\htdocs\HOS\ThinkPHP\Library\Think\Controller.class.php 第 122 行.
INFO: [ view_parse ] --START--
INFO: [ template_filter ] --START--
INFO: Run Behavior\ContentReplaceBehavior [ RunTime:0.000037s ]
INFO: [ template_filter ] --END-- [ RunTime:0.000071s ]
INFO: Run Behavior\ParseTemplateBehavior [ RunTime:0.005941s ]
INFO: [ view_parse ] --END-- [ RunTime:0.005979s ]
INFO: [ view_filter ] --START--
INFO: Run Behavior\WriteHtmlCacheBehavior [ RunTime:0.000456s ]
INFO: [ view_filter ] --END-- [ RunTime:0.000488s ]
INFO: [ app_end ] --START--
INFO: Run Behavior\ShowPageTraceBehavior [ RunTime:0.000602s ]
INFO: [ app_end ] --END-- [ RunTime:0.000634s ]

[ 2017-11-15T16:34:14+08:00 ] ::1 /HOS/Sys/Adminlogin/login
INFO: [ app_init ] --START--
INFO: Run Behavior\BuildLiteBehavior [ RunTime:0.000010s ]
INFO: [ app_init ] --END-- [ RunTime:0.000474s ]
INFO: [ app_begin ] --START--
INFO: Run Behavior\ReadHtmlCacheBehavior [ RunTime:0.000601s ]
INFO: [ app_begin ] --END-- [ RunTime:0.000635s ]
SQL: SHOW COLUMNS FROM `hos_admin` [ RunTime:0.0070s ]
SQL: SELECT `hosadmin_pwd` FROM `hos_admin` WHERE ( hosadmin_name='HA001' ) LIMIT 1   [ RunTime:0.0003s ]

[ 2017-11-15T16:34:32+08:00 ] ::1 /HOS/Sys/Adminlogin/login
INFO: [ app_init ] --START--
INFO: Run Behavior\BuildLiteBehavior [ RunTime:0.000013s ]
INFO: [ app_init ] --END-- [ RunTime:0.000540s ]
INFO: [ app_begin ] --START--
INFO: Run Behavior\ReadHtmlCacheBehavior [ RunTime:0.000645s ]
INFO: [ app_begin ] --END-- [ RunTime:0.000692s ]
NOTIC: [2] Missing argument 1 for Think\Controller::assign(), called in D:\Xampp\xampp\htdocs\HOS\Application\Sys\Controller\AdminloginController.class.php on line 74 and defined D:\Xampp\xampp\htdocs\HOS\ThinkPHP\Library\Think\Controller.class.php 第 121 行.
NOTIC: [8] Undefined variable: name D:\Xampp\xampp\htdocs\HOS\ThinkPHP\Library\Think\Controller.class.php 第 122 行.
INFO: [ view_parse ] --START--
INFO: [ template_filter ] --START--
INFO: Run Behavior\ContentReplaceBehavior [ RunTime:0.000044s ]
INFO: [ template_filter ] --END-- [ RunTime:0.000092s ]
INFO: Run Behavior\ParseTemplateBehavior [ RunTime:0.007207s ]
INFO: [ view_parse ] --END-- [ RunTime:0.007257s ]
INFO: [ view_filter ] --START--
INFO: Run Behavior\WriteHtmlCacheBehavior [ RunTime:0.000609s ]
INFO: [ view_filter ] --END-- [ RunTime:0.000647s ]
INFO: [ app_end ] --START--
INFO: Run Behavior\ShowPageTraceBehavior [ RunTime:0.000618s ]
INFO: [ app_end ] --END-- [ RunTime:0.000665s ]

[ 2017-11-15T16:34:35+08:00 ] ::1 /HOS/Sys/Adminlogin/login
INFO: [ app_init ] --START--
INFO: Run Behavior\BuildLiteBehavior [ RunTime:0.000012s ]
INFO: [ app_init ] --END-- [ RunTime:0.000474s ]
INFO: [ app_begin ] --START--
INFO: Run Behavior\ReadHtmlCacheBehavior [ RunTime:0.000637s ]
INFO: [ app_begin ] --END-- [ RunTime:0.000671s ]
SQL: SHOW COLUMNS FROM `doctor` [ RunTime:0.0071s ]
SQL: SELECT `doc_pwd` FROM `doctor` WHERE ( doc_code='QH001D001' ) LIMIT 1   [ RunTime:0.0003s ]

