[ 2017-11-09T15:53:19+08:00 ] ::1 /HOS/Hos/Doctor/lst
INFO: [ app_init ] --START--
INFO: Run Behavior\BuildLiteBehavior [ RunTime:0.000013s ]
INFO: [ app_init ] --END-- [ RunTime:0.000548s ]
INFO: [ app_begin ] --START--
INFO: Run Behavior\ReadHtmlCacheBehavior [ RunTime:0.001619s ]
INFO: [ app_begin ] --END-- [ RunTime:0.001782s ]
SQL: SHOW COLUMNS FROM `hospital` [ RunTime:0.0078s ]
SQL: SELECT hospital.hos_code FROM `hospital` INNER JOIN hos_admin on hospital.hos_code=hos_admin.hos_code  WHERE ( hos_admin.hosadmin_name='HA001' ) LIMIT 1   [ RunTime:0.0003s ]
SQL: SHOW COLUMNS FROM `department` [ RunTime:0.0076s ]
SQL: SELECT * FROM `department` WHERE ( hos_code='QH001' )  [ RunTime:0.0005s ]
SQL: SHOW COLUMNS FROM `doc_level` [ RunTime:0.0073s ]
SQL: SELECT * FROM `doc_level`  [ RunTime:0.0003s ]
SQL: SELECT * FROM doctor join department on doctor.hos_code=department.hos_code and doctor.dep_code=department.dep_code join doc_level on doctor.doclevel_code=doc_level.doclevel_code where doctor.hos_code='QH001'  order by doctor.doc_code  [ RunTime:0.0005s ]
SQL: SELECT * FROM doctor join department on doctor.hos_code=department.hos_code and doctor.dep_code=department.dep_code join doc_level on doctor.doclevel_code=doc_level.doclevel_code where doctor.hos_code='QH001'  order by doctor.doc_code  [ RunTime:0.0006s ]
SQL: SELECT * FROM doctor join department on doctor.hos_code=department.hos_code and doctor.dep_code=department.dep_code join doc_level on doctor.doclevel_code=doc_level.doclevel_code where doctor.hos_code='QH001'  order by doctor.doc_code  limit 0,5 [ RunTime:0.0004s ]
INFO: [ view_parse ] --START--
INFO: [ template_filter ] --START--
INFO: Run Behavior\ContentReplaceBehavior [ RunTime:0.000170s ]
INFO: [ template_filter ] --END-- [ RunTime:0.000262s ]
INFO: Run Behavior\ParseTemplateBehavior [ RunTime:0.017363s ]
INFO: [ view_parse ] --END-- [ RunTime:0.017473s ]
INFO: [ view_filter ] --START--
INFO: Run Behavior\WriteHtmlCacheBehavior [ RunTime:0.000617s ]
INFO: [ view_filter ] --END-- [ RunTime:0.000651s ]
INFO: [ app_end ] --START--
INFO: Run Behavior\ShowPageTraceBehavior [ RunTime:0.001048s ]
INFO: [ app_end ] --END-- [ RunTime:0.001101s ]

[ 2017-11-09T15:53:23+08:00 ] ::1 /HOS/Hos/Doctor/add
INFO: [ app_init ] --START--
INFO: Run Behavior\BuildLiteBehavior [ RunTime:0.000012s ]
INFO: [ app_init ] --END-- [ RunTime:0.000575s ]
INFO: [ app_begin ] --START--
INFO: Run Behavior\ReadHtmlCacheBehavior [ RunTime:0.000728s ]
INFO: [ app_begin ] --END-- [ RunTime:0.000769s ]
SQL: SHOW COLUMNS FROM `hospital` [ RunTime:0.0062s ]
SQL: SELECT hospital.hos_code FROM `hospital` INNER JOIN hos_admin on hospital.hos_code=hos_admin.hos_code  WHERE ( hos_admin.hosadmin_name='HA001' ) LIMIT 1   [ RunTime:0.0003s ]
SQL: SHOW COLUMNS FROM `department` [ RunTime:0.0065s ]
SQL: SELECT * FROM `department` WHERE ( hos_code='QH001' )  [ RunTime:0.0004s ]
SQL: SHOW COLUMNS FROM `doc_level` [ RunTime:0.0064s ]
SQL: SELECT * FROM `doc_level`  [ RunTime:0.0003s ]
INFO: [ view_parse ] --START--
INFO: [ template_filter ] --START--
INFO: Run Behavior\ContentReplaceBehavior [ RunTime:0.000061s ]
INFO: [ template_filter ] --END-- [ RunTime:0.000109s ]
INFO: Run Behavior\ParseTemplateBehavior [ RunTime:0.010318s ]
INFO: [ view_parse ] --END-- [ RunTime:0.010381s ]
INFO: [ view_filter ] --START--
INFO: Run Behavior\WriteHtmlCacheBehavior [ RunTime:0.000592s ]
INFO: [ view_filter ] --END-- [ RunTime:0.000637s ]
INFO: [ app_end ] --START--
INFO: Run Behavior\ShowPageTraceBehavior [ RunTime:0.000721s ]
INFO: [ app_end ] --END-- [ RunTime:0.000753s ]

[ 2017-11-09T15:54:02+08:00 ] ::1 /HOS/Hos/Doctor/add
INFO: [ app_init ] --START--
INFO: Run Behavior\BuildLiteBehavior [ RunTime:0.000018s ]
INFO: [ app_init ] --END-- [ RunTime:0.000670s ]
INFO: [ app_begin ] --START--
INFO: Run Behavior\ReadHtmlCacheBehavior [ RunTime:0.001252s ]
INFO: [ app_begin ] --END-- [ RunTime:0.001317s ]
SQL: SHOW COLUMNS FROM `doctor` [ RunTime:0.0079s ]
SQL: SELECT * FROM `doctor` WHERE ( doc_code='QH001D02' ) LIMIT 1   [ RunTime:0.0004s ]
SQL: SHOW COLUMNS FROM `hospital` [ RunTime:0.0084s ]
SQL: SELECT hospital.hos_code FROM `hospital` INNER JOIN hos_admin on hospital.hos_code=hos_admin.hos_code  WHERE ( hos_admin.hosadmin_name='HA001' ) LIMIT 1   [ RunTime:0.0004s ]
SQL: SHOW COLUMNS FROM `doctor` [ RunTime:0.0088s ]
NOTIC: [8] Undefined index: validate D:\Xampp\xampp\htdocs\HOS\ThinkPHP\Library\Think\Model.class.php 第 1185 行.
NOTIC: [8] Undefined index: auto D:\Xampp\xampp\htdocs\HOS\ThinkPHP\Library\Think\Model.class.php 第 1128 行.
SQL: INSERT INTO `doctor` (`doc_code`,`doc_name`,`dep_code`,`doclevel_code`,`doc_pwd`,`doc_tel`,`hos_code`) VALUES ('QH001D02','张民生','1NK001','4','123','17899999987','QH001') [ RunTime:0.0049s ]
INFO: [ app_end ] --START--
INFO: Run Behavior\ShowPageTraceBehavior [ RunTime:0.001204s ]
INFO: [ app_end ] --END-- [ RunTime:0.001282s ]

[ 2017-11-09T15:54:02+08:00 ] ::1 /HOS/Hos/Doctor/lst
INFO: [ app_init ] --START--
INFO: Run Behavior\BuildLiteBehavior [ RunTime:0.000018s ]
INFO: [ app_init ] --END-- [ RunTime:0.000704s ]
INFO: [ app_begin ] --START--
INFO: Run Behavior\ReadHtmlCacheBehavior [ RunTime:0.001644s ]
INFO: [ app_begin ] --END-- [ RunTime:0.001775s ]
SQL: SHOW COLUMNS FROM `hospital` [ RunTime:0.0085s ]
SQL: SELECT hospital.hos_code FROM `hospital` INNER JOIN hos_admin on hospital.hos_code=hos_admin.hos_code  WHERE ( hos_admin.hosadmin_name='HA001' ) LIMIT 1   [ RunTime:0.0004s ]
SQL: SHOW COLUMNS FROM `department` [ RunTime:0.0091s ]
SQL: SELECT * FROM `department` WHERE ( hos_code='QH001' )  [ RunTime:0.0007s ]
SQL: SHOW COLUMNS FROM `doc_level` [ RunTime:0.0111s ]
SQL: SELECT * FROM `doc_level`  [ RunTime:0.0004s ]
SQL: SELECT * FROM doctor join department on doctor.hos_code=department.hos_code and doctor.dep_code=department.dep_code join doc_level on doctor.doclevel_code=doc_level.doclevel_code where doctor.hos_code='QH001'  order by doctor.doc_code  [ RunTime:0.0018s ]
SQL: SELECT * FROM doctor join department on doctor.hos_code=department.hos_code and doctor.dep_code=department.dep_code join doc_level on doctor.doclevel_code=doc_level.doclevel_code where doctor.hos_code='QH001'  order by doctor.doc_code  [ RunTime:0.0007s ]
SQL: SELECT * FROM doctor join department on doctor.hos_code=department.hos_code and doctor.dep_code=department.dep_code join doc_level on doctor.doclevel_code=doc_level.doclevel_code where doctor.hos_code='QH001'  order by doctor.doc_code  limit 0,5 [ RunTime:0.0005s ]
INFO: [ view_parse ] --START--
INFO: [ template_filter ] --START--
INFO: Run Behavior\ContentReplaceBehavior [ RunTime:0.000154s ]
INFO: [ template_filter ] --END-- [ RunTime:0.000235s ]
INFO: Run Behavior\ParseTemplateBehavior [ RunTime:0.021005s ]
INFO: [ view_parse ] --END-- [ RunTime:0.021082s ]
INFO: [ view_filter ] --START--
INFO: Run Behavior\WriteHtmlCacheBehavior [ RunTime:0.000917s ]
INFO: [ view_filter ] --END-- [ RunTime:0.000971s ]
INFO: [ app_end ] --START--
INFO: Run Behavior\ShowPageTraceBehavior [ RunTime:0.001394s ]
INFO: [ app_end ] --END-- [ RunTime:0.001468s ]

[ 2017-11-09T15:54:06+08:00 ] ::1 /HOS/Hos/Doctor/edit/doc_code/QH001D02
INFO: [ app_init ] --START--
INFO: Run Behavior\BuildLiteBehavior [ RunTime:0.000010s ]
INFO: [ app_init ] --END-- [ RunTime:0.000501s ]
INFO: [ app_begin ] --START--
INFO: Run Behavior\ReadHtmlCacheBehavior [ RunTime:0.000684s ]
INFO: [ app_begin ] --END-- [ RunTime:0.000720s ]
SQL: SHOW COLUMNS FROM `doctor` [ RunTime:0.0061s ]
SQL: SELECT * FROM `doctor` inner join department on doctor.hos_code=department.hos_code and doctor.dep_code=department.dep_code inner join doc_level on doctor.doclevel_code=doc_level.doclevel_code   WHERE ( doc_code='QH001D02' ) LIMIT 1   [ RunTime:0.0004s ]
INFO: [ view_parse ] --START--
INFO: [ template_filter ] --START--
INFO: Run Behavior\ContentReplaceBehavior [ RunTime:0.000058s ]
INFO: [ template_filter ] --END-- [ RunTime:0.000103s ]
INFO: Run Behavior\ParseTemplateBehavior [ RunTime:0.008670s ]
INFO: [ view_parse ] --END-- [ RunTime:0.008727s ]
INFO: [ view_filter ] --START--
INFO: Run Behavior\WriteHtmlCacheBehavior [ RunTime:0.000573s ]
INFO: [ view_filter ] --END-- [ RunTime:0.000605s ]
INFO: [ app_end ] --START--
INFO: Run Behavior\ShowPageTraceBehavior [ RunTime:0.000713s ]
INFO: [ app_end ] --END-- [ RunTime:0.000744s ]

[ 2017-11-09T15:54:20+08:00 ] ::1 /HOS/Hos/Doctor/add
INFO: [ app_init ] --START--
INFO: Run Behavior\BuildLiteBehavior [ RunTime:0.000014s ]
INFO: [ app_init ] --END-- [ RunTime:0.000640s ]
INFO: [ app_begin ] --START--
INFO: Run Behavior\ReadHtmlCacheBehavior [ RunTime:0.000773s ]
INFO: [ app_begin ] --END-- [ RunTime:0.000825s ]
SQL: SHOW COLUMNS FROM `hospital` [ RunTime:0.0060s ]
SQL: SELECT hospital.hos_code FROM `hospital` INNER JOIN hos_admin on hospital.hos_code=hos_admin.hos_code  WHERE ( hos_admin.hosadmin_name='HA001' ) LIMIT 1   [ RunTime:0.0003s ]
SQL: SHOW COLUMNS FROM `department` [ RunTime:0.0071s ]
SQL: SELECT * FROM `department` WHERE ( hos_code='QH001' )  [ RunTime:0.0004s ]
SQL: SHOW COLUMNS FROM `doc_level` [ RunTime:0.0062s ]
SQL: SELECT * FROM `doc_level`  [ RunTime:0.0003s ]
INFO: [ view_parse ] --START--
INFO: [ template_filter ] --START--
INFO: Run Behavior\ContentReplaceBehavior [ RunTime:0.000057s ]
INFO: [ template_filter ] --END-- [ RunTime:0.000098s ]
INFO: Run Behavior\ParseTemplateBehavior [ RunTime:0.008940s ]
INFO: [ view_parse ] --END-- [ RunTime:0.008985s ]
INFO: [ view_filter ] --START--
INFO: Run Behavior\WriteHtmlCacheBehavior [ RunTime:0.000588s ]
INFO: [ view_filter ] --END-- [ RunTime:0.000619s ]
INFO: [ app_end ] --START--
INFO: Run Behavior\ShowPageTraceBehavior [ RunTime:0.000680s ]
INFO: [ app_end ] --END-- [ RunTime:0.000714s ]

[ 2017-11-09T15:55:24+08:00 ] ::1 /HOS/Hos/Doctor/add
INFO: [ app_init ] --START--
INFO: Run Behavior\BuildLiteBehavior [ RunTime:0.000022s ]
INFO: [ app_init ] --END-- [ RunTime:0.000765s ]
INFO: [ app_begin ] --START--
INFO: Run Behavior\ReadHtmlCacheBehavior [ RunTime:0.000769s ]
INFO: [ app_begin ] --END-- [ RunTime:0.000826s ]
SQL: SHOW COLUMNS FROM `doctor` [ RunTime:0.0088s ]
SQL: SELECT * FROM `doctor` WHERE ( doc_code='QH001D003' ) LIMIT 1   [ RunTime:0.0003s ]
SQL: SHOW COLUMNS FROM `hospital` [ RunTime:0.0062s ]
SQL: SELECT hospital.hos_code FROM `hospital` INNER JOIN hos_admin on hospital.hos_code=hos_admin.hos_code  WHERE ( hos_admin.hosadmin_name='HA001' ) LIMIT 1   [ RunTime:0.0003s ]
SQL: SHOW COLUMNS FROM `doctor` [ RunTime:0.0068s ]
NOTIC: [8] Undefined index: validate D:\Xampp\xampp\htdocs\HOS\ThinkPHP\Library\Think\Model.class.php 第 1185 行.
NOTIC: [8] Undefined index: auto D:\Xampp\xampp\htdocs\HOS\ThinkPHP\Library\Think\Model.class.php 第 1128 行.
SQL: INSERT INTO `doctor` (`doc_code`,`doc_name`,`dep_code`,`doclevel_code`,`doc_pwd`,`doc_tel`,`hos_code`) VALUES ('QH001D003','魏良洲','1NK001','4','123','17865678765','QH001') [ RunTime:0.0055s ]
INFO: [ app_end ] --START--
INFO: Run Behavior\ShowPageTraceBehavior [ RunTime:0.001322s ]
INFO: [ app_end ] --END-- [ RunTime:0.001375s ]

[ 2017-11-09T15:55:24+08:00 ] ::1 /HOS/Hos/Doctor/lst
INFO: [ app_init ] --START--
INFO: Run Behavior\BuildLiteBehavior [ RunTime:0.000012s ]
INFO: [ app_init ] --END-- [ RunTime:0.000522s ]
INFO: [ app_begin ] --START--
INFO: Run Behavior\ReadHtmlCacheBehavior [ RunTime:0.000729s ]
INFO: [ app_begin ] --END-- [ RunTime:0.000768s ]
SQL: SHOW COLUMNS FROM `hospital` [ RunTime:0.0060s ]
SQL: SELECT hospital.hos_code FROM `hospital` INNER JOIN hos_admin on hospital.hos_code=hos_admin.hos_code  WHERE ( hos_admin.hosadmin_name='HA001' ) LIMIT 1   [ RunTime:0.0003s ]
SQL: SHOW COLUMNS FROM `department` [ RunTime:0.0075s ]
SQL: SELECT * FROM `department` WHERE ( hos_code='QH001' )  [ RunTime:0.0005s ]
SQL: SHOW COLUMNS FROM `doc_level` [ RunTime:0.0061s ]
SQL: SELECT * FROM `doc_level`  [ RunTime:0.0003s ]
SQL: SELECT * FROM doctor join department on doctor.hos_code=department.hos_code and doctor.dep_code=department.dep_code join doc_level on doctor.doclevel_code=doc_level.doclevel_code where doctor.hos_code='QH001'  order by doctor.doc_code  [ RunTime:0.0005s ]
SQL: SELECT * FROM doctor join department on doctor.hos_code=department.hos_code and doctor.dep_code=department.dep_code join doc_level on doctor.doclevel_code=doc_level.doclevel_code where doctor.hos_code='QH001'  order by doctor.doc_code  [ RunTime:0.0006s ]
SQL: SELECT * FROM doctor join department on doctor.hos_code=department.hos_code and doctor.dep_code=department.dep_code join doc_level on doctor.doclevel_code=doc_level.doclevel_code where doctor.hos_code='QH001'  order by doctor.doc_code  limit 0,5 [ RunTime:0.0006s ]
INFO: [ view_parse ] --START--
INFO: [ template_filter ] --START--
INFO: Run Behavior\ContentReplaceBehavior [ RunTime:0.000087s ]
INFO: [ template_filter ] --END-- [ RunTime:0.000129s ]
INFO: Run Behavior\ParseTemplateBehavior [ RunTime:0.013479s ]
INFO: [ view_parse ] --END-- [ RunTime:0.013529s ]
INFO: [ view_filter ] --START--
INFO: Run Behavior\WriteHtmlCacheBehavior [ RunTime:0.000586s ]
INFO: [ view_filter ] --END-- [ RunTime:0.000619s ]
INFO: [ app_end ] --START--
INFO: Run Behavior\ShowPageTraceBehavior [ RunTime:0.001069s ]
INFO: [ app_end ] --END-- [ RunTime:0.001125s ]

[ 2017-11-09T15:55:30+08:00 ] ::1 /HOS/Hos/Doctor/add
INFO: [ app_init ] --START--
INFO: Run Behavior\BuildLiteBehavior [ RunTime:0.000011s ]
INFO: [ app_init ] --END-- [ RunTime:0.000469s ]
INFO: [ app_begin ] --START--
INFO: Run Behavior\ReadHtmlCacheBehavior [ RunTime:0.000710s ]
INFO: [ app_begin ] --END-- [ RunTime:0.000749s ]
SQL: SHOW COLUMNS FROM `hospital` [ RunTime:0.0070s ]
SQL: SELECT hospital.hos_code FROM `hospital` INNER JOIN hos_admin on hospital.hos_code=hos_admin.hos_code  WHERE ( hos_admin.hosadmin_name='HA001' ) LIMIT 1   [ RunTime:0.0003s ]
SQL: SHOW COLUMNS FROM `department` [ RunTime:0.0060s ]
SQL: SELECT * FROM `department` WHERE ( hos_code='QH001' )  [ RunTime:0.0004s ]
SQL: SHOW COLUMNS FROM `doc_level` [ RunTime:0.0065s ]
SQL: SELECT * FROM `doc_level`  [ RunTime:0.0003s ]
INFO: [ view_parse ] --START--
INFO: [ template_filter ] --START--
INFO: Run Behavior\ContentReplaceBehavior [ RunTime:0.000056s ]
INFO: [ template_filter ] --END-- [ RunTime:0.000092s ]
INFO: Run Behavior\ParseTemplateBehavior [ RunTime:0.008195s ]
INFO: [ view_parse ] --END-- [ RunTime:0.008239s ]
INFO: [ view_filter ] --START--
INFO: Run Behavior\WriteHtmlCacheBehavior [ RunTime:0.000580s ]
INFO: [ view_filter ] --END-- [ RunTime:0.000612s ]
INFO: [ app_end ] --START--
INFO: Run Behavior\ShowPageTraceBehavior [ RunTime:0.000739s ]
INFO: [ app_end ] --END-- [ RunTime:0.000773s ]

[ 2017-11-09T15:56:08+08:00 ] ::1 /HOS/Hos/Doctor/add
INFO: [ app_init ] --START--
INFO: Run Behavior\BuildLiteBehavior [ RunTime:0.000020s ]
INFO: [ app_init ] --END-- [ RunTime:0.000760s ]
INFO: [ app_begin ] --START--
INFO: Run Behavior\ReadHtmlCacheBehavior [ RunTime:0.000761s ]
INFO: [ app_begin ] --END-- [ RunTime:0.000806s ]
SQL: SHOW COLUMNS FROM `doctor` [ RunTime:0.0068s ]
SQL: SELECT * FROM `doctor` WHERE ( doc_code='QH001D004' ) LIMIT 1   [ RunTime:0.0003s ]
SQL: SHOW COLUMNS FROM `hospital` [ RunTime:0.0062s ]
SQL: SELECT hospital.hos_code FROM `hospital` INNER JOIN hos_admin on hospital.hos_code=hos_admin.hos_code  WHERE ( hos_admin.hosadmin_name='HA001' ) LIMIT 1   [ RunTime:0.0003s ]
SQL: SHOW COLUMNS FROM `doctor` [ RunTime:0.0069s ]
NOTIC: [8] Undefined index: validate D:\Xampp\xampp\htdocs\HOS\ThinkPHP\Library\Think\Model.class.php 第 1185 行.
NOTIC: [8] Undefined index: auto D:\Xampp\xampp\htdocs\HOS\ThinkPHP\Library\Think\Model.class.php 第 1128 行.
SQL: INSERT INTO `doctor` (`doc_code`,`doc_name`,`dep_code`,`doclevel_code`,`doc_pwd`,`doc_tel`,`hos_code`) VALUES ('QH001D004','张翠萍','1NK001','4','123','17898767653','QH001') [ RunTime:0.0051s ]
INFO: [ app_end ] --START--
INFO: Run Behavior\ShowPageTraceBehavior [ RunTime:0.001238s ]
INFO: [ app_end ] --END-- [ RunTime:0.001288s ]

[ 2017-11-09T15:56:08+08:00 ] ::1 /HOS/Hos/Doctor/lst
INFO: [ app_init ] --START--
INFO: Run Behavior\BuildLiteBehavior [ RunTime:0.000012s ]
INFO: [ app_init ] --END-- [ RunTime:0.000477s ]
INFO: [ app_begin ] --START--
INFO: Run Behavior\ReadHtmlCacheBehavior [ RunTime:0.000736s ]
INFO: [ app_begin ] --END-- [ RunTime:0.000780s ]
SQL: SHOW COLUMNS FROM `hospital` [ RunTime:0.0069s ]
SQL: SELECT hospital.hos_code FROM `hospital` INNER JOIN hos_admin on hospital.hos_code=hos_admin.hos_code  WHERE ( hos_admin.hosadmin_name='HA001' ) LIMIT 1   [ RunTime:0.0003s ]
SQL: SHOW COLUMNS FROM `department` [ RunTime:0.0062s ]
SQL: SELECT * FROM `department` WHERE ( hos_code='QH001' )  [ RunTime:0.0004s ]
SQL: SHOW COLUMNS FROM `doc_level` [ RunTime:0.0073s ]
SQL: SELECT * FROM `doc_level`  [ RunTime:0.0003s ]
SQL: SELECT * FROM doctor join department on doctor.hos_code=department.hos_code and doctor.dep_code=department.dep_code join doc_level on doctor.doclevel_code=doc_level.doclevel_code where doctor.hos_code='QH001'  order by doctor.doc_code  [ RunTime:0.0007s ]
SQL: SELECT * FROM doctor join department on doctor.hos_code=department.hos_code and doctor.dep_code=department.dep_code join doc_level on doctor.doclevel_code=doc_level.doclevel_code where doctor.hos_code='QH001'  order by doctor.doc_code  [ RunTime:0.0006s ]
SQL: SELECT * FROM doctor join department on doctor.hos_code=department.hos_code and doctor.dep_code=department.dep_code join doc_level on doctor.doclevel_code=doc_level.doclevel_code where doctor.hos_code='QH001'  order by doctor.doc_code  limit 0,5 [ RunTime:0.0006s ]
INFO: [ view_parse ] --START--
INFO: [ template_filter ] --START--
INFO: Run Behavior\ContentReplaceBehavior [ RunTime:0.000215s ]
INFO: [ template_filter ] --END-- [ RunTime:0.000374s ]
INFO: Run Behavior\ParseTemplateBehavior [ RunTime:0.016033s ]
INFO: [ view_parse ] --END-- [ RunTime:0.016085s ]
INFO: [ view_filter ] --START--
INFO: Run Behavior\WriteHtmlCacheBehavior [ RunTime:0.000534s ]
INFO: [ view_filter ] --END-- [ RunTime:0.000574s ]
INFO: [ app_end ] --START--
INFO: Run Behavior\ShowPageTraceBehavior [ RunTime:0.000702s ]
INFO: [ app_end ] --END-- [ RunTime:0.000741s ]

[ 2017-11-09T15:56:10+08:00 ] ::1 /HOS/Hos/Doctor/add
INFO: [ app_init ] --START--
INFO: Run Behavior\BuildLiteBehavior [ RunTime:0.000013s ]
INFO: [ app_init ] --END-- [ RunTime:0.000559s ]
INFO: [ app_begin ] --START--
INFO: Run Behavior\ReadHtmlCacheBehavior [ RunTime:0.000727s ]
INFO: [ app_begin ] --END-- [ RunTime:0.000769s ]
SQL: SHOW COLUMNS FROM `hospital` [ RunTime:0.0062s ]
SQL: SELECT hospital.hos_code FROM `hospital` INNER JOIN hos_admin on hospital.hos_code=hos_admin.hos_code  WHERE ( hos_admin.hosadmin_name='HA001' ) LIMIT 1   [ RunTime:0.0003s ]
SQL: SHOW COLUMNS FROM `department` [ RunTime:0.0060s ]
SQL: SELECT * FROM `department` WHERE ( hos_code='QH001' )  [ RunTime:0.0004s ]
SQL: SHOW COLUMNS FROM `doc_level` [ RunTime:0.0063s ]
SQL: SELECT * FROM `doc_level`  [ RunTime:0.0003s ]
INFO: [ view_parse ] --START--
INFO: [ template_filter ] --START--
INFO: Run Behavior\ContentReplaceBehavior [ RunTime:0.000058s ]
INFO: [ template_filter ] --END-- [ RunTime:0.000094s ]
INFO: Run Behavior\ParseTemplateBehavior [ RunTime:0.008241s ]
INFO: [ view_parse ] --END-- [ RunTime:0.008286s ]
INFO: [ view_filter ] --START--
INFO: Run Behavior\WriteHtmlCacheBehavior [ RunTime:0.000595s ]
INFO: [ view_filter ] --END-- [ RunTime:0.000627s ]
INFO: [ app_end ] --START--
INFO: Run Behavior\ShowPageTraceBehavior [ RunTime:0.000704s ]
INFO: [ app_end ] --END-- [ RunTime:0.000736s ]

[ 2017-11-09T15:56:58+08:00 ] ::1 /HOS/Hos/Doctor/add
INFO: [ app_init ] --START--
INFO: Run Behavior\BuildLiteBehavior [ RunTime:0.000010s ]
INFO: [ app_init ] --END-- [ RunTime:0.000460s ]
INFO: [ app_begin ] --START--
INFO: Run Behavior\ReadHtmlCacheBehavior [ RunTime:0.000655s ]
INFO: [ app_begin ] --END-- [ RunTime:0.000691s ]
SQL: SHOW COLUMNS FROM `doctor` [ RunTime:0.0066s ]
SQL: SELECT * FROM `doctor` WHERE ( doc_code='QH001D005' ) LIMIT 1   [ RunTime:0.0003s ]
SQL: SHOW COLUMNS FROM `hospital` [ RunTime:0.0063s ]
SQL: SELECT hospital.hos_code FROM `hospital` INNER JOIN hos_admin on hospital.hos_code=hos_admin.hos_code  WHERE ( hos_admin.hosadmin_name='HA001' ) LIMIT 1   [ RunTime:0.0003s ]
SQL: SHOW COLUMNS FROM `doctor` [ RunTime:0.0077s ]
NOTIC: [8] Undefined index: validate D:\Xampp\xampp\htdocs\HOS\ThinkPHP\Library\Think\Model.class.php 第 1185 行.
NOTIC: [8] Undefined index: auto D:\Xampp\xampp\htdocs\HOS\ThinkPHP\Library\Think\Model.class.php 第 1128 行.
SQL: INSERT INTO `doctor` (`doc_code`,`doc_name`,`dep_code`,`doclevel_code`,`doc_pwd`,`doc_tel`,`hos_code`) VALUES ('QH001D005','荆雪','1NK001','3','123','17876776899','QH001') [ RunTime:0.0057s ]
INFO: [ app_end ] --START--
INFO: Run Behavior\ShowPageTraceBehavior [ RunTime:0.001199s ]
INFO: [ app_end ] --END-- [ RunTime:0.001242s ]

[ 2017-11-09T15:56:58+08:00 ] ::1 /HOS/Hos/Doctor/lst
INFO: [ app_init ] --START--
INFO: Run Behavior\BuildLiteBehavior [ RunTime:0.000010s ]
INFO: [ app_init ] --END-- [ RunTime:0.000498s ]
INFO: [ app_begin ] --START--
INFO: Run Behavior\ReadHtmlCacheBehavior [ RunTime:0.000676s ]
INFO: [ app_begin ] --END-- [ RunTime:0.000715s ]
SQL: SHOW COLUMNS FROM `hospital` [ RunTime:0.0064s ]
SQL: SELECT hospital.hos_code FROM `hospital` INNER JOIN hos_admin on hospital.hos_code=hos_admin.hos_code  WHERE ( hos_admin.hosadmin_name='HA001' ) LIMIT 1   [ RunTime:0.0004s ]
SQL: SHOW COLUMNS FROM `department` [ RunTime:0.0073s ]
SQL: SELECT * FROM `department` WHERE ( hos_code='QH001' )  [ RunTime:0.0005s ]
SQL: SHOW COLUMNS FROM `doc_level` [ RunTime:0.0064s ]
SQL: SELECT * FROM `doc_level`  [ RunTime:0.0002s ]
SQL: SELECT * FROM doctor join department on doctor.hos_code=department.hos_code and doctor.dep_code=department.dep_code join doc_level on doctor.doclevel_code=doc_level.doclevel_code where doctor.hos_code='QH001'  order by doctor.doc_code  [ RunTime:0.0005s ]
SQL: SELECT * FROM doctor join department on doctor.hos_code=department.hos_code and doctor.dep_code=department.dep_code join doc_level on doctor.doclevel_code=doc_level.doclevel_code where doctor.hos_code='QH001'  order by doctor.doc_code  [ RunTime:0.0005s ]
SQL: SELECT * FROM doctor join department on doctor.hos_code=department.hos_code and doctor.dep_code=department.dep_code join doc_level on doctor.doclevel_code=doc_level.doclevel_code where doctor.hos_code='QH001'  order by doctor.doc_code  limit 0,5 [ RunTime:0.0005s ]
INFO: [ view_parse ] --START--
INFO: [ template_filter ] --START--
INFO: Run Behavior\ContentReplaceBehavior [ RunTime:0.000094s ]
INFO: [ template_filter ] --END-- [ RunTime:0.000149s ]
INFO: Run Behavior\ParseTemplateBehavior [ RunTime:0.013258s ]
INFO: [ view_parse ] --END-- [ RunTime:0.013302s ]
INFO: [ view_filter ] --START--
INFO: Run Behavior\WriteHtmlCacheBehavior [ RunTime:0.000605s ]
INFO: [ view_filter ] --END-- [ RunTime:0.000635s ]
INFO: [ app_end ] --START--
INFO: Run Behavior\ShowPageTraceBehavior [ RunTime:0.000788s ]
INFO: [ app_end ] --END-- [ RunTime:0.000830s ]

[ 2017-11-09T15:57:01+08:00 ] ::1 /HOS/Hos/Doctor/add
INFO: [ app_init ] --START--
INFO: Run Behavior\BuildLiteBehavior [ RunTime:0.000011s ]
INFO: [ app_init ] --END-- [ RunTime:0.000439s ]
INFO: [ app_begin ] --START--
INFO: Run Behavior\ReadHtmlCacheBehavior [ RunTime:0.000711s ]
INFO: [ app_begin ] --END-- [ RunTime:0.000772s ]
SQL: SHOW COLUMNS FROM `hospital` [ RunTime:0.0073s ]
SQL: SELECT hospital.hos_code FROM `hospital` INNER JOIN hos_admin on hospital.hos_code=hos_admin.hos_code  WHERE ( hos_admin.hosadmin_name='HA001' ) LIMIT 1   [ RunTime:0.0003s ]
SQL: SHOW COLUMNS FROM `department` [ RunTime:0.0070s ]
SQL: SELECT * FROM `department` WHERE ( hos_code='QH001' )  [ RunTime:0.0004s ]
SQL: SHOW COLUMNS FROM `doc_level` [ RunTime:0.0073s ]
SQL: SELECT * FROM `doc_level`  [ RunTime:0.0003s ]
INFO: [ view_parse ] --START--
INFO: [ template_filter ] --START--
INFO: Run Behavior\ContentReplaceBehavior [ RunTime:0.000059s ]
INFO: [ template_filter ] --END-- [ RunTime:0.000098s ]
INFO: Run Behavior\ParseTemplateBehavior [ RunTime:0.008496s ]
INFO: [ view_parse ] --END-- [ RunTime:0.008541s ]
INFO: [ view_filter ] --START--
INFO: Run Behavior\WriteHtmlCacheBehavior [ RunTime:0.000618s ]
INFO: [ view_filter ] --END-- [ RunTime:0.000656s ]
INFO: [ app_end ] --START--
INFO: Run Behavior\ShowPageTraceBehavior [ RunTime:0.000930s ]
INFO: [ app_end ] --END-- [ RunTime:0.000969s ]

[ 2017-11-09T15:57:43+08:00 ] ::1 /HOS/Hos/Doctor/add
INFO: [ app_init ] --START--
INFO: Run Behavior\BuildLiteBehavior [ RunTime:0.000011s ]
INFO: [ app_init ] --END-- [ RunTime:0.000410s ]
INFO: [ app_begin ] --START--
INFO: Run Behavior\ReadHtmlCacheBehavior [ RunTime:0.000679s ]
INFO: [ app_begin ] --END-- [ RunTime:0.000721s ]
SQL: SHOW COLUMNS FROM `doctor` [ RunTime:0.0068s ]
SQL: SELECT * FROM `doctor` WHERE ( doc_code='QH001D006' ) LIMIT 1   [ RunTime:0.0003s ]
SQL: SHOW COLUMNS FROM `hospital` [ RunTime:0.0063s ]
SQL: SELECT hospital.hos_code FROM `hospital` INNER JOIN hos_admin on hospital.hos_code=hos_admin.hos_code  WHERE ( hos_admin.hosadmin_name='HA001' ) LIMIT 1   [ RunTime:0.0004s ]
SQL: SHOW COLUMNS FROM `doctor` [ RunTime:0.0072s ]
NOTIC: [8] Undefined index: validate D:\Xampp\xampp\htdocs\HOS\ThinkPHP\Library\Think\Model.class.php 第 1185 行.
NOTIC: [8] Undefined index: auto D:\Xampp\xampp\htdocs\HOS\ThinkPHP\Library\Think\Model.class.php 第 1128 行.
SQL: INSERT INTO `doctor` (`doc_code`,`doc_name`,`dep_code`,`doclevel_code`,`doc_pwd`,`doc_tel`,`hos_code`) VALUES ('QH001D006','刘华','1NK001','3','123','17866666666','QH001') [ RunTime:0.0054s ]
INFO: [ app_end ] --START--
INFO: Run Behavior\ShowPageTraceBehavior [ RunTime:0.001262s ]
INFO: [ app_end ] --END-- [ RunTime:0.001309s ]

[ 2017-11-09T15:57:43+08:00 ] ::1 /HOS/Hos/Doctor/lst
INFO: [ app_init ] --START--
INFO: Run Behavior\BuildLiteBehavior [ RunTime:0.000011s ]
INFO: [ app_init ] --END-- [ RunTime:0.000484s ]
INFO: [ app_begin ] --START--
INFO: Run Behavior\ReadHtmlCacheBehavior [ RunTime:0.000672s ]
INFO: [ app_begin ] --END-- [ RunTime:0.000711s ]
SQL: SHOW COLUMNS FROM `hospital` [ RunTime:0.0059s ]
SQL: SELECT hospital.hos_code FROM `hospital` INNER JOIN hos_admin on hospital.hos_code=hos_admin.hos_code  WHERE ( hos_admin.hosadmin_name='HA001' ) LIMIT 1   [ RunTime:0.0003s ]
SQL: SHOW COLUMNS FROM `department` [ RunTime:0.0070s ]
SQL: SELECT * FROM `department` WHERE ( hos_code='QH001' )  [ RunTime:0.0005s ]
SQL: SHOW COLUMNS FROM `doc_level` [ RunTime:0.0061s ]
SQL: SELECT * FROM `doc_level`  [ RunTime:0.0003s ]
SQL: SELECT * FROM doctor join department on doctor.hos_code=department.hos_code and doctor.dep_code=department.dep_code join doc_level on doctor.doclevel_code=doc_level.doclevel_code where doctor.hos_code='QH001'  order by doctor.doc_code  [ RunTime:0.0006s ]
SQL: SELECT * FROM doctor join department on doctor.hos_code=department.hos_code and doctor.dep_code=department.dep_code join doc_level on doctor.doclevel_code=doc_level.doclevel_code where doctor.hos_code='QH001'  order by doctor.doc_code  [ RunTime:0.0007s ]
SQL: SELECT * FROM doctor join department on doctor.hos_code=department.hos_code and doctor.dep_code=department.dep_code join doc_level on doctor.doclevel_code=doc_level.doclevel_code where doctor.hos_code='QH001'  order by doctor.doc_code  limit 0,5 [ RunTime:0.0007s ]
INFO: [ view_parse ] --START--
INFO: [ template_filter ] --START--
INFO: Run Behavior\ContentReplaceBehavior [ RunTime:0.000086s ]
INFO: [ template_filter ] --END-- [ RunTime:0.000128s ]
INFO: Run Behavior\ParseTemplateBehavior [ RunTime:0.012748s ]
INFO: [ view_parse ] --END-- [ RunTime:0.012798s ]
INFO: [ view_filter ] --START--
INFO: Run Behavior\WriteHtmlCacheBehavior [ RunTime:0.000566s ]
INFO: [ view_filter ] --END-- [ RunTime:0.000597s ]
INFO: [ app_end ] --START--
INFO: Run Behavior\ShowPageTraceBehavior [ RunTime:0.000722s ]
INFO: [ app_end ] --END-- [ RunTime:0.000762s ]

[ 2017-11-09T15:57:46+08:00 ] ::1 /HOS/Hos/Doctor/lst?dep_code=1NK001&doclevel_code=null
INFO: [ app_init ] --START--
INFO: Run Behavior\BuildLiteBehavior [ RunTime:0.000010s ]
INFO: [ app_init ] --END-- [ RunTime:0.000492s ]
INFO: [ app_begin ] --START--
INFO: Run Behavior\ReadHtmlCacheBehavior [ RunTime:0.000859s ]
INFO: [ app_begin ] --END-- [ RunTime:0.000923s ]
SQL: SHOW COLUMNS FROM `hospital` [ RunTime:0.0079s ]
SQL: SELECT hospital.hos_code FROM `hospital` INNER JOIN hos_admin on hospital.hos_code=hos_admin.hos_code  WHERE ( hos_admin.hosadmin_name='HA001' ) LIMIT 1   [ RunTime:0.0004s ]
SQL: SHOW COLUMNS FROM `department` [ RunTime:0.0074s ]
SQL: SELECT * FROM `department` WHERE ( hos_code='QH001' )  [ RunTime:0.0004s ]
SQL: SHOW COLUMNS FROM `doc_level` [ RunTime:0.0077s ]
SQL: SELECT * FROM `doc_level`  [ RunTime:0.0003s ]
SQL: SELECT * FROM doctor join department on doctor.hos_code=department.hos_code and doctor.dep_code=department.dep_code join doc_level on doctor.doclevel_code=doc_level.doclevel_code where doctor.hos_code='QH001' and doctor.dep_code='1NK001'  order by doctor.doc_code  [ RunTime:0.0006s ]
SQL: SELECT * FROM doctor join department on doctor.hos_code=department.hos_code and doctor.dep_code=department.dep_code join doc_level on doctor.doclevel_code=doc_level.doclevel_code where doctor.hos_code='QH001' and doctor.dep_code='1NK001'  order by doctor.doc_code  [ RunTime:0.0006s ]
SQL: SELECT * FROM doctor join department on doctor.hos_code=department.hos_code and doctor.dep_code=department.dep_code join doc_level on doctor.doclevel_code=doc_level.doclevel_code where doctor.hos_code='QH001' and doctor.dep_code='1NK001'  order by doctor.doc_code  limit 0,5 [ RunTime:0.0007s ]
INFO: [ view_parse ] --START--
INFO: [ template_filter ] --START--
INFO: Run Behavior\ContentReplaceBehavior [ RunTime:0.000083s ]
INFO: [ template_filter ] --END-- [ RunTime:0.000119s ]
INFO: Run Behavior\ParseTemplateBehavior [ RunTime:0.013017s ]
INFO: [ view_parse ] --END-- [ RunTime:0.013074s ]
INFO: [ view_filter ] --START--
INFO: Run Behavior\WriteHtmlCacheBehavior [ RunTime:0.000638s ]
INFO: [ view_filter ] --END-- [ RunTime:0.000674s ]
INFO: [ app_end ] --START--
INFO: Run Behavior\ShowPageTraceBehavior [ RunTime:0.001018s ]
INFO: [ app_end ] --END-- [ RunTime:0.001061s ]

[ 2017-11-09T15:57:47+08:00 ] ::1 /HOS/index.php/Hos/Doctor/lst/dep_code/1NK001/doclevel_code/null/p/2.html
INFO: [ app_init ] --START--
INFO: Run Behavior\BuildLiteBehavior [ RunTime:0.000011s ]
INFO: [ app_init ] --END-- [ RunTime:0.000419s ]
INFO: [ app_begin ] --START--
INFO: Run Behavior\ReadHtmlCacheBehavior [ RunTime:0.000662s ]
INFO: [ app_begin ] --END-- [ RunTime:0.000705s ]
SQL: SHOW COLUMNS FROM `hospital` [ RunTime:0.0063s ]
SQL: SELECT hospital.hos_code FROM `hospital` INNER JOIN hos_admin on hospital.hos_code=hos_admin.hos_code  WHERE ( hos_admin.hosadmin_name='HA001' ) LIMIT 1   [ RunTime:0.0003s ]
SQL: SHOW COLUMNS FROM `department` [ RunTime:0.0068s ]
SQL: SELECT * FROM `department` WHERE ( hos_code='QH001' )  [ RunTime:0.0004s ]
SQL: SHOW COLUMNS FROM `doc_level` [ RunTime:0.0061s ]
SQL: SELECT * FROM `doc_level`  [ RunTime:0.0003s ]
SQL: SELECT * FROM doctor join department on doctor.hos_code=department.hos_code and doctor.dep_code=department.dep_code join doc_level on doctor.doclevel_code=doc_level.doclevel_code where doctor.hos_code='QH001' and doctor.dep_code='1NK001'  order by doctor.doc_code  [ RunTime:0.0006s ]
SQL: SELECT * FROM doctor join department on doctor.hos_code=department.hos_code and doctor.dep_code=department.dep_code join doc_level on doctor.doclevel_code=doc_level.doclevel_code where doctor.hos_code='QH001' and doctor.dep_code='1NK001'  order by doctor.doc_code  [ RunTime:0.0006s ]
SQL: SELECT * FROM doctor join department on doctor.hos_code=department.hos_code and doctor.dep_code=department.dep_code join doc_level on doctor.doclevel_code=doc_level.doclevel_code where doctor.hos_code='QH001' and doctor.dep_code='1NK001'  order by doctor.doc_code  limit 5,5 [ RunTime:0.0006s ]
INFO: [ view_parse ] --START--
INFO: [ template_filter ] --START--
INFO: Run Behavior\ContentReplaceBehavior [ RunTime:0.000086s ]
INFO: [ template_filter ] --END-- [ RunTime:0.000127s ]
INFO: Run Behavior\ParseTemplateBehavior [ RunTime:0.013024s ]
INFO: [ view_parse ] --END-- [ RunTime:0.013077s ]
INFO: [ view_filter ] --START--
INFO: Run Behavior\WriteHtmlCacheBehavior [ RunTime:0.000581s ]
INFO: [ view_filter ] --END-- [ RunTime:0.000613s ]
INFO: [ app_end ] --START--
INFO: Run Behavior\ShowPageTraceBehavior [ RunTime:0.000769s ]
INFO: [ app_end ] --END-- [ RunTime:0.000811s ]

[ 2017-11-09T15:57:50+08:00 ] ::1 /HOS/index.php/Hos/Doctor/lst/dep_code/1NK001/doclevel_code/null/p/1.html
INFO: [ app_init ] --START--
INFO: Run Behavior\BuildLiteBehavior [ RunTime:0.000011s ]
INFO: [ app_init ] --END-- [ RunTime:0.000509s ]
INFO: [ app_begin ] --START--
INFO: Run Behavior\ReadHtmlCacheBehavior [ RunTime:0.000695s ]
INFO: [ app_begin ] --END-- [ RunTime:0.000732s ]
SQL: SHOW COLUMNS FROM `hospital` [ RunTime:0.0060s ]
SQL: SELECT hospital.hos_code FROM `hospital` INNER JOIN hos_admin on hospital.hos_code=hos_admin.hos_code  WHERE ( hos_admin.hosadmin_name='HA001' ) LIMIT 1   [ RunTime:0.0003s ]
SQL: SHOW COLUMNS FROM `department` [ RunTime:0.0062s ]
SQL: SELECT * FROM `department` WHERE ( hos_code='QH001' )  [ RunTime:0.0004s ]
SQL: SHOW COLUMNS FROM `doc_level` [ RunTime:0.0064s ]
SQL: SELECT * FROM `doc_level`  [ RunTime:0.0003s ]
SQL: SELECT * FROM doctor join department on doctor.hos_code=department.hos_code and doctor.dep_code=department.dep_code join doc_level on doctor.doclevel_code=doc_level.doclevel_code where doctor.hos_code='QH001' and doctor.dep_code='1NK001'  order by doctor.doc_code  [ RunTime:0.0006s ]
SQL: SELECT * FROM doctor join department on doctor.hos_code=department.hos_code and doctor.dep_code=department.dep_code join doc_level on doctor.doclevel_code=doc_level.doclevel_code where doctor.hos_code='QH001' and doctor.dep_code='1NK001'  order by doctor.doc_code  [ RunTime:0.0006s ]
SQL: SELECT * FROM doctor join department on doctor.hos_code=department.hos_code and doctor.dep_code=department.dep_code join doc_level on doctor.doclevel_code=doc_level.doclevel_code where doctor.hos_code='QH001' and doctor.dep_code='1NK001'  order by doctor.doc_code  limit 0,5 [ RunTime:0.0006s ]
INFO: [ view_parse ] --START--
INFO: [ template_filter ] --START--
INFO: Run Behavior\ContentReplaceBehavior [ RunTime:0.000083s ]
INFO: [ template_filter ] --END-- [ RunTime:0.000124s ]
INFO: Run Behavior\ParseTemplateBehavior [ RunTime:0.013285s ]
INFO: [ view_parse ] --END-- [ RunTime:0.013335s ]
INFO: [ view_filter ] --START--
INFO: Run Behavior\WriteHtmlCacheBehavior [ RunTime:0.000598s ]
INFO: [ view_filter ] --END-- [ RunTime:0.000629s ]
INFO: [ app_end ] --START--
INFO: Run Behavior\ShowPageTraceBehavior [ RunTime:0.000781s ]
INFO: [ app_end ] --END-- [ RunTime:0.000822s ]

[ 2017-11-09T16:03:17+08:00 ] ::1 /HOS/Hos/Doctor/add
INFO: [ app_init ] --START--
INFO: Run Behavior\BuildLiteBehavior [ RunTime:0.000011s ]
INFO: [ app_init ] --END-- [ RunTime:0.000451s ]
INFO: [ app_begin ] --START--
INFO: Run Behavior\ReadHtmlCacheBehavior [ RunTime:0.000678s ]
INFO: [ app_begin ] --END-- [ RunTime:0.000713s ]
SQL: SHOW COLUMNS FROM `hospital` [ RunTime:0.0079s ]
SQL: SELECT hospital.hos_code FROM `hospital` INNER JOIN hos_admin on hospital.hos_code=hos_admin.hos_code  WHERE ( hos_admin.hosadmin_name='' ) LIMIT 1   [ RunTime:0.0003s ]
SQL: SHOW COLUMNS FROM `department` [ RunTime:0.0061s ]
SQL: SELECT * FROM `department` WHERE ( hos_code='' )  [ RunTime:0.0003s ]
SQL: SHOW COLUMNS FROM `doc_level` [ RunTime:0.0073s ]
SQL: SELECT * FROM `doc_level`  [ RunTime:0.0003s ]
INFO: [ view_parse ] --START--
INFO: [ template_filter ] --START--
INFO: Run Behavior\ContentReplaceBehavior [ RunTime:0.000058s ]
INFO: [ template_filter ] --END-- [ RunTime:0.000093s ]
INFO: Run Behavior\ParseTemplateBehavior [ RunTime:0.008332s ]
INFO: [ view_parse ] --END-- [ RunTime:0.008388s ]
INFO: [ view_filter ] --START--
INFO: Run Behavior\WriteHtmlCacheBehavior [ RunTime:0.000623s ]
INFO: [ view_filter ] --END-- [ RunTime:0.000652s ]
INFO: [ app_end ] --START--
INFO: Run Behavior\ShowPageTraceBehavior [ RunTime:0.000723s ]
INFO: [ app_end ] --END-- [ RunTime:0.000754s ]

[ 2017-11-09T16:03:59+08:00 ] ::1 /HOS/Hos/Doctor/lst
INFO: [ app_init ] --START--
INFO: Run Behavior\BuildLiteBehavior [ RunTime:0.000015s ]
INFO: [ app_init ] --END-- [ RunTime:0.000569s ]
INFO: [ app_begin ] --START--
INFO: Run Behavior\ReadHtmlCacheBehavior [ RunTime:0.001026s ]
INFO: [ app_begin ] --END-- [ RunTime:0.001108s ]
SQL: SHOW COLUMNS FROM `hospital` [ RunTime:0.0076s ]
SQL: SELECT hospital.hos_code FROM `hospital` INNER JOIN hos_admin on hospital.hos_code=hos_admin.hos_code  WHERE ( hos_admin.hosadmin_name='HA002' ) LIMIT 1   [ RunTime:0.0003s ]
SQL: SHOW COLUMNS FROM `department` [ RunTime:0.0068s ]
SQL: SELECT * FROM `department` WHERE ( hos_code='QH002' )  [ RunTime:0.0004s ]
SQL: SHOW COLUMNS FROM `doc_level` [ RunTime:0.0075s ]
SQL: SELECT * FROM `doc_level`  [ RunTime:0.0003s ]
SQL: SELECT * FROM doctor join department on doctor.hos_code=department.hos_code and doctor.dep_code=department.dep_code join doc_level on doctor.doclevel_code=doc_level.doclevel_code where doctor.hos_code='QH002'  order by doctor.doc_code  [ RunTime:0.0010s ]
SQL: SELECT * FROM doctor join department on doctor.hos_code=department.hos_code and doctor.dep_code=department.dep_code join doc_level on doctor.doclevel_code=doc_level.doclevel_code where doctor.hos_code='QH002'  order by doctor.doc_code  [ RunTime:0.0005s ]
SQL: SELECT * FROM doctor join department on doctor.hos_code=department.hos_code and doctor.dep_code=department.dep_code join doc_level on doctor.doclevel_code=doc_level.doclevel_code where doctor.hos_code='QH002'  order by doctor.doc_code  limit 0,5 [ RunTime:0.0004s ]
INFO: [ view_parse ] --START--
INFO: [ template_filter ] --START--
INFO: Run Behavior\ContentReplaceBehavior [ RunTime:0.000098s ]
INFO: [ template_filter ] --END-- [ RunTime:0.000148s ]
INFO: Run Behavior\ParseTemplateBehavior [ RunTime:0.012918s ]
INFO: [ view_parse ] --END-- [ RunTime:0.012982s ]
INFO: [ view_filter ] --START--
INFO: Run Behavior\WriteHtmlCacheBehavior [ RunTime:0.000690s ]
INFO: [ view_filter ] --END-- [ RunTime:0.000736s ]
INFO: [ app_end ] --START--
INFO: Run Behavior\ShowPageTraceBehavior [ RunTime:0.000810s ]
INFO: [ app_end ] --END-- [ RunTime:0.000871s ]

[ 2017-11-09T16:04:02+08:00 ] ::1 /HOS/Hos/Doctor/add
INFO: [ app_init ] --START--
INFO: Run Behavior\BuildLiteBehavior [ RunTime:0.000011s ]
INFO: [ app_init ] --END-- [ RunTime:0.000506s ]
INFO: [ app_begin ] --START--
INFO: Run Behavior\ReadHtmlCacheBehavior [ RunTime:0.000642s ]
INFO: [ app_begin ] --END-- [ RunTime:0.000679s ]
SQL: SHOW COLUMNS FROM `hospital` [ RunTime:0.0072s ]
SQL: SELECT hospital.hos_code FROM `hospital` INNER JOIN hos_admin on hospital.hos_code=hos_admin.hos_code  WHERE ( hos_admin.hosadmin_name='HA002' ) LIMIT 1   [ RunTime:0.0003s ]
SQL: SHOW COLUMNS FROM `department` [ RunTime:0.0093s ]
SQL: SELECT * FROM `department` WHERE ( hos_code='QH002' )  [ RunTime:0.0005s ]
SQL: SHOW COLUMNS FROM `doc_level` [ RunTime:0.0079s ]
SQL: SELECT * FROM `doc_level`  [ RunTime:0.0002s ]
INFO: [ view_parse ] --START--
INFO: [ template_filter ] --START--
INFO: Run Behavior\ContentReplaceBehavior [ RunTime:0.000059s ]
INFO: [ template_filter ] --END-- [ RunTime:0.000099s ]
INFO: Run Behavior\ParseTemplateBehavior [ RunTime:0.008780s ]
INFO: [ view_parse ] --END-- [ RunTime:0.008842s ]
INFO: [ view_filter ] --START--
INFO: Run Behavior\WriteHtmlCacheBehavior [ RunTime:0.000528s ]
INFO: [ view_filter ] --END-- [ RunTime:0.000558s ]
INFO: [ app_end ] --START--
INFO: Run Behavior\ShowPageTraceBehavior [ RunTime:0.000661s ]
INFO: [ app_end ] --END-- [ RunTime:0.000693s ]

[ 2017-11-09T16:04:58+08:00 ] ::1 /HOS/Hos/Doctor/add
INFO: [ app_init ] --START--
INFO: Run Behavior\BuildLiteBehavior [ RunTime:0.000010s ]
INFO: [ app_init ] --END-- [ RunTime:0.000487s ]
INFO: [ app_begin ] --START--
INFO: Run Behavior\ReadHtmlCacheBehavior [ RunTime:0.000659s ]
INFO: [ app_begin ] --END-- [ RunTime:0.000696s ]
SQL: SHOW COLUMNS FROM `doctor` [ RunTime:0.0061s ]
SQL: SELECT * FROM `doctor` WHERE ( doc_code='QH002D001' ) LIMIT 1   [ RunTime:0.0003s ]
SQL: SHOW COLUMNS FROM `hospital` [ RunTime:0.0069s ]
SQL: SELECT hospital.hos_code FROM `hospital` INNER JOIN hos_admin on hospital.hos_code=hos_admin.hos_code  WHERE ( hos_admin.hosadmin_name='HA002' ) LIMIT 1   [ RunTime:0.0003s ]
SQL: SHOW COLUMNS FROM `doctor` [ RunTime:0.0066s ]
NOTIC: [8] Undefined index: validate D:\Xampp\xampp\htdocs\HOS\ThinkPHP\Library\Think\Model.class.php 第 1185 行.
NOTIC: [8] Undefined index: auto D:\Xampp\xampp\htdocs\HOS\ThinkPHP\Library\Think\Model.class.php 第 1128 行.
SQL: INSERT INTO `doctor` (`doc_code`,`doc_name`,`dep_code`,`doclevel_code`,`doc_pwd`,`doc_tel`,`hos_code`) VALUES ('QH002D001','綦淑杰','1NK001','4','123','17878787896','QH002') [ RunTime:0.0055s ]
INFO: [ app_end ] --START--
INFO: Run Behavior\ShowPageTraceBehavior [ RunTime:0.001664s ]
INFO: [ app_end ] --END-- [ RunTime:0.001790s ]

[ 2017-11-09T16:04:59+08:00 ] ::1 /HOS/Hos/Doctor/lst
INFO: [ app_init ] --START--
INFO: Run Behavior\BuildLiteBehavior [ RunTime:0.000011s ]
INFO: [ app_init ] --END-- [ RunTime:0.000511s ]
INFO: [ app_begin ] --START--
INFO: Run Behavior\ReadHtmlCacheBehavior [ RunTime:0.000591s ]
INFO: [ app_begin ] --END-- [ RunTime:0.000630s ]
SQL: SHOW COLUMNS FROM `hospital` [ RunTime:0.0060s ]
SQL: SELECT hospital.hos_code FROM `hospital` INNER JOIN hos_admin on hospital.hos_code=hos_admin.hos_code  WHERE ( hos_admin.hosadmin_name='HA002' ) LIMIT 1   [ RunTime:0.0003s ]
SQL: SHOW COLUMNS FROM `department` [ RunTime:0.0080s ]
SQL: SELECT * FROM `department` WHERE ( hos_code='QH002' )  [ RunTime:0.0005s ]
SQL: SHOW COLUMNS FROM `doc_level` [ RunTime:0.0063s ]
SQL: SELECT * FROM `doc_level`  [ RunTime:0.0003s ]
SQL: SELECT * FROM doctor join department on doctor.hos_code=department.hos_code and doctor.dep_code=department.dep_code join doc_level on doctor.doclevel_code=doc_level.doclevel_code where doctor.hos_code='QH002'  order by doctor.doc_code  [ RunTime:0.0005s ]
SQL: SELECT * FROM doctor join department on doctor.hos_code=department.hos_code and doctor.dep_code=department.dep_code join doc_level on doctor.doclevel_code=doc_level.doclevel_code where doctor.hos_code='QH002'  order by doctor.doc_code  [ RunTime:0.0006s ]
SQL: SELECT * FROM doctor join department on doctor.hos_code=department.hos_code and doctor.dep_code=department.dep_code join doc_level on doctor.doclevel_code=doc_level.doclevel_code where doctor.hos_code='QH002'  order by doctor.doc_code  limit 0,5 [ RunTime:0.0006s ]
INFO: [ view_parse ] --START--
INFO: [ template_filter ] --START--
INFO: Run Behavior\ContentReplaceBehavior [ RunTime:0.000083s ]
INFO: [ template_filter ] --END-- [ RunTime:0.000125s ]
INFO: Run Behavior\ParseTemplateBehavior [ RunTime:0.012601s ]
INFO: [ view_parse ] --END-- [ RunTime:0.012663s ]
INFO: [ view_filter ] --START--
INFO: Run Behavior\WriteHtmlCacheBehavior [ RunTime:0.000596s ]
INFO: [ view_filter ] --END-- [ RunTime:0.000637s ]
INFO: [ app_end ] --START--
INFO: Run Behavior\ShowPageTraceBehavior [ RunTime:0.000674s ]
INFO: [ app_end ] --END-- [ RunTime:0.000719s ]

[ 2017-11-09T16:05:00+08:00 ] ::1 /HOS/Hos/Doctor/add
INFO: [ app_init ] --START--
INFO: Run Behavior\BuildLiteBehavior [ RunTime:0.000012s ]
INFO: [ app_init ] --END-- [ RunTime:0.000583s ]
INFO: [ app_begin ] --START--
INFO: Run Behavior\ReadHtmlCacheBehavior [ RunTime:0.000665s ]
INFO: [ app_begin ] --END-- [ RunTime:0.000702s ]
SQL: SHOW COLUMNS FROM `hospital` [ RunTime:0.0062s ]
SQL: SELECT hospital.hos_code FROM `hospital` INNER JOIN hos_admin on hospital.hos_code=hos_admin.hos_code  WHERE ( hos_admin.hosadmin_name='HA002' ) LIMIT 1   [ RunTime:0.0003s ]
SQL: SHOW COLUMNS FROM `department` [ RunTime:0.0072s ]
SQL: SELECT * FROM `department` WHERE ( hos_code='QH002' )  [ RunTime:0.0005s ]
SQL: SHOW COLUMNS FROM `doc_level` [ RunTime:0.0064s ]
SQL: SELECT * FROM `doc_level`  [ RunTime:0.0003s ]
INFO: [ view_parse ] --START--
INFO: [ template_filter ] --START--
INFO: Run Behavior\ContentReplaceBehavior [ RunTime:0.000064s ]
INFO: [ template_filter ] --END-- [ RunTime:0.000113s ]
INFO: Run Behavior\ParseTemplateBehavior [ RunTime:0.009566s ]
INFO: [ view_parse ] --END-- [ RunTime:0.009638s ]
INFO: [ view_filter ] --START--
INFO: Run Behavior\WriteHtmlCacheBehavior [ RunTime:0.000507s ]
INFO: [ view_filter ] --END-- [ RunTime:0.000538s ]
INFO: [ app_end ] --START--
INFO: Run Behavior\ShowPageTraceBehavior [ RunTime:0.000643s ]
INFO: [ app_end ] --END-- [ RunTime:0.000677s ]

[ 2017-11-09T16:05:50+08:00 ] ::1 /HOS/Hos/Doctor/add
INFO: [ app_init ] --START--
INFO: Run Behavior\BuildLiteBehavior [ RunTime:0.000009s ]
INFO: [ app_init ] --END-- [ RunTime:0.000458s ]
INFO: [ app_begin ] --START--
INFO: Run Behavior\ReadHtmlCacheBehavior [ RunTime:0.000632s ]
INFO: [ app_begin ] --END-- [ RunTime:0.000669s ]
SQL: SHOW COLUMNS FROM `doctor` [ RunTime:0.0061s ]
SQL: SELECT * FROM `doctor` WHERE ( doc_code='QH002D002' ) LIMIT 1   [ RunTime:0.0003s ]
SQL: SHOW COLUMNS FROM `hospital` [ RunTime:0.0072s ]
SQL: SELECT hospital.hos_code FROM `hospital` INNER JOIN hos_admin on hospital.hos_code=hos_admin.hos_code  WHERE ( hos_admin.hosadmin_name='HA002' ) LIMIT 1   [ RunTime:0.0004s ]
SQL: SHOW COLUMNS FROM `doctor` [ RunTime:0.0068s ]
NOTIC: [8] Undefined index: validate D:\Xampp\xampp\htdocs\HOS\ThinkPHP\Library\Think\Model.class.php 第 1185 行.
NOTIC: [8] Undefined index: auto D:\Xampp\xampp\htdocs\HOS\ThinkPHP\Library\Think\Model.class.php 第 1128 行.
SQL: INSERT INTO `doctor` (`doc_code`,`doc_name`,`dep_code`,`doclevel_code`,`doc_pwd`,`doc_tel`,`hos_code`) VALUES ('QH002D002','赵翠梅','1NK001','2','123','17867878786','QH002') [ RunTime:0.0186s ]
INFO: [ app_end ] --START--
INFO: Run Behavior\ShowPageTraceBehavior [ RunTime:0.001454s ]
INFO: [ app_end ] --END-- [ RunTime:0.001511s ]

[ 2017-11-09T16:05:50+08:00 ] ::1 /HOS/Hos/Doctor/lst
INFO: [ app_init ] --START--
INFO: Run Behavior\BuildLiteBehavior [ RunTime:0.000010s ]
INFO: [ app_init ] --END-- [ RunTime:0.000485s ]
INFO: [ app_begin ] --START--
INFO: Run Behavior\ReadHtmlCacheBehavior [ RunTime:0.000645s ]
INFO: [ app_begin ] --END-- [ RunTime:0.000684s ]
SQL: SHOW COLUMNS FROM `hospital` [ RunTime:0.0064s ]
SQL: SELECT hospital.hos_code FROM `hospital` INNER JOIN hos_admin on hospital.hos_code=hos_admin.hos_code  WHERE ( hos_admin.hosadmin_name='HA002' ) LIMIT 1   [ RunTime:0.0003s ]
SQL: SHOW COLUMNS FROM `department` [ RunTime:0.0076s ]
SQL: SELECT * FROM `department` WHERE ( hos_code='QH002' )  [ RunTime:0.0004s ]
SQL: SHOW COLUMNS FROM `doc_level` [ RunTime:0.0065s ]
SQL: SELECT * FROM `doc_level`  [ RunTime:0.0003s ]
SQL: SELECT * FROM doctor join department on doctor.hos_code=department.hos_code and doctor.dep_code=department.dep_code join doc_level on doctor.doclevel_code=doc_level.doclevel_code where doctor.hos_code='QH002'  order by doctor.doc_code  [ RunTime:0.0005s ]
SQL: SELECT * FROM doctor join department on doctor.hos_code=department.hos_code and doctor.dep_code=department.dep_code join doc_level on doctor.doclevel_code=doc_level.doclevel_code where doctor.hos_code='QH002'  order by doctor.doc_code  [ RunTime:0.0006s ]
SQL: SELECT * FROM doctor join department on doctor.hos_code=department.hos_code and doctor.dep_code=department.dep_code join doc_level on doctor.doclevel_code=doc_level.doclevel_code where doctor.hos_code='QH002'  order by doctor.doc_code  limit 0,5 [ RunTime:0.0004s ]
INFO: [ view_parse ] --START--
INFO: [ template_filter ] --START--
INFO: Run Behavior\ContentReplaceBehavior [ RunTime:0.000082s ]
INFO: [ template_filter ] --END-- [ RunTime:0.000125s ]
INFO: Run Behavior\ParseTemplateBehavior [ RunTime:0.012768s ]
INFO: [ view_parse ] --END-- [ RunTime:0.012812s ]
INFO: [ view_filter ] --START--
INFO: Run Behavior\WriteHtmlCacheBehavior [ RunTime:0.000493s ]
INFO: [ view_filter ] --END-- [ RunTime:0.000524s ]
INFO: [ app_end ] --START--
INFO: Run Behavior\ShowPageTraceBehavior [ RunTime:0.000963s ]
INFO: [ app_end ] --END-- [ RunTime:0.001016s ]

[ 2017-11-09T16:05:51+08:00 ] ::1 /HOS/Hos/Doctor/add
INFO: [ app_init ] --START--
INFO: Run Behavior\BuildLiteBehavior [ RunTime:0.000012s ]
INFO: [ app_init ] --END-- [ RunTime:0.000442s ]
INFO: [ app_begin ] --START--
INFO: Run Behavior\ReadHtmlCacheBehavior [ RunTime:0.000596s ]
INFO: [ app_begin ] --END-- [ RunTime:0.000637s ]
SQL: SHOW COLUMNS FROM `hospital` [ RunTime:0.0063s ]
SQL: SELECT hospital.hos_code FROM `hospital` INNER JOIN hos_admin on hospital.hos_code=hos_admin.hos_code  WHERE ( hos_admin.hosadmin_name='HA002' ) LIMIT 1   [ RunTime:0.0004s ]
SQL: SHOW COLUMNS FROM `department` [ RunTime:0.0065s ]
SQL: SELECT * FROM `department` WHERE ( hos_code='QH002' )  [ RunTime:0.0005s ]
SQL: SHOW COLUMNS FROM `doc_level` [ RunTime:0.0082s ]
SQL: SELECT * FROM `doc_level`  [ RunTime:0.0003s ]
INFO: [ view_parse ] --START--
INFO: [ template_filter ] --START--
INFO: Run Behavior\ContentReplaceBehavior [ RunTime:0.000065s ]
INFO: [ template_filter ] --END-- [ RunTime:0.000113s ]
INFO: Run Behavior\ParseTemplateBehavior [ RunTime:0.009300s ]
INFO: [ view_parse ] --END-- [ RunTime:0.009387s ]
INFO: [ view_filter ] --START--
INFO: Run Behavior\WriteHtmlCacheBehavior [ RunTime:0.000683s ]
INFO: [ view_filter ] --END-- [ RunTime:0.000742s ]
INFO: [ app_end ] --START--
INFO: Run Behavior\ShowPageTraceBehavior [ RunTime:0.000925s ]
INFO: [ app_end ] --END-- [ RunTime:0.000984s ]

[ 2017-11-09T16:06:45+08:00 ] ::1 /HOS/Hos/Doctor/add
INFO: [ app_init ] --START--
INFO: Run Behavior\BuildLiteBehavior [ RunTime:0.000021s ]
INFO: [ app_init ] --END-- [ RunTime:0.000493s ]
INFO: [ app_begin ] --START--
INFO: Run Behavior\ReadHtmlCacheBehavior [ RunTime:0.000642s ]
INFO: [ app_begin ] --END-- [ RunTime:0.000679s ]
SQL: SHOW COLUMNS FROM `doctor` [ RunTime:0.0064s ]
SQL: SELECT * FROM `doctor` WHERE ( doc_code='QH002D003' ) LIMIT 1   [ RunTime:0.0003s ]
SQL: SHOW COLUMNS FROM `hospital` [ RunTime:0.0077s ]
SQL: SELECT hospital.hos_code FROM `hospital` INNER JOIN hos_admin on hospital.hos_code=hos_admin.hos_code  WHERE ( hos_admin.hosadmin_name='HA002' ) LIMIT 1   [ RunTime:0.0003s ]
SQL: SHOW COLUMNS FROM `doctor` [ RunTime:0.0061s ]
NOTIC: [8] Undefined index: validate D:\Xampp\xampp\htdocs\HOS\ThinkPHP\Library\Think\Model.class.php 第 1185 行.
NOTIC: [8] Undefined index: auto D:\Xampp\xampp\htdocs\HOS\ThinkPHP\Library\Think\Model.class.php 第 1128 行.
SQL: INSERT INTO `doctor` (`doc_code`,`doc_name`,`dep_code`,`doclevel_code`,`doc_pwd`,`doc_tel`,`hos_code`) VALUES ('QH002D003','聂淼','1NK001','3','123','17878564322','QH002') [ RunTime:0.0046s ]
INFO: [ app_end ] --START--
INFO: Run Behavior\ShowPageTraceBehavior [ RunTime:0.000882s ]
INFO: [ app_end ] --END-- [ RunTime:0.000945s ]

[ 2017-11-09T16:06:45+08:00 ] ::1 /HOS/Hos/Doctor/lst
INFO: [ app_init ] --START--
INFO: Run Behavior\BuildLiteBehavior [ RunTime:0.000011s ]
INFO: [ app_init ] --END-- [ RunTime:0.000505s ]
INFO: [ app_begin ] --START--
INFO: Run Behavior\ReadHtmlCacheBehavior [ RunTime:0.000624s ]
INFO: [ app_begin ] --END-- [ RunTime:0.000663s ]
SQL: SHOW COLUMNS FROM `hospital` [ RunTime:0.0061s ]
SQL: SELECT hospital.hos_code FROM `hospital` INNER JOIN hos_admin on hospital.hos_code=hos_admin.hos_code  WHERE ( hos_admin.hosadmin_name='HA002' ) LIMIT 1   [ RunTime:0.0003s ]
SQL: SHOW COLUMNS FROM `department` [ RunTime:0.0079s ]
SQL: SELECT * FROM `department` WHERE ( hos_code='QH002' )  [ RunTime:0.0004s ]
SQL: SHOW COLUMNS FROM `doc_level` [ RunTime:0.0068s ]
SQL: SELECT * FROM `doc_level`  [ RunTime:0.0003s ]
SQL: SELECT * FROM doctor join department on doctor.hos_code=department.hos_code and doctor.dep_code=department.dep_code join doc_level on doctor.doclevel_code=doc_level.doclevel_code where doctor.hos_code='QH002'  order by doctor.doc_code  [ RunTime:0.0005s ]
SQL: SELECT * FROM doctor join department on doctor.hos_code=department.hos_code and doctor.dep_code=department.dep_code join doc_level on doctor.doclevel_code=doc_level.doclevel_code where doctor.hos_code='QH002'  order by doctor.doc_code  [ RunTime:0.0006s ]
SQL: SELECT * FROM doctor join department on doctor.hos_code=department.hos_code and doctor.dep_code=department.dep_code join doc_level on doctor.doclevel_code=doc_level.doclevel_code where doctor.hos_code='QH002'  order by doctor.doc_code  limit 0,5 [ RunTime:0.0006s ]
INFO: [ view_parse ] --START--
INFO: [ template_filter ] --START--
INFO: Run Behavior\ContentReplaceBehavior [ RunTime:0.000081s ]
INFO: [ template_filter ] --END-- [ RunTime:0.000135s ]
INFO: Run Behavior\ParseTemplateBehavior [ RunTime:0.012397s ]
INFO: [ view_parse ] --END-- [ RunTime:0.012447s ]
INFO: [ view_filter ] --START--
INFO: Run Behavior\WriteHtmlCacheBehavior [ RunTime:0.000513s ]
INFO: [ view_filter ] --END-- [ RunTime:0.000545s ]
INFO: [ app_end ] --START--
INFO: Run Behavior\ShowPageTraceBehavior [ RunTime:0.000642s ]
INFO: [ app_end ] --END-- [ RunTime:0.000684s ]

