[ 2017-10-24T20:02:07+08:00 ] ::1 /phpStorm_Project/HOS/HosAdmin/Hosmsg/lst
INFO: [ app_init ] --START--
INFO: Run Behavior\BuildLiteBehavior [ RunTime:0.000011s ]
INFO: [ app_init ] --END-- [ RunTime:0.000492s ]
INFO: [ app_begin ] --START--
INFO: Run Behavior\ReadHtmlCacheBehavior [ RunTime:0.000735s ]
INFO: [ app_begin ] --END-- [ RunTime:0.000773s ]
NOTIC: [2] Missing argument 1 for Think\Controller::assign(), called in D:\Xampp\xampp\htdocs\phpStorm_Project\HOS\Application\HosAdmin\Controller\HosmsgController.class.php on line 6 and defined D:\Xampp\xampp\htdocs\phpStorm_Project\HOS\ThinkPHP\Library\Think\Controller.class.php 第 121 行.
NOTIC: [8] Undefined variable: name D:\Xampp\xampp\htdocs\phpStorm_Project\HOS\ThinkPHP\Library\Think\Controller.class.php 第 122 行.
NOTIC: [2] Missing argument 1 for Think\Controller::show(), called in D:\Xampp\xampp\htdocs\phpStorm_Project\HOS\Application\HosAdmin\Controller\HosmsgController.class.php on line 7 and defined D:\Xampp\xampp\htdocs\phpStorm_Project\HOS\ThinkPHP\Library\Think\Controller.class.php 第 68 行.
NOTIC: [8] Undefined variable: content D:\Xampp\xampp\htdocs\phpStorm_Project\HOS\ThinkPHP\Library\Think\Controller.class.php 第 69 行.
INFO: [ view_parse ] --START--
INFO: [ template_filter ] --START--
INFO: Run Behavior\ContentReplaceBehavior [ RunTime:0.000031s ]
INFO: [ template_filter ] --END-- [ RunTime:0.000080s ]
INFO: Run Behavior\ParseTemplateBehavior [ RunTime:0.009271s ]
INFO: [ view_parse ] --END-- [ RunTime:0.009326s ]
INFO: [ view_filter ] --START--
INFO: Run Behavior\WriteHtmlCacheBehavior [ RunTime:0.000634s ]
INFO: [ view_filter ] --END-- [ RunTime:0.000667s ]
INFO: [ app_end ] --START--
INFO: Run Behavior\ShowPageTraceBehavior [ RunTime:0.000771s ]
INFO: [ app_end ] --END-- [ RunTime:0.000804s ]

[ 2017-10-24T20:10:05+08:00 ] ::1 /phpStorm_Project/HOS/HosAdmin/Hosmsg/lst
INFO: [ app_init ] --START--
INFO: Run Behavior\BuildLiteBehavior [ RunTime:0.000010s ]
INFO: [ app_init ] --END-- [ RunTime:0.000465s ]
INFO: [ app_begin ] --START--
INFO: Run Behavior\ReadHtmlCacheBehavior [ RunTime:0.000737s ]
INFO: [ app_begin ] --END-- [ RunTime:0.000785s ]
NOTIC: [2] Missing argument 1 for Think\Controller::assign(), called in D:\Xampp\xampp\htdocs\phpStorm_Project\HOS\Application\HosAdmin\Controller\HosmsgController.class.php on line 6 and defined D:\Xampp\xampp\htdocs\phpStorm_Project\HOS\ThinkPHP\Library\Think\Controller.class.php 第 121 行.
NOTIC: [8] Undefined variable: name D:\Xampp\xampp\htdocs\phpStorm_Project\HOS\ThinkPHP\Library\Think\Controller.class.php 第 122 行.
NOTIC: [2] Missing argument 1 for Think\Controller::show(), called in D:\Xampp\xampp\htdocs\phpStorm_Project\HOS\Application\HosAdmin\Controller\HosmsgController.class.php on line 7 and defined D:\Xampp\xampp\htdocs\phpStorm_Project\HOS\ThinkPHP\Library\Think\Controller.class.php 第 68 行.
NOTIC: [8] Undefined variable: content D:\Xampp\xampp\htdocs\phpStorm_Project\HOS\ThinkPHP\Library\Think\Controller.class.php 第 69 行.
INFO: [ view_parse ] --START--
INFO: [ template_filter ] --START--
INFO: Run Behavior\ContentReplaceBehavior [ RunTime:0.000027s ]
INFO: [ template_filter ] --END-- [ RunTime:0.000072s ]
INFO: Run Behavior\ParseTemplateBehavior [ RunTime:0.006381s ]
INFO: [ view_parse ] --END-- [ RunTime:0.006431s ]
INFO: [ view_filter ] --START--
INFO: Run Behavior\WriteHtmlCacheBehavior [ RunTime:0.000630s ]
INFO: [ view_filter ] --END-- [ RunTime:0.000662s ]
INFO: [ app_end ] --START--
INFO: Run Behavior\ShowPageTraceBehavior [ RunTime:0.000770s ]
INFO: [ app_end ] --END-- [ RunTime:0.000802s ]

[ 2017-10-24T20:11:40+08:00 ] ::1 /phpStorm_Project/HOS/HosAdmin/Hosmsg/lst
INFO: [ app_init ] --START--
INFO: Run Behavior\BuildLiteBehavior [ RunTime:0.000011s ]
INFO: [ app_init ] --END-- [ RunTime:0.000486s ]
INFO: [ app_begin ] --START--
INFO: Run Behavior\ReadHtmlCacheBehavior [ RunTime:0.000738s ]
INFO: [ app_begin ] --END-- [ RunTime:0.000778s ]
NOTIC: [2] Missing argument 1 for Think\Controller::assign(), called in D:\Xampp\xampp\htdocs\phpStorm_Project\HOS\Application\HosAdmin\Controller\HosmsgController.class.php on line 6 and defined D:\Xampp\xampp\htdocs\phpStorm_Project\HOS\ThinkPHP\Library\Think\Controller.class.php 第 121 行.
NOTIC: [8] Undefined variable: name D:\Xampp\xampp\htdocs\phpStorm_Project\HOS\ThinkPHP\Library\Think\Controller.class.php 第 122 行.
NOTIC: [2] Missing argument 1 for Think\Controller::show(), called in D:\Xampp\xampp\htdocs\phpStorm_Project\HOS\Application\HosAdmin\Controller\HosmsgController.class.php on line 7 and defined D:\Xampp\xampp\htdocs\phpStorm_Project\HOS\ThinkPHP\Library\Think\Controller.class.php 第 68 行.
NOTIC: [8] Undefined variable: content D:\Xampp\xampp\htdocs\phpStorm_Project\HOS\ThinkPHP\Library\Think\Controller.class.php 第 69 行.
INFO: [ view_parse ] --START--
INFO: [ template_filter ] --START--
INFO: Run Behavior\ContentReplaceBehavior [ RunTime:0.000026s ]
INFO: [ template_filter ] --END-- [ RunTime:0.000069s ]
INFO: Run Behavior\ParseTemplateBehavior [ RunTime:0.006528s ]
INFO: [ view_parse ] --END-- [ RunTime:0.006569s ]
INFO: [ view_filter ] --START--
INFO: Run Behavior\WriteHtmlCacheBehavior [ RunTime:0.000600s ]
INFO: [ view_filter ] --END-- [ RunTime:0.000631s ]
INFO: [ app_end ] --START--
INFO: Run Behavior\ShowPageTraceBehavior [ RunTime:0.000743s ]
INFO: [ app_end ] --END-- [ RunTime:0.000774s ]

[ 2017-10-24T20:12:07+08:00 ] ::1 /phpStorm_Project/HOS/HosAdmin/Hosmsg/lst
INFO: [ app_init ] --START--
INFO: Run Behavior\BuildLiteBehavior [ RunTime:0.000012s ]
INFO: [ app_init ] --END-- [ RunTime:0.000454s ]
INFO: [ app_begin ] --START--
INFO: Run Behavior\ReadHtmlCacheBehavior [ RunTime:0.000838s ]
INFO: [ app_begin ] --END-- [ RunTime:0.000907s ]
NOTIC: [2] Missing argument 1 for Think\Controller::assign(), called in D:\Xampp\xampp\htdocs\phpStorm_Project\HOS\Application\HosAdmin\Controller\HosmsgController.class.php on line 6 and defined D:\Xampp\xampp\htdocs\phpStorm_Project\HOS\ThinkPHP\Library\Think\Controller.class.php 第 121 行.
NOTIC: [8] Undefined variable: name D:\Xampp\xampp\htdocs\phpStorm_Project\HOS\ThinkPHP\Library\Think\Controller.class.php 第 122 行.
NOTIC: [2] Missing argument 1 for Think\Controller::show(), called in D:\Xampp\xampp\htdocs\phpStorm_Project\HOS\Application\HosAdmin\Controller\HosmsgController.class.php on line 7 and defined D:\Xampp\xampp\htdocs\phpStorm_Project\HOS\ThinkPHP\Library\Think\Controller.class.php 第 68 行.
NOTIC: [8] Undefined variable: content D:\Xampp\xampp\htdocs\phpStorm_Project\HOS\ThinkPHP\Library\Think\Controller.class.php 第 69 行.
INFO: [ view_parse ] --START--
INFO: [ template_filter ] --START--
INFO: Run Behavior\ContentReplaceBehavior [ RunTime:0.000026s ]
INFO: [ template_filter ] --END-- [ RunTime:0.000061s ]
INFO: Run Behavior\ParseTemplateBehavior [ RunTime:0.005645s ]
INFO: [ view_parse ] --END-- [ RunTime:0.005686s ]
INFO: [ view_filter ] --START--
INFO: Run Behavior\WriteHtmlCacheBehavior [ RunTime:0.000601s ]
INFO: [ view_filter ] --END-- [ RunTime:0.000631s ]
INFO: [ app_end ] --START--
INFO: Run Behavior\ShowPageTraceBehavior [ RunTime:0.000744s ]
INFO: [ app_end ] --END-- [ RunTime:0.000776s ]

[ 2017-10-24T20:16:58+08:00 ] ::1 /phpStorm_Project/HOS/HosAdmin/Hosmsg/lst
INFO: [ app_init ] --START--
INFO: Run Behavior\BuildLiteBehavior [ RunTime:0.000011s ]
INFO: [ app_init ] --END-- [ RunTime:0.000493s ]
INFO: [ app_begin ] --START--
INFO: Run Behavior\ReadHtmlCacheBehavior [ RunTime:0.000734s ]
INFO: [ app_begin ] --END-- [ RunTime:0.000773s ]
NOTIC: [2] Missing argument 1 for Think\Controller::assign(), called in D:\Xampp\xampp\htdocs\phpStorm_Project\HOS\Application\HosAdmin\Controller\HosmsgController.class.php on line 6 and defined D:\Xampp\xampp\htdocs\phpStorm_Project\HOS\ThinkPHP\Library\Think\Controller.class.php 第 121 行.
NOTIC: [8] Undefined variable: name D:\Xampp\xampp\htdocs\phpStorm_Project\HOS\ThinkPHP\Library\Think\Controller.class.php 第 122 行.
NOTIC: [2] Missing argument 1 for Think\Controller::show(), called in D:\Xampp\xampp\htdocs\phpStorm_Project\HOS\Application\HosAdmin\Controller\HosmsgController.class.php on line 7 and defined D:\Xampp\xampp\htdocs\phpStorm_Project\HOS\ThinkPHP\Library\Think\Controller.class.php 第 68 行.
NOTIC: [8] Undefined variable: content D:\Xampp\xampp\htdocs\phpStorm_Project\HOS\ThinkPHP\Library\Think\Controller.class.php 第 69 行.
INFO: [ view_parse ] --START--
INFO: [ template_filter ] --START--
INFO: Run Behavior\ContentReplaceBehavior [ RunTime:0.000023s ]
INFO: [ template_filter ] --END-- [ RunTime:0.000056s ]
INFO: Run Behavior\ParseTemplateBehavior [ RunTime:0.006089s ]
INFO: [ view_parse ] --END-- [ RunTime:0.006165s ]
INFO: [ view_filter ] --START--
INFO: Run Behavior\WriteHtmlCacheBehavior [ RunTime:0.000842s ]
INFO: [ view_filter ] --END-- [ RunTime:0.000897s ]
INFO: [ app_end ] --START--
INFO: Run Behavior\ShowPageTraceBehavior [ RunTime:0.000860s ]
INFO: [ app_end ] --END-- [ RunTime:0.000897s ]

[ 2017-10-24T20:41:00+08:00 ] ::1 /phpStorm_Project/HOS/HosAdmin/Hosmsg/lst
INFO: [ app_init ] --START--
INFO: Run Behavior\BuildLiteBehavior [ RunTime:0.000010s ]
INFO: [ app_init ] --END-- [ RunTime:0.000465s ]
INFO: [ app_begin ] --START--
INFO: Run Behavior\ReadHtmlCacheBehavior [ RunTime:0.000717s ]
INFO: [ app_begin ] --END-- [ RunTime:0.000754s ]
INFO: [ app_end ] --START--
INFO: Run Behavior\ShowPageTraceBehavior [ RunTime:0.000743s ]
INFO: [ app_end ] --END-- [ RunTime:0.000780s ]

[ 2017-10-24T20:41:20+08:00 ] ::1 /phpStorm_Project/HOS/HosAdmin/Hosmsg/lst
INFO: [ app_init ] --START--
INFO: Run Behavior\BuildLiteBehavior [ RunTime:0.000055s ]
INFO: [ app_init ] --END-- [ RunTime:0.000671s ]
INFO: [ app_begin ] --START--
INFO: Run Behavior\ReadHtmlCacheBehavior [ RunTime:0.001102s ]
INFO: [ app_begin ] --END-- [ RunTime:0.001178s ]
NOTIC: [2] Missing argument 1 for Think\Controller::assign(), called in D:\Xampp\xampp\htdocs\phpStorm_Project\HOS\Application\HosAdmin\Controller\HosmsgController.class.php on line 6 and defined D:\Xampp\xampp\htdocs\phpStorm_Project\HOS\ThinkPHP\Library\Think\Controller.class.php 第 121 行.
NOTIC: [8] Undefined variable: name D:\Xampp\xampp\htdocs\phpStorm_Project\HOS\ThinkPHP\Library\Think\Controller.class.php 第 122 行.
NOTIC: [2] Missing argument 1 for Think\Controller::show(), called in D:\Xampp\xampp\htdocs\phpStorm_Project\HOS\Application\HosAdmin\Controller\HosmsgController.class.php on line 7 and defined D:\Xampp\xampp\htdocs\phpStorm_Project\HOS\ThinkPHP\Library\Think\Controller.class.php 第 68 行.
NOTIC: [8] Undefined variable: content D:\Xampp\xampp\htdocs\phpStorm_Project\HOS\ThinkPHP\Library\Think\Controller.class.php 第 69 行.
INFO: [ view_parse ] --START--
INFO: [ template_filter ] --START--
INFO: Run Behavior\ContentReplaceBehavior [ RunTime:0.000027s ]
INFO: [ template_filter ] --END-- [ RunTime:0.000062s ]
INFO: Run Behavior\ParseTemplateBehavior [ RunTime:0.005665s ]
INFO: [ view_parse ] --END-- [ RunTime:0.005708s ]
INFO: [ view_filter ] --START--
INFO: Run Behavior\WriteHtmlCacheBehavior [ RunTime:0.000740s ]
INFO: [ view_filter ] --END-- [ RunTime:0.000774s ]
INFO: [ app_end ] --START--
INFO: Run Behavior\ShowPageTraceBehavior [ RunTime:0.000838s ]
INFO: [ app_end ] --END-- [ RunTime:0.000874s ]

[ 2017-10-24T20:42:41+08:00 ] ::1 /HosAdmin/Hosmsg/lst
INFO: [ app_init ] --START--
INFO: Run Behavior\BuildLiteBehavior [ RunTime:0.000012s ]
INFO: [ app_init ] --END-- [ RunTime:0.000585s ]
INFO: [ app_begin ] --START--
INFO: Run Behavior\ReadHtmlCacheBehavior [ RunTime:0.000636s ]
INFO: [ app_begin ] --END-- [ RunTime:0.000690s ]
NOTIC: [2] Missing argument 1 for Think\Controller::assign(), called in D:\Xampp\xampp\htdocs\phpStorm_Project\HOS\Application\HosAdmin\Controller\HosmsgController.class.php on line 6 and defined D:\Xampp\xampp\htdocs\phpStorm_Project\HOS\ThinkPHP\Library\Think\Controller.class.php 第 121 行.
NOTIC: [8] Undefined variable: name D:\Xampp\xampp\htdocs\phpStorm_Project\HOS\ThinkPHP\Library\Think\Controller.class.php 第 122 行.
NOTIC: [2] Missing argument 1 for Think\Controller::show(), called in D:\Xampp\xampp\htdocs\phpStorm_Project\HOS\Application\HosAdmin\Controller\HosmsgController.class.php on line 7 and defined D:\Xampp\xampp\htdocs\phpStorm_Project\HOS\ThinkPHP\Library\Think\Controller.class.php 第 68 行.
NOTIC: [8] Undefined variable: content D:\Xampp\xampp\htdocs\phpStorm_Project\HOS\ThinkPHP\Library\Think\Controller.class.php 第 69 行.
INFO: [ view_parse ] --START--
INFO: [ template_filter ] --START--
INFO: Run Behavior\ContentReplaceBehavior [ RunTime:0.000036s ]
INFO: [ template_filter ] --END-- [ RunTime:0.000075s ]
INFO: Run Behavior\ParseTemplateBehavior [ RunTime:0.005720s ]
INFO: [ view_parse ] --END-- [ RunTime:0.005776s ]
INFO: [ view_filter ] --START--
INFO: Run Behavior\WriteHtmlCacheBehavior [ RunTime:0.000447s ]
INFO: [ view_filter ] --END-- [ RunTime:0.000477s ]
INFO: [ app_end ] --START--
INFO: Run Behavior\ShowPageTraceBehavior [ RunTime:0.000629s ]
INFO: [ app_end ] --END-- [ RunTime:0.000662s ]

