[ 2017-11-11T10:17:50+08:00 ] ::1 /HOS/Public/libs/bootstrap-3.3.5-dist/js/bootstrap-datepicker.js
INFO: [ app_init ] --START--
INFO: Run Behavior\BuildLiteBehavior [ RunTime:0.000018s ]
INFO: [ app_init ] --END-- [ RunTime:0.000482s ]
ERR: 无法加载模块:Public

[ 2017-11-11T10:17:50+08:00 ] ::1 /HOS/Public/libs/bootstrap-3.3.5-dist/js/bootstrap-datepicker.js
INFO: [ app_init ] --START--
INFO: Run Behavior\BuildLiteBehavior [ RunTime:0.000012s ]
INFO: [ app_init ] --END-- [ RunTime:0.000393s ]
ERR: 无法加载模块:Public

[ 2017-11-11T10:17:57+08:00 ] ::1 /HOS/Public/libs/bootstrap-3.3.5-dist/js/bootstrap-datepicker.js
INFO: [ app_init ] --START--
INFO: Run Behavior\BuildLiteBehavior [ RunTime:0.000014s ]
INFO: [ app_init ] --END-- [ RunTime:0.000414s ]
ERR: 无法加载模块:Public

[ 2017-11-11T10:17:57+08:00 ] ::1 /HOS/Public/libs/bootstrap-3.3.5-dist/js/bootstrap-datepicker.js
INFO: [ app_init ] --START--
INFO: Run Behavior\BuildLiteBehavior [ RunTime:0.000012s ]
INFO: [ app_init ] --END-- [ RunTime:0.000383s ]
ERR: 无法加载模块:Public

[ 2017-11-11T10:17:58+08:00 ] ::1 /HOS/Public/libs/bootstrap-3.3.5-dist/js/bootstrap-datepicker.js
INFO: [ app_init ] --START--
INFO: Run Behavior\BuildLiteBehavior [ RunTime:0.000013s ]
INFO: [ app_init ] --END-- [ RunTime:0.000406s ]
ERR: 无法加载模块:Public

[ 2017-11-11T10:17:58+08:00 ] ::1 /HOS/Public/libs/bootstrap-3.3.5-dist/js/bootstrap-datepicker.js
INFO: [ app_init ] --START--
INFO: Run Behavior\BuildLiteBehavior [ RunTime:0.000015s ]
INFO: [ app_init ] --END-- [ RunTime:0.000558s ]
ERR: 无法加载模块:Public

[ 2017-11-11T10:18:01+08:00 ] ::1 /HOS/Public/libs/bootstrap-3.3.5-dist/js/bootstrap-datepicker.js
INFO: [ app_init ] --START--
INFO: Run Behavior\BuildLiteBehavior [ RunTime:0.000012s ]
INFO: [ app_init ] --END-- [ RunTime:0.000375s ]
ERR: 无法加载模块:Public

[ 2017-11-11T10:18:01+08:00 ] ::1 /HOS/Public/libs/bootstrap-3.3.5-dist/js/bootstrap-datepicker.js
INFO: [ app_init ] --START--
INFO: Run Behavior\BuildLiteBehavior [ RunTime:0.000010s ]
INFO: [ app_init ] --END-- [ RunTime:0.000409s ]
ERR: 无法加载模块:Public

[ 2017-11-11T10:19:06+08:00 ] ::1 /HOS/Public/libs/bootstrap-3.3.5-dist/js/bootstrap-datepicker.js
INFO: [ app_init ] --START--
INFO: Run Behavior\BuildLiteBehavior [ RunTime:0.000018s ]
INFO: [ app_init ] --END-- [ RunTime:0.000592s ]
ERR: 无法加载模块:Public

[ 2017-11-11T10:19:06+08:00 ] ::1 /HOS/Public/libs/bootstrap-3.3.5-dist/js/bootstrap-datepicker.js
INFO: [ app_init ] --START--
INFO: Run Behavior\BuildLiteBehavior [ RunTime:0.000017s ]
INFO: [ app_init ] --END-- [ RunTime:0.000538s ]
ERR: 无法加载模块:Public

[ 2017-11-11T10:19:07+08:00 ] ::1 /HOS/Public/libs/bootstrap-3.3.5-dist/css/bootstrap-datepicker3.css.map
INFO: [ app_init ] --START--
INFO: Run Behavior\BuildLiteBehavior [ RunTime:0.000012s ]
INFO: [ app_init ] --END-- [ RunTime:0.000377s ]
ERR: 无法加载模块:Public

[ 2017-11-11T10:20:04+08:00 ] ::1 /HOS/Public/libs/bootstrap-3.3.5-dist/js/bootstrap-datepicker.js
INFO: [ app_init ] --START--
INFO: Run Behavior\BuildLiteBehavior [ RunTime:0.000015s ]
INFO: [ app_init ] --END-- [ RunTime:0.000372s ]
ERR: 无法加载模块:Public

[ 2017-11-11T10:20:04+08:00 ] ::1 /HOS/Public/libs/bootstrap-3.3.5-dist/js/bootstrap-datepicker.js
INFO: [ app_init ] --START--
INFO: Run Behavior\BuildLiteBehavior [ RunTime:0.000018s ]
INFO: [ app_init ] --END-- [ RunTime:0.000489s ]
ERR: 无法加载模块:Public

[ 2017-11-11T10:20:06+08:00 ] ::1 /HOS/Public/libs/bootstrap-3.3.5-dist/js/bootstrap-datepicker.js
INFO: [ app_init ] --START--
INFO: Run Behavior\BuildLiteBehavior [ RunTime:0.000020s ]
INFO: [ app_init ] --END-- [ RunTime:0.000633s ]
ERR: 无法加载模块:Public

[ 2017-11-11T10:20:06+08:00 ] ::1 /HOS/Public/libs/bootstrap-3.3.5-dist/js/bootstrap-datepicker.js
INFO: [ app_init ] --START--
INFO: Run Behavior\BuildLiteBehavior [ RunTime:0.000011s ]
INFO: [ app_init ] --END-- [ RunTime:0.000386s ]
ERR: 无法加载模块:Public

[ 2017-11-11T10:20:06+08:00 ] ::1 /HOS/Public/libs/bootstrap-3.3.5-dist/js/bootstrap-datepicker.js
INFO: [ app_init ] --START--
INFO: Run Behavior\BuildLiteBehavior [ RunTime:0.000012s ]
INFO: [ app_init ] --END-- [ RunTime:0.000402s ]
ERR: 无法加载模块:Public

[ 2017-11-11T10:20:07+08:00 ] ::1 /HOS/Public/libs/bootstrap-3.3.5-dist/js/bootstrap-datepicker.js
INFO: [ app_init ] --START--
INFO: Run Behavior\BuildLiteBehavior [ RunTime:0.000013s ]
INFO: [ app_init ] --END-- [ RunTime:0.000391s ]
ERR: 无法加载模块:Public

[ 2017-11-11T10:20:07+08:00 ] ::1 /HOS/Public/libs/bootstrap-3.3.5-dist/js/bootstrap-datepicker.js
INFO: [ app_init ] --START--
INFO: Run Behavior\BuildLiteBehavior [ RunTime:0.000011s ]
INFO: [ app_init ] --END-- [ RunTime:0.000388s ]
ERR: 无法加载模块:Public

[ 2017-11-11T10:20:10+08:00 ] ::1 /HOS/Public/libs/bootstrap-3.3.5-dist/js/bootstrap-datepicker.js
INFO: [ app_init ] --START--
INFO: Run Behavior\BuildLiteBehavior [ RunTime:0.000013s ]
INFO: [ app_init ] --END-- [ RunTime:0.000407s ]
ERR: 无法加载模块:Public

[ 2017-11-11T10:20:10+08:00 ] ::1 /HOS/Public/libs/bootstrap-3.3.5-dist/js/bootstrap-datepicker.js
INFO: [ app_init ] --START--
INFO: Run Behavior\BuildLiteBehavior [ RunTime:0.000021s ]
INFO: [ app_init ] --END-- [ RunTime:0.000519s ]
ERR: 无法加载模块:Public

[ 2017-11-11T10:20:22+08:00 ] ::1 /HOS/Application/Doc/View/Dutytime/__ROOT__/Public/libs/bootstrap-3.3.5-dist/css/bootstrap-datepicker3.css
INFO: [ app_init ] --START--
INFO: Run Behavior\BuildLiteBehavior [ RunTime:0.000016s ]
INFO: [ app_init ] --END-- [ RunTime:0.000613s ]
ERR: 无法加载模块:Application

[ 2017-11-11T10:20:22+08:00 ] ::1 /HOS/Application/Doc/View/Dutytime/__ROOT__/Public/libs/bootstrap-3.3.5-dist/css/bootstrap.min.css
INFO: [ app_init ] --START--
INFO: Run Behavior\BuildLiteBehavior [ RunTime:0.000017s ]
INFO: [ app_init ] --END-- [ RunTime:0.000769s ]
ERR: 无法加载模块:Application

[ 2017-11-11T10:20:22+08:00 ] ::1 /HOS/Application/Doc/View/Dutytime/__ROOT__/Public/libs/css/Home/css_addedit.css
INFO: [ app_init ] --START--
INFO: Run Behavior\BuildLiteBehavior [ RunTime:0.000019s ]
INFO: [ app_init ] --END-- [ RunTime:0.000686s ]
ERR: 无法加载模块:Application

[ 2017-11-11T10:20:22+08:00 ] ::1 /HOS/Application/Doc/View/Dutytime/__ROOT__/Public/libs/css/Doc/Dutytime/css_applyForm.css
INFO: [ app_init ] --START--
INFO: Run Behavior\BuildLiteBehavior [ RunTime:0.000018s ]
INFO: [ app_init ] --END-- [ RunTime:0.000608s ]
ERR: 无法加载模块:Application

[ 2017-11-11T10:20:22+08:00 ] ::1 /HOS/Application/Doc/View/Dutytime/__ROOT__/Public/libs/css/Home/css_lst.css
INFO: [ app_init ] --START--
INFO: Run Behavior\BuildLiteBehavior [ RunTime:0.000022s ]
INFO: [ app_init ] --END-- [ RunTime:0.000704s ]
ERR: 无法加载模块:Application

[ 2017-11-11T10:20:22+08:00 ] ::1 /HOS/Application/Doc/View/Dutytime/__ROOT__/Public/libs/css/Home/css_page.css
INFO: [ app_init ] --START--
INFO: Run Behavior\BuildLiteBehavior [ RunTime:0.000022s ]
INFO: [ app_init ] --END-- [ RunTime:0.001964s ]
ERR: 无法加载模块:Application

[ 2017-11-11T10:20:22+08:00 ] ::1 /HOS/Application/Doc/View/Dutytime/__ROOT__/Public/libs/js/jquery-2.2.4.min.js
INFO: [ app_init ] --START--
INFO: Run Behavior\BuildLiteBehavior [ RunTime:0.000018s ]
INFO: [ app_init ] --END-- [ RunTime:0.000618s ]
ERR: 无法加载模块:Application

[ 2017-11-11T10:20:22+08:00 ] ::1 /HOS/Application/Doc/View/Dutytime/__ROOT__/Public/libs/bootstrap-3.3.5-dist/js/bootstrap.min.js
INFO: [ app_init ] --START--
INFO: Run Behavior\BuildLiteBehavior [ RunTime:0.000018s ]
INFO: [ app_init ] --END-- [ RunTime:0.001717s ]
ERR: 无法加载模块:Application

[ 2017-11-11T10:20:22+08:00 ] ::1 /HOS/Application/Doc/View/Dutytime/__ROOT__/Public/libs/js/Home/js_page.js
INFO: [ app_init ] --START--
INFO: Run Behavior\BuildLiteBehavior [ RunTime:0.000034s ]
INFO: [ app_init ] --END-- [ RunTime:0.000785s ]
ERR: 无法加载模块:Application

[ 2017-11-11T10:20:22+08:00 ] ::1 /HOS/Application/Doc/View/Dutytime/__ROOT__/Public/libs/js/Doc/Dutytime/js_applyForm.js
INFO: [ app_init ] --START--
INFO: Run Behavior\BuildLiteBehavior [ RunTime:0.000018s ]
INFO: [ app_init ] --END-- [ RunTime:0.000999s ]
ERR: 无法加载模块:Application

[ 2017-11-11T10:20:22+08:00 ] ::1 /HOS/Application/Doc/View/Dutytime/__ROOT__/Public/libs/bootstrap-3.3.5-dist/js/bootstrap-datepicker.js
INFO: [ app_init ] --START--
INFO: Run Behavior\BuildLiteBehavior [ RunTime:0.000017s ]
INFO: [ app_init ] --END-- [ RunTime:0.001066s ]
ERR: 无法加载模块:Application

[ 2017-11-11T10:20:22+08:00 ] ::1 /HOS/Application/Doc/View/Dutytime/__ROOT__/Public/images/menu1.png
INFO: [ app_init ] --START--
INFO: Run Behavior\BuildLiteBehavior [ RunTime:0.000019s ]
INFO: [ app_init ] --END-- [ RunTime:0.001061s ]
ERR: 无法加载模块:Application

[ 2017-11-11T10:20:22+08:00 ] ::1 /HOS/Application/Doc/View/Dutytime/__ROOT__/Public/images/logo.png
INFO: [ app_init ] --START--
INFO: Run Behavior\BuildLiteBehavior [ RunTime:0.000018s ]
INFO: [ app_init ] --END-- [ RunTime:0.000742s ]
ERR: 无法加载模块:Application

[ 2017-11-11T10:20:22+08:00 ] ::1 /HOS/Application/Doc/View/Dutytime/__ROOT__/Public/images/dutytime.png
INFO: [ app_init ] --START--
INFO: Run Behavior\BuildLiteBehavior [ RunTime:0.000018s ]
INFO: [ app_init ] --END-- [ RunTime:0.000589s ]
ERR: 无法加载模块:Application

[ 2017-11-11T10:20:22+08:00 ] ::1 /HOS/Application/Doc/View/Dutytime/__ROOT__/Public/images/dutymsg.png
INFO: [ app_init ] --START--
INFO: Run Behavior\BuildLiteBehavior [ RunTime:0.000019s ]
INFO: [ app_init ] --END-- [ RunTime:0.000648s ]
ERR: 无法加载模块:Application

[ 2017-11-11T10:20:22+08:00 ] ::1 /HOS/Application/Doc/View/Dutytime/__ROOT__/Public/images/me.png
INFO: [ app_init ] --START--
INFO: Run Behavior\BuildLiteBehavior [ RunTime:0.000017s ]
INFO: [ app_init ] --END-- [ RunTime:0.000535s ]
ERR: 无法加载模块:Application

[ 2017-11-11T10:20:22+08:00 ] ::1 /HOS/Application/Doc/View/Dutytime/__ROOT__/Public/images/reset.png
INFO: [ app_init ] --START--
INFO: Run Behavior\BuildLiteBehavior [ RunTime:0.000017s ]
INFO: [ app_init ] --END-- [ RunTime:0.000572s ]
ERR: 无法加载模块:Application

[ 2017-11-11T10:20:22+08:00 ] ::1 /HOS/Application/Doc/View/Dutytime/__ROOT__/Public/images/submit-write.png
INFO: [ app_init ] --START--
INFO: Run Behavior\BuildLiteBehavior [ RunTime:0.000018s ]
INFO: [ app_init ] --END-- [ RunTime:0.000583s ]
ERR: 无法加载模块:Application

[ 2017-11-11T10:20:22+08:00 ] ::1 /HOS/Application/Doc/View/Dutytime/__ROOT__/Public/images/footer.png
INFO: [ app_init ] --START--
INFO: Run Behavior\BuildLiteBehavior [ RunTime:0.000017s ]
INFO: [ app_init ] --END-- [ RunTime:0.000631s ]
ERR: 无法加载模块:Application

[ 2017-11-11T10:20:22+08:00 ] ::1 /HOS/Application/Doc/View/Dutytime/__ROOT__/Public/libs/js/Home/js_page.js
INFO: [ app_init ] --START--
INFO: Run Behavior\BuildLiteBehavior [ RunTime:0.000019s ]
INFO: [ app_init ] --END-- [ RunTime:0.000655s ]
ERR: 无法加载模块:Application

[ 2017-11-11T10:20:22+08:00 ] ::1 /HOS/Application/Doc/View/Dutytime/__ROOT__/Public/libs/js/Doc/Dutytime/js_applyForm.js
INFO: [ app_init ] --START--
INFO: Run Behavior\BuildLiteBehavior [ RunTime:0.000017s ]
INFO: [ app_init ] --END-- [ RunTime:0.000396s ]
ERR: 无法加载模块:Application

[ 2017-11-11T10:20:24+08:00 ] ::1 /HOS/Public/libs/bootstrap-3.3.5-dist/js/bootstrap-datepicker.js
INFO: [ app_init ] --START--
INFO: Run Behavior\BuildLiteBehavior [ RunTime:0.000018s ]
INFO: [ app_init ] --END-- [ RunTime:0.000696s ]
ERR: 无法加载模块:Public

[ 2017-11-11T10:20:24+08:00 ] ::1 /HOS/Public/libs/bootstrap-3.3.5-dist/js/bootstrap-datepicker.js
INFO: [ app_init ] --START--
INFO: Run Behavior\BuildLiteBehavior [ RunTime:0.000012s ]
INFO: [ app_init ] --END-- [ RunTime:0.000382s ]
ERR: 无法加载模块:Public

[ 2017-11-11T10:20:36+08:00 ] ::1 /HOS/Public/libs/bootstrap-3.3.5-dist/css/bootstrap-datepicker3.css.map
INFO: [ app_init ] --START--
INFO: Run Behavior\BuildLiteBehavior [ RunTime:0.000024s ]
INFO: [ app_init ] --END-- [ RunTime:0.000510s ]
ERR: 无法加载模块:Public

[ 2017-11-11T10:21:00+08:00 ] ::1 /HOS/Public/libs/bootstrap-3.3.5-dist/js/bootstrap-datepicker.js
INFO: [ app_init ] --START--
INFO: Run Behavior\BuildLiteBehavior [ RunTime:0.000019s ]
INFO: [ app_init ] --END-- [ RunTime:0.000603s ]
ERR: 无法加载模块:Public

[ 2017-11-11T10:21:00+08:00 ] ::1 /HOS/Public/libs/bootstrap-3.3.5-dist/css/bootstrap-datepicker3.css.map
INFO: [ app_init ] --START--
INFO: Run Behavior\BuildLiteBehavior [ RunTime:0.000011s ]
INFO: [ app_init ] --END-- [ RunTime:0.000362s ]
ERR: 无法加载模块:Public

[ 2017-11-11T10:25:38+08:00 ] ::1 /HOS/Public/libs/bootstrap-3.3.5-dist/js/bootstrap-datepicker.js
INFO: [ app_init ] --START--
INFO: Run Behavior\BuildLiteBehavior [ RunTime:0.000013s ]
INFO: [ app_init ] --END-- [ RunTime:0.000385s ]
ERR: 无法加载模块:Public

[ 2017-11-11T10:25:38+08:00 ] ::1 /HOS/Public/libs/bootstrap-3.3.5-dist/js/bootstrap-datepicker.js
INFO: [ app_init ] --START--
INFO: Run Behavior\BuildLiteBehavior [ RunTime:0.000016s ]
INFO: [ app_init ] --END-- [ RunTime:0.000511s ]
ERR: 无法加载模块:Public

[ 2017-11-11T10:25:39+08:00 ] ::1 /HOS/Public/libs/bootstrap-3.3.5-dist/js/bootstrap-datepicker.js
INFO: [ app_init ] --START--
INFO: Run Behavior\BuildLiteBehavior [ RunTime:0.000020s ]
INFO: [ app_init ] --END-- [ RunTime:0.000811s ]
ERR: 无法加载模块:Public

[ 2017-11-11T10:25:39+08:00 ] ::1 /HOS/Public/libs/bootstrap-3.3.5-dist/js/bootstrap-datepicker.js
INFO: [ app_init ] --START--
INFO: Run Behavior\BuildLiteBehavior [ RunTime:0.000014s ]
INFO: [ app_init ] --END-- [ RunTime:0.000458s ]
ERR: 无法加载模块:Public

[ 2017-11-11T10:25:39+08:00 ] ::1 /HOS/Public/libs/bootstrap-3.3.5-dist/js/bootstrap-datepicker.js
INFO: [ app_init ] --START--
INFO: Run Behavior\BuildLiteBehavior [ RunTime:0.000013s ]
INFO: [ app_init ] --END-- [ RunTime:0.000467s ]
ERR: 无法加载模块:Public

[ 2017-11-11T10:25:39+08:00 ] ::1 /HOS/Public/libs/bootstrap-3.3.5-dist/js/bootstrap-datepicker.js
INFO: [ app_init ] --START--
INFO: Run Behavior\BuildLiteBehavior [ RunTime:0.000012s ]
INFO: [ app_init ] --END-- [ RunTime:0.000361s ]
ERR: 无法加载模块:Public

[ 2017-11-11T10:25:40+08:00 ] ::1 /HOS/Public/libs/bootstrap-3.3.5-dist/js/bootstrap-datepicker.js
INFO: [ app_init ] --START--
INFO: Run Behavior\BuildLiteBehavior [ RunTime:0.000018s ]
INFO: [ app_init ] --END-- [ RunTime:0.000593s ]
ERR: 无法加载模块:Public

[ 2017-11-11T10:25:40+08:00 ] ::1 /HOS/Public/libs/bootstrap-3.3.5-dist/js/bootstrap-datepicker.js
INFO: [ app_init ] --START--
INFO: Run Behavior\BuildLiteBehavior [ RunTime:0.000020s ]
INFO: [ app_init ] --END-- [ RunTime:0.000622s ]
ERR: 无法加载模块:Public

[ 2017-11-11T10:25:40+08:00 ] ::1 /HOS/Public/libs/bootstrap-3.3.5-dist/css/bootstrap-datepicker3.css.map
INFO: [ app_init ] --START--
INFO: Run Behavior\BuildLiteBehavior [ RunTime:0.000022s ]
INFO: [ app_init ] --END-- [ RunTime:0.000921s ]
ERR: 无法加载模块:Public

[ 2017-11-11T10:25:41+08:00 ] ::1 /HOS/Public/libs/bootstrap-3.3.5-dist/js/bootstrap-datepicker.js
INFO: [ app_init ] --START--
INFO: Run Behavior\BuildLiteBehavior [ RunTime:0.000018s ]
INFO: [ app_init ] --END-- [ RunTime:0.000607s ]
ERR: 无法加载模块:Public

[ 2017-11-11T10:25:41+08:00 ] ::1 /HOS/Public/libs/bootstrap-3.3.5-dist/js/bootstrap-datepicker.js
INFO: [ app_init ] --START--
INFO: Run Behavior\BuildLiteBehavior [ RunTime:0.000021s ]
INFO: [ app_init ] --END-- [ RunTime:0.000609s ]
ERR: 无法加载模块:Public

[ 2017-11-11T10:25:41+08:00 ] ::1 /HOS/Public/libs/bootstrap-3.3.5-dist/css/bootstrap-datepicker3.css.map
INFO: [ app_init ] --START--
INFO: Run Behavior\BuildLiteBehavior [ RunTime:0.000022s ]
INFO: [ app_init ] --END-- [ RunTime:0.000754s ]
ERR: 无法加载模块:Public

[ 2017-11-11T10:25:43+08:00 ] ::1 /HOS/Public/libs/bootstrap-3.3.5-dist/js/bootstrap-datepicker.js
INFO: [ app_init ] --START--
INFO: Run Behavior\BuildLiteBehavior [ RunTime:0.000017s ]
INFO: [ app_init ] --END-- [ RunTime:0.000537s ]
ERR: 无法加载模块:Public

[ 2017-11-11T10:25:43+08:00 ] ::1 /HOS/Public/libs/bootstrap-3.3.5-dist/js/bootstrap-datepicker.js
INFO: [ app_init ] --START--
INFO: Run Behavior\BuildLiteBehavior [ RunTime:0.000021s ]
INFO: [ app_init ] --END-- [ RunTime:0.000604s ]
ERR: 无法加载模块:Public

[ 2017-11-11T10:25:43+08:00 ] ::1 /HOS/Public/libs/bootstrap-3.3.5-dist/css/bootstrap-datepicker3.css.map
INFO: [ app_init ] --START--
INFO: Run Behavior\BuildLiteBehavior [ RunTime:0.000028s ]
INFO: [ app_init ] --END-- [ RunTime:0.000630s ]
ERR: 无法加载模块:Public

