[ 2017-11-04T10:24:07+08:00 ] ::1 /HOS/index.php/add/error/%E5%AD%97%E5%85%B8%E9%A1%B9%E4%B8%8B%E5%B7%B2%E7%BB%8F%E6%9C%89%E8%AF%A5%E5%AD%97%E5%85%B8%E4%BB%A3%E7%A0%81%E4%BA%86!.html
INFO: [ app_init ] --START--
INFO: Run Behavior\BuildLiteBehavior [ RunTime:0.000010s ]
INFO: [ app_init ] --END-- [ RunTime:0.000489s ]
ERR: 无法加载模块:Add

[ 2017-11-04T10:28:16+08:00 ] ::1 /HOS/index.php/add/error/%E5%AD%97%E5%85%B8%E9%A1%B9%E4%B8%8B%E5%B7%B2%E7%BB%8F%E6%9C%89%E8%AF%A5%E5%AD%97%E5%85%B8%E4%BB%A3%E7%A0%81%E4%BA%86!.html
INFO: [ app_init ] --START--
INFO: Run Behavior\BuildLiteBehavior [ RunTime:0.000010s ]
INFO: [ app_init ] --END-- [ RunTime:0.000478s ]
ERR: 无法加载模块:Add

[ 2017-11-04T10:28:37+08:00 ] ::1 /HOS/index.php/add
INFO: [ app_init ] --START--
INFO: Run Behavior\BuildLiteBehavior [ RunTime:0.000013s ]
INFO: [ app_init ] --END-- [ RunTime:0.000450s ]
ERR: 无法加载模块:Add

[ 2017-11-04T10:28:42+08:00 ] ::1 /HOS/index.php/add
INFO: [ app_init ] --START--
INFO: Run Behavior\BuildLiteBehavior [ RunTime:0.000013s ]
INFO: [ app_init ] --END-- [ RunTime:0.000549s ]
ERR: 无法加载模块:Add

[ 2017-11-04T10:29:19+08:00 ] ::1 /HOS/index.php/add
INFO: [ app_init ] --START--
INFO: Run Behavior\BuildLiteBehavior [ RunTime:0.000012s ]
INFO: [ app_init ] --END-- [ RunTime:0.000509s ]
ERR: 无法加载模块:Add

