[ 2017-11-16T14:47:01+08:00 ] ::1 /HOS/Doc/Dutytime/applyForm
INFO: [ app_init ] --START--
INFO: Run Behavior\BuildLiteBehavior [ RunTime:0.000010s ]
INFO: [ app_init ] --END-- [ RunTime:0.000450s ]
INFO: [ app_begin ] --START--
INFO: Run Behavior\ReadHtmlCacheBehavior [ RunTime:0.000482s ]
INFO: [ app_begin ] --END-- [ RunTime:0.000521s ]
INFO: [ view_parse ] --START--
INFO: [ template_filter ] --START--
INFO: Run Behavior\ContentReplaceBehavior [ RunTime:0.000064s ]
INFO: [ template_filter ] --END-- [ RunTime:0.000108s ]
INFO: Run Behavior\ParseTemplateBehavior [ RunTime:0.007463s ]
INFO: [ view_parse ] --END-- [ RunTime:0.007508s ]
INFO: [ view_filter ] --START--
INFO: Run Behavior\WriteHtmlCacheBehavior [ RunTime:0.000353s ]
INFO: [ view_filter ] --END-- [ RunTime:0.000384s ]
INFO: [ app_end ] --START--
INFO: Run Behavior\ShowPageTraceBehavior [ RunTime:0.000462s ]
INFO: [ app_end ] --END-- [ RunTime:0.000503s ]

[ 2017-11-16T14:47:43+08:00 ] ::1 /HOS/Doc/Dutytime/applyForm
INFO: [ app_init ] --START--
INFO: Run Behavior\BuildLiteBehavior [ RunTime:0.000011s ]
INFO: [ app_init ] --END-- [ RunTime:0.000468s ]
INFO: [ app_begin ] --START--
INFO: Run Behavior\ReadHtmlCacheBehavior [ RunTime:0.000587s ]
INFO: [ app_begin ] --END-- [ RunTime:0.000626s ]
SQL: SHOW COLUMNS FROM `duty_schedule` [ RunTime:0.0062s ]
SQL: SELECT `dut_code` FROM `duty_schedule` WHERE ( doc_code='QH001D001' and week_code='1' and time_range='上午'  ) LIMIT 1   [ RunTime:0.0003s ]
SQL: SHOW COLUMNS FROM `stop_schedule` [ RunTime:0.0064s ]
NOTIC: [8] Undefined index: validate D:\Xampp\xampp\htdocs\HOS\ThinkPHP\Library\Think\Model.class.php 第 1185 行.
NOTIC: [8] Undefined index: auto D:\Xampp\xampp\htdocs\HOS\ThinkPHP\Library\Think\Model.class.php 第 1128 行.
SQL: INSERT INTO `stop_schedule` (`dut_code`,`begin_date`,`end_date`,`apply_date`,`apply_reason`) VALUES ('1','2017-11-25','2017-11-30','2017-11-16 14:47:43','家中有事') [ RunTime:0.0232s ]
INFO: [ app_end ] --START--
INFO: Run Behavior\ShowPageTraceBehavior [ RunTime:0.000897s ]
INFO: [ app_end ] --END-- [ RunTime:0.000946s ]

[ 2017-11-16T14:47:43+08:00 ] ::1 /HOS/Doc/Dutytime/applyForm
INFO: [ app_init ] --START--
INFO: Run Behavior\BuildLiteBehavior [ RunTime:0.000011s ]
INFO: [ app_init ] --END-- [ RunTime:0.000459s ]
INFO: [ app_begin ] --START--
INFO: Run Behavior\ReadHtmlCacheBehavior [ RunTime:0.000507s ]
INFO: [ app_begin ] --END-- [ RunTime:0.000544s ]
INFO: [ view_parse ] --START--
INFO: [ template_filter ] --START--
INFO: Run Behavior\ContentReplaceBehavior [ RunTime:0.000088s ]
INFO: [ template_filter ] --END-- [ RunTime:0.000172s ]
INFO: Run Behavior\ParseTemplateBehavior [ RunTime:0.008206s ]
INFO: [ view_parse ] --END-- [ RunTime:0.008256s ]
INFO: [ view_filter ] --START--
INFO: Run Behavior\WriteHtmlCacheBehavior [ RunTime:0.000383s ]
INFO: [ view_filter ] --END-- [ RunTime:0.000418s ]
INFO: [ app_end ] --START--
INFO: Run Behavior\ShowPageTraceBehavior [ RunTime:0.000646s ]
INFO: [ app_end ] --END-- [ RunTime:0.000706s ]

[ 2017-11-16T14:49:05+08:00 ] ::1 /HOS/Doc/Dutytime/applyForm
INFO: [ app_init ] --START--
INFO: Run Behavior\BuildLiteBehavior [ RunTime:0.000011s ]
INFO: [ app_init ] --END-- [ RunTime:0.000446s ]
INFO: [ app_begin ] --START--
INFO: Run Behavior\ReadHtmlCacheBehavior [ RunTime:0.000500s ]
INFO: [ app_begin ] --END-- [ RunTime:0.000536s ]
INFO: [ view_parse ] --START--
INFO: [ template_filter ] --START--
INFO: Run Behavior\ContentReplaceBehavior [ RunTime:0.000059s ]
INFO: [ template_filter ] --END-- [ RunTime:0.000092s ]
INFO: Run Behavior\ParseTemplateBehavior [ RunTime:0.006844s ]
INFO: [ view_parse ] --END-- [ RunTime:0.006887s ]
INFO: [ view_filter ] --START--
INFO: Run Behavior\WriteHtmlCacheBehavior [ RunTime:0.000354s ]
INFO: [ view_filter ] --END-- [ RunTime:0.000384s ]
INFO: [ app_end ] --START--
INFO: Run Behavior\ShowPageTraceBehavior [ RunTime:0.000498s ]
INFO: [ app_end ] --END-- [ RunTime:0.000539s ]

[ 2017-11-16T14:49:23+08:00 ] ::1 /HOS/Doc/Dutytime/applyForm
INFO: [ app_init ] --START--
INFO: Run Behavior\BuildLiteBehavior [ RunTime:0.000010s ]
INFO: [ app_init ] --END-- [ RunTime:0.000456s ]
INFO: [ app_begin ] --START--
INFO: Run Behavior\ReadHtmlCacheBehavior [ RunTime:0.000650s ]
INFO: [ app_begin ] --END-- [ RunTime:0.000741s ]
SQL: SHOW COLUMNS FROM `duty_schedule` [ RunTime:0.0062s ]
SQL: SELECT `dut_code` FROM `duty_schedule` WHERE ( doc_code='QH001D001' and week_code='1' and time_range='下午'  ) LIMIT 1   [ RunTime:0.0003s ]
SQL: SHOW COLUMNS FROM `stop_schedule` [ RunTime:0.0063s ]
NOTIC: [8] Undefined index: validate D:\Xampp\xampp\htdocs\HOS\ThinkPHP\Library\Think\Model.class.php 第 1185 行.
NOTIC: [8] Undefined index: auto D:\Xampp\xampp\htdocs\HOS\ThinkPHP\Library\Think\Model.class.php 第 1128 行.
SQL: INSERT INTO `stop_schedule` (`dut_code`,`begin_date`,`end_date`,`apply_date`,`apply_reason`) VALUES ('2','2017-11-30','2017-11-29','2017-11-16 14:49:23','家中有事') [ RunTime:0.0396s ]
INFO: [ app_end ] --START--
INFO: Run Behavior\ShowPageTraceBehavior [ RunTime:0.000780s ]
INFO: [ app_end ] --END-- [ RunTime:0.000829s ]

[ 2017-11-16T14:49:23+08:00 ] ::1 /HOS/Doc/Dutytime/applyForm
INFO: [ app_init ] --START--
INFO: Run Behavior\BuildLiteBehavior [ RunTime:0.000011s ]
INFO: [ app_init ] --END-- [ RunTime:0.000446s ]
INFO: [ app_begin ] --START--
INFO: Run Behavior\ReadHtmlCacheBehavior [ RunTime:0.000501s ]
INFO: [ app_begin ] --END-- [ RunTime:0.000537s ]
INFO: [ view_parse ] --START--
INFO: [ template_filter ] --START--
INFO: Run Behavior\ContentReplaceBehavior [ RunTime:0.000060s ]
INFO: [ template_filter ] --END-- [ RunTime:0.000098s ]
INFO: Run Behavior\ParseTemplateBehavior [ RunTime:0.006980s ]
INFO: [ view_parse ] --END-- [ RunTime:0.007050s ]
INFO: [ view_filter ] --START--
INFO: Run Behavior\WriteHtmlCacheBehavior [ RunTime:0.000527s ]
INFO: [ view_filter ] --END-- [ RunTime:0.000629s ]
INFO: [ app_end ] --START--
INFO: Run Behavior\ShowPageTraceBehavior [ RunTime:0.000712s ]
INFO: [ app_end ] --END-- [ RunTime:0.000793s ]

[ 2017-11-16T14:50:44+08:00 ] ::1 /HOS/Doc/Dutytime/applyForm
INFO: [ app_init ] --START--
INFO: Run Behavior\BuildLiteBehavior [ RunTime:0.000010s ]
INFO: [ app_init ] --END-- [ RunTime:0.000506s ]
INFO: [ app_begin ] --START--
INFO: Run Behavior\ReadHtmlCacheBehavior [ RunTime:0.000752s ]
INFO: [ app_begin ] --END-- [ RunTime:0.000789s ]
INFO: [ view_parse ] --START--
INFO: [ template_filter ] --START--
INFO: Run Behavior\ContentReplaceBehavior [ RunTime:0.000062s ]
INFO: [ template_filter ] --END-- [ RunTime:0.000109s ]
INFO: Run Behavior\ParseTemplateBehavior [ RunTime:0.008592s ]
INFO: [ view_parse ] --END-- [ RunTime:0.008654s ]
INFO: [ view_filter ] --START--
INFO: Run Behavior\WriteHtmlCacheBehavior [ RunTime:0.000551s ]
INFO: [ view_filter ] --END-- [ RunTime:0.000581s ]
INFO: [ app_end ] --START--
INFO: Run Behavior\ShowPageTraceBehavior [ RunTime:0.000709s ]
INFO: [ app_end ] --END-- [ RunTime:0.000754s ]

[ 2017-11-16T14:51:12+08:00 ] ::1 /HOS/Doc/Dutytime/applyForm
INFO: [ app_init ] --START--
INFO: Run Behavior\BuildLiteBehavior [ RunTime:0.000009s ]
INFO: [ app_init ] --END-- [ RunTime:0.000467s ]
INFO: [ app_begin ] --START--
INFO: Run Behavior\ReadHtmlCacheBehavior [ RunTime:0.000844s ]
INFO: [ app_begin ] --END-- [ RunTime:0.000915s ]
SQL: SHOW COLUMNS FROM `duty_schedule` [ RunTime:0.0057s ]
SQL: SELECT `dut_code` FROM `duty_schedule` WHERE ( doc_code='QH001D001' and week_code='1' and time_range='下午'  ) LIMIT 1   [ RunTime:0.0003s ]
SQL: SHOW COLUMNS FROM `stop_schedule` [ RunTime:0.0060s ]
NOTIC: [8] Undefined index: validate D:\Xampp\xampp\htdocs\HOS\ThinkPHP\Library\Think\Model.class.php 第 1185 行.
NOTIC: [8] Undefined index: auto D:\Xampp\xampp\htdocs\HOS\ThinkPHP\Library\Think\Model.class.php 第 1128 行.
SQL: INSERT INTO `stop_schedule` (`dut_code`,`begin_date`,`end_date`,`apply_date`,`apply_reason`) VALUES ('2','2017-11-23','2017-11-24','2017-11-16 14:51:12','家中有事') [ RunTime:0.0566s ]
INFO: [ app_end ] --START--
INFO: Run Behavior\ShowPageTraceBehavior [ RunTime:0.002821s ]
INFO: [ app_end ] --END-- [ RunTime:0.002965s ]

[ 2017-11-16T14:51:12+08:00 ] ::1 /HOS/Doc/Dutytime/applyRecordLst
INFO: [ app_init ] --START--
INFO: Run Behavior\BuildLiteBehavior [ RunTime:0.000011s ]
INFO: [ app_init ] --END-- [ RunTime:0.000486s ]
INFO: [ app_begin ] --START--
INFO: Run Behavior\ReadHtmlCacheBehavior [ RunTime:0.000676s ]
INFO: [ app_begin ] --END-- [ RunTime:0.000715s ]
SQL: SHOW COLUMNS FROM `stop_schedule` [ RunTime:0.0059s ]
SQL: SELECT * FROM `stop_schedule` inner join duty_schedule on stop_schedule.dut_code=duty_schedule.dut_code join doctor on duty_schedule.doc_code=doctor.doc_code   WHERE ( duty_schedule.doc_code='QH001D001' )  [ RunTime:0.0005s ]
SQL: SELECT * FROM `stop_schedule` inner join duty_schedule on stop_schedule.dut_code=duty_schedule.dut_code join doctor on duty_schedule.doc_code=doctor.doc_code   WHERE ( duty_schedule.doc_code='QH001D001' )  [ RunTime:0.0004s ]
SQL: SELECT * FROM `stop_schedule` inner join duty_schedule on stop_schedule.dut_code=duty_schedule.dut_code join doctor on duty_schedule.doc_code=doctor.doc_code   WHERE ( duty_schedule.doc_code='QH001D001' ) LIMIT 0,4   [ RunTime:0.0004s ]
INFO: [ view_parse ] --START--
INFO: [ template_filter ] --START--
INFO: Run Behavior\ContentReplaceBehavior [ RunTime:0.000075s ]
INFO: [ template_filter ] --END-- [ RunTime:0.000116s ]
INFO: Run Behavior\ParseTemplateBehavior [ RunTime:0.012187s ]
INFO: [ view_parse ] --END-- [ RunTime:0.012237s ]
INFO: [ view_filter ] --START--
INFO: Run Behavior\WriteHtmlCacheBehavior [ RunTime:0.000569s ]
INFO: [ view_filter ] --END-- [ RunTime:0.000603s ]
INFO: [ app_end ] --START--
INFO: Run Behavior\ShowPageTraceBehavior [ RunTime:0.000885s ]
INFO: [ app_end ] --END-- [ RunTime:0.000926s ]

[ 2017-11-16T14:51:22+08:00 ] ::1 /HOS/Doc/Dutytime/applyForm
INFO: [ app_init ] --START--
INFO: Run Behavior\BuildLiteBehavior [ RunTime:0.000010s ]
INFO: [ app_init ] --END-- [ RunTime:0.000534s ]
INFO: [ app_begin ] --START--
INFO: Run Behavior\ReadHtmlCacheBehavior [ RunTime:0.000656s ]
INFO: [ app_begin ] --END-- [ RunTime:0.000692s ]
INFO: [ view_parse ] --START--
INFO: [ template_filter ] --START--
INFO: Run Behavior\ContentReplaceBehavior [ RunTime:0.000061s ]
INFO: [ template_filter ] --END-- [ RunTime:0.000098s ]
INFO: Run Behavior\ParseTemplateBehavior [ RunTime:0.007532s ]
INFO: [ view_parse ] --END-- [ RunTime:0.007577s ]
INFO: [ view_filter ] --START--
INFO: Run Behavior\WriteHtmlCacheBehavior [ RunTime:0.000551s ]
INFO: [ view_filter ] --END-- [ RunTime:0.000582s ]
INFO: [ app_end ] --START--
INFO: Run Behavior\ShowPageTraceBehavior [ RunTime:0.000692s ]
INFO: [ app_end ] --END-- [ RunTime:0.000733s ]

[ 2017-11-16T14:51:24+08:00 ] ::1 /HOS/Doc/Dutytime/applyRecordLst
INFO: [ app_init ] --START--
INFO: Run Behavior\BuildLiteBehavior [ RunTime:0.000015s ]
INFO: [ app_init ] --END-- [ RunTime:0.000544s ]
INFO: [ app_begin ] --START--
INFO: Run Behavior\ReadHtmlCacheBehavior [ RunTime:0.000724s ]
INFO: [ app_begin ] --END-- [ RunTime:0.000769s ]
SQL: SHOW COLUMNS FROM `stop_schedule` [ RunTime:0.0074s ]
SQL: SELECT * FROM `stop_schedule` inner join duty_schedule on stop_schedule.dut_code=duty_schedule.dut_code join doctor on duty_schedule.doc_code=doctor.doc_code   WHERE ( duty_schedule.doc_code='QH001D001' )  [ RunTime:0.0005s ]
SQL: SELECT * FROM `stop_schedule` inner join duty_schedule on stop_schedule.dut_code=duty_schedule.dut_code join doctor on duty_schedule.doc_code=doctor.doc_code   WHERE ( duty_schedule.doc_code='QH001D001' )  [ RunTime:0.0005s ]
SQL: SELECT * FROM `stop_schedule` inner join duty_schedule on stop_schedule.dut_code=duty_schedule.dut_code join doctor on duty_schedule.doc_code=doctor.doc_code   WHERE ( duty_schedule.doc_code='QH001D001' ) LIMIT 0,4   [ RunTime:0.0004s ]
INFO: [ view_parse ] --START--
INFO: [ template_filter ] --START--
INFO: Run Behavior\ContentReplaceBehavior [ RunTime:0.000092s ]
INFO: [ template_filter ] --END-- [ RunTime:0.000147s ]
INFO: Run Behavior\ParseTemplateBehavior [ RunTime:0.012786s ]
INFO: [ view_parse ] --END-- [ RunTime:0.012834s ]
INFO: [ view_filter ] --START--
INFO: Run Behavior\WriteHtmlCacheBehavior [ RunTime:0.000562s ]
INFO: [ view_filter ] --END-- [ RunTime:0.000596s ]
INFO: [ app_end ] --START--
INFO: Run Behavior\ShowPageTraceBehavior [ RunTime:0.001103s ]
INFO: [ app_end ] --END-- [ RunTime:0.001167s ]

[ 2017-11-16T14:52:29+08:00 ] ::1 /HOS/Doc/Dutytime/applyForm
INFO: [ app_init ] --START--
INFO: Run Behavior\BuildLiteBehavior [ RunTime:0.000010s ]
INFO: [ app_init ] --END-- [ RunTime:0.000440s ]
INFO: [ app_begin ] --START--
INFO: Run Behavior\ReadHtmlCacheBehavior [ RunTime:0.000624s ]
INFO: [ app_begin ] --END-- [ RunTime:0.000665s ]
INFO: [ view_parse ] --START--
INFO: [ template_filter ] --START--
INFO: Run Behavior\ContentReplaceBehavior [ RunTime:0.000070s ]
INFO: [ template_filter ] --END-- [ RunTime:0.000125s ]
INFO: Run Behavior\ParseTemplateBehavior [ RunTime:0.008345s ]
INFO: [ view_parse ] --END-- [ RunTime:0.008389s ]
INFO: [ view_filter ] --START--
INFO: Run Behavior\WriteHtmlCacheBehavior [ RunTime:0.000525s ]
INFO: [ view_filter ] --END-- [ RunTime:0.000556s ]
INFO: [ app_end ] --START--
INFO: Run Behavior\ShowPageTraceBehavior [ RunTime:0.000710s ]
INFO: [ app_end ] --END-- [ RunTime:0.000752s ]

[ 2017-11-16T14:52:32+08:00 ] ::1 /HOS/Doc/Dutytime/applyRecordLst
INFO: [ app_init ] --START--
INFO: Run Behavior\BuildLiteBehavior [ RunTime:0.000011s ]
INFO: [ app_init ] --END-- [ RunTime:0.000522s ]
INFO: [ app_begin ] --START--
INFO: Run Behavior\ReadHtmlCacheBehavior [ RunTime:0.000664s ]
INFO: [ app_begin ] --END-- [ RunTime:0.000703s ]
SQL: SHOW COLUMNS FROM `stop_schedule` [ RunTime:0.0056s ]
SQL: SELECT * FROM `stop_schedule` inner join duty_schedule on stop_schedule.dut_code=duty_schedule.dut_code join doctor on duty_schedule.doc_code=doctor.doc_code   WHERE ( duty_schedule.doc_code='QH001D001' )  [ RunTime:0.0005s ]
SQL: SELECT * FROM `stop_schedule` inner join duty_schedule on stop_schedule.dut_code=duty_schedule.dut_code join doctor on duty_schedule.doc_code=doctor.doc_code   WHERE ( duty_schedule.doc_code='QH001D001' )  [ RunTime:0.0004s ]
SQL: SELECT * FROM `stop_schedule` inner join duty_schedule on stop_schedule.dut_code=duty_schedule.dut_code join doctor on duty_schedule.doc_code=doctor.doc_code   WHERE ( duty_schedule.doc_code='QH001D001' ) LIMIT 0,4   [ RunTime:0.0004s ]
INFO: [ view_parse ] --START--
INFO: [ template_filter ] --START--
INFO: Run Behavior\ContentReplaceBehavior [ RunTime:0.000074s ]
INFO: [ template_filter ] --END-- [ RunTime:0.000113s ]
INFO: Run Behavior\ParseTemplateBehavior [ RunTime:0.011422s ]
INFO: [ view_parse ] --END-- [ RunTime:0.011467s ]
INFO: [ view_filter ] --START--
INFO: Run Behavior\WriteHtmlCacheBehavior [ RunTime:0.000524s ]
INFO: [ view_filter ] --END-- [ RunTime:0.000555s ]
INFO: [ app_end ] --START--
INFO: Run Behavior\ShowPageTraceBehavior [ RunTime:0.000839s ]
INFO: [ app_end ] --END-- [ RunTime:0.000878s ]

[ 2017-11-16T14:55:06+08:00 ] ::1 /HOS/Doc/Msg/edit
INFO: [ app_init ] --START--
INFO: Run Behavior\BuildLiteBehavior [ RunTime:0.000009s ]
INFO: [ app_init ] --END-- [ RunTime:0.000482s ]
INFO: [ app_begin ] --START--
INFO: Run Behavior\ReadHtmlCacheBehavior [ RunTime:0.000684s ]
INFO: [ app_begin ] --END-- [ RunTime:0.000722s ]
SQL: SHOW COLUMNS FROM `treatment` [ RunTime:0.0055s ]
SQL: SELECT * FROM `treatment` inner join duty_schedule on treatment.dut_code=duty_schedule.dut_code join patient on treatment.p_id=patient.p_id join time_schedule on treatment.time_code=time_schedule.time_code  WHERE ( duty_schedule.doc_code='QH001D001' and treatment.t_date='2017-11-16' )  [ RunTime:0.0004s ]
INFO: [ view_parse ] --START--
INFO: [ template_filter ] --START--
INFO: Run Behavior\ContentReplaceBehavior [ RunTime:0.000064s ]
INFO: [ template_filter ] --END-- [ RunTime:0.000102s ]
NOTIC: [8] Undefined variable: page2 D:\Xampp\xampp\htdocs\HOS\Application\Runtime\Cache\Doc\98bcfea23ed04c6c1f16ee22d842cdae.php 第 71 行.
NOTIC: [8] Undefined variable: page D:\Xampp\xampp\htdocs\HOS\Application\Runtime\Cache\Doc\98bcfea23ed04c6c1f16ee22d842cdae.php 第 116 行.
INFO: Run Behavior\ParseTemplateBehavior [ RunTime:0.009970s ]
INFO: [ view_parse ] --END-- [ RunTime:0.010006s ]
INFO: [ view_filter ] --START--
INFO: Run Behavior\WriteHtmlCacheBehavior [ RunTime:0.000530s ]
INFO: [ view_filter ] --END-- [ RunTime:0.000560s ]
INFO: [ app_end ] --START--
INFO: Run Behavior\ShowPageTraceBehavior [ RunTime:0.000653s ]
INFO: [ app_end ] --END-- [ RunTime:0.000683s ]

[ 2017-11-16T14:55:10+08:00 ] ::1 /HOS/Doc/Doc/edit
INFO: [ app_init ] --START--
INFO: Run Behavior\BuildLiteBehavior [ RunTime:0.000018s ]
INFO: [ app_init ] --END-- [ RunTime:0.000571s ]
INFO: [ app_begin ] --START--
INFO: Run Behavior\ReadHtmlCacheBehavior [ RunTime:0.001028s ]
INFO: [ app_begin ] --END-- [ RunTime:0.001091s ]
SQL: SHOW COLUMNS FROM `doctor` [ RunTime:0.0085s ]
SQL: SELECT * FROM `doctor` WHERE ( doc_code='QH001D001' ) LIMIT 1   [ RunTime:0.0005s ]
INFO: [ view_parse ] --START--
INFO: [ template_filter ] --START--
INFO: Run Behavior\ContentReplaceBehavior [ RunTime:0.000114s ]
INFO: [ template_filter ] --END-- [ RunTime:0.000186s ]
INFO: Run Behavior\ParseTemplateBehavior [ RunTime:0.012850s ]
INFO: [ view_parse ] --END-- [ RunTime:0.012941s ]
INFO: [ view_filter ] --START--
INFO: Run Behavior\WriteHtmlCacheBehavior [ RunTime:0.001023s ]
INFO: [ view_filter ] --END-- [ RunTime:0.001090s ]
INFO: [ app_end ] --START--
INFO: Run Behavior\ShowPageTraceBehavior [ RunTime:0.001054s ]
INFO: [ app_end ] --END-- [ RunTime:0.001123s ]

[ 2017-11-16T15:05:09+08:00 ] ::1 /HOS/Doc/Dutytime/applyForm
INFO: [ app_init ] --START--
INFO: Run Behavior\BuildLiteBehavior [ RunTime:0.000019s ]
INFO: [ app_init ] --END-- [ RunTime:0.000583s ]
INFO: [ app_begin ] --START--
INFO: Run Behavior\ReadHtmlCacheBehavior [ RunTime:0.000993s ]
INFO: [ app_begin ] --END-- [ RunTime:0.001059s ]
INFO: [ view_parse ] --START--
INFO: [ template_filter ] --START--
INFO: Run Behavior\ContentReplaceBehavior [ RunTime:0.000107s ]
INFO: [ template_filter ] --END-- [ RunTime:0.000189s ]
INFO: Run Behavior\ParseTemplateBehavior [ RunTime:0.011994s ]
INFO: [ view_parse ] --END-- [ RunTime:0.012079s ]
INFO: [ view_filter ] --START--
INFO: Run Behavior\WriteHtmlCacheBehavior [ RunTime:0.000808s ]
INFO: [ view_filter ] --END-- [ RunTime:0.000866s ]
INFO: [ app_end ] --START--
INFO: Run Behavior\ShowPageTraceBehavior [ RunTime:0.001068s ]
INFO: [ app_end ] --END-- [ RunTime:0.001145s ]

[ 2017-11-16T15:05:11+08:00 ] ::1 /HOS/Doc/Msg/edit
INFO: [ app_init ] --START--
INFO: Run Behavior\BuildLiteBehavior [ RunTime:0.000011s ]
INFO: [ app_init ] --END-- [ RunTime:0.000392s ]
INFO: [ app_begin ] --START--
INFO: Run Behavior\ReadHtmlCacheBehavior [ RunTime:0.000624s ]
INFO: [ app_begin ] --END-- [ RunTime:0.000666s ]
SQL: SHOW COLUMNS FROM `treatment` [ RunTime:0.0061s ]
SQL: SELECT * FROM `treatment` inner join duty_schedule on treatment.dut_code=duty_schedule.dut_code join patient on treatment.p_id=patient.p_id join time_schedule on treatment.time_code=time_schedule.time_code  WHERE ( duty_schedule.doc_code='QH001D001' and treatment.t_date='2017-11-16' )  [ RunTime:0.0004s ]
INFO: [ view_parse ] --START--
INFO: [ template_filter ] --START--
INFO: Run Behavior\ContentReplaceBehavior [ RunTime:0.000073s ]
INFO: [ template_filter ] --END-- [ RunTime:0.000117s ]
NOTIC: [8] Undefined variable: page2 D:\Xampp\xampp\htdocs\HOS\Application\Runtime\Cache\Doc\98bcfea23ed04c6c1f16ee22d842cdae.php 第 71 行.
NOTIC: [8] Undefined variable: page D:\Xampp\xampp\htdocs\HOS\Application\Runtime\Cache\Doc\98bcfea23ed04c6c1f16ee22d842cdae.php 第 116 行.
INFO: Run Behavior\ParseTemplateBehavior [ RunTime:0.009781s ]
INFO: [ view_parse ] --END-- [ RunTime:0.009821s ]
INFO: [ view_filter ] --START--
INFO: Run Behavior\WriteHtmlCacheBehavior [ RunTime:0.000559s ]
INFO: [ view_filter ] --END-- [ RunTime:0.000592s ]
INFO: [ app_end ] --START--
INFO: Run Behavior\ShowPageTraceBehavior [ RunTime:0.000689s ]
INFO: [ app_end ] --END-- [ RunTime:0.000721s ]

[ 2017-11-16T15:48:04+08:00 ] ::1 /HOS/Doc/Dutytime/applyForm
INFO: [ app_init ] --START--
INFO: Run Behavior\BuildLiteBehavior [ RunTime:0.000012s ]
INFO: [ app_init ] --END-- [ RunTime:0.000499s ]
INFO: [ app_begin ] --START--
INFO: Run Behavior\ReadHtmlCacheBehavior [ RunTime:0.000622s ]
INFO: [ app_begin ] --END-- [ RunTime:0.000658s ]
INFO: [ view_parse ] --START--
INFO: [ template_filter ] --START--
INFO: Run Behavior\ContentReplaceBehavior [ RunTime:0.000058s ]
INFO: [ template_filter ] --END-- [ RunTime:0.000093s ]
INFO: Run Behavior\ParseTemplateBehavior [ RunTime:0.007331s ]
INFO: [ view_parse ] --END-- [ RunTime:0.007375s ]
INFO: [ view_filter ] --START--
INFO: Run Behavior\WriteHtmlCacheBehavior [ RunTime:0.000596s ]
INFO: [ view_filter ] --END-- [ RunTime:0.000707s ]
INFO: [ app_end ] --START--
INFO: Run Behavior\ShowPageTraceBehavior [ RunTime:0.001391s ]
INFO: [ app_end ] --END-- [ RunTime:0.001470s ]

[ 2017-11-16T15:48:34+08:00 ] ::1 /HOS/Doc/Dutytime/applyForm
INFO: [ app_init ] --START--
INFO: Run Behavior\BuildLiteBehavior [ RunTime:0.000011s ]
INFO: [ app_init ] --END-- [ RunTime:0.000486s ]
INFO: [ app_begin ] --START--
INFO: Run Behavior\ReadHtmlCacheBehavior [ RunTime:0.000598s ]
INFO: [ app_begin ] --END-- [ RunTime:0.000634s ]
SQL: SHOW COLUMNS FROM `duty_schedule` [ RunTime:0.0057s ]
SQL: SELECT `dut_code` FROM `duty_schedule` WHERE ( doc_code='QH001D001' and week_code='1' and time_range='上午'  ) LIMIT 1   [ RunTime:0.0003s ]
SQL: SHOW COLUMNS FROM `stop_schedule` [ RunTime:0.0061s ]
NOTIC: [8] Undefined index: validate D:\Xampp\xampp\htdocs\HOS\ThinkPHP\Library\Think\Model.class.php 第 1185 行.
NOTIC: [8] Undefined index: auto D:\Xampp\xampp\htdocs\HOS\ThinkPHP\Library\Think\Model.class.php 第 1128 行.
SQL: INSERT INTO `stop_schedule` (`dut_code`,`begin_date`,`end_date`,`apply_date`,`apply_reason`) VALUES ('1','2017-11-17','2017-11-26','2017-11-16 15:48:34','家中有事') [ RunTime:0.0370s ]
INFO: [ app_end ] --START--
INFO: Run Behavior\ShowPageTraceBehavior [ RunTime:0.001029s ]
INFO: [ app_end ] --END-- [ RunTime:0.001078s ]

[ 2017-11-16T15:48:34+08:00 ] ::1 /HOS/Doc/Dutytime/applyRecordLst
INFO: [ app_init ] --START--
INFO: Run Behavior\BuildLiteBehavior [ RunTime:0.000011s ]
INFO: [ app_init ] --END-- [ RunTime:0.000491s ]
INFO: [ app_begin ] --START--
INFO: Run Behavior\ReadHtmlCacheBehavior [ RunTime:0.000608s ]
INFO: [ app_begin ] --END-- [ RunTime:0.000645s ]
SQL: SHOW COLUMNS FROM `stop_schedule` [ RunTime:0.0056s ]
SQL: SELECT * FROM `stop_schedule` inner join duty_schedule on stop_schedule.dut_code=duty_schedule.dut_code join doctor on duty_schedule.doc_code=doctor.doc_code   WHERE ( duty_schedule.doc_code='QH001D001' )  [ RunTime:0.0004s ]
SQL: SELECT * FROM `stop_schedule` inner join duty_schedule on stop_schedule.dut_code=duty_schedule.dut_code join doctor on duty_schedule.doc_code=doctor.doc_code   WHERE ( duty_schedule.doc_code='QH001D001' )  [ RunTime:0.0004s ]
SQL: SELECT * FROM `stop_schedule` inner join duty_schedule on stop_schedule.dut_code=duty_schedule.dut_code join doctor on duty_schedule.doc_code=doctor.doc_code   WHERE ( duty_schedule.doc_code='QH001D001' ) LIMIT 0,4   [ RunTime:0.0004s ]
INFO: [ view_parse ] --START--
INFO: [ template_filter ] --START--
INFO: Run Behavior\ContentReplaceBehavior [ RunTime:0.000075s ]
INFO: [ template_filter ] --END-- [ RunTime:0.000115s ]
INFO: Run Behavior\ParseTemplateBehavior [ RunTime:0.011799s ]
INFO: [ view_parse ] --END-- [ RunTime:0.011847s ]
INFO: [ view_filter ] --START--
INFO: Run Behavior\WriteHtmlCacheBehavior [ RunTime:0.000480s ]
INFO: [ view_filter ] --END-- [ RunTime:0.000512s ]
INFO: [ app_end ] --START--
INFO: Run Behavior\ShowPageTraceBehavior [ RunTime:0.000838s ]
INFO: [ app_end ] --END-- [ RunTime:0.000890s ]

[ 2017-11-16T15:49:24+08:00 ] ::1 /HOS/Doc/Dutytime/applyForm
INFO: [ app_init ] --START--
INFO: Run Behavior\BuildLiteBehavior [ RunTime:0.000010s ]
INFO: [ app_init ] --END-- [ RunTime:0.000483s ]
INFO: [ app_begin ] --START--
INFO: Run Behavior\ReadHtmlCacheBehavior [ RunTime:0.000595s ]
INFO: [ app_begin ] --END-- [ RunTime:0.000631s ]
INFO: [ view_parse ] --START--
INFO: [ template_filter ] --START--
INFO: Run Behavior\ContentReplaceBehavior [ RunTime:0.000063s ]
INFO: [ template_filter ] --END-- [ RunTime:0.000105s ]
INFO: Run Behavior\ParseTemplateBehavior [ RunTime:0.008006s ]
INFO: [ view_parse ] --END-- [ RunTime:0.008052s ]
INFO: [ view_filter ] --START--
INFO: Run Behavior\WriteHtmlCacheBehavior [ RunTime:0.000469s ]
INFO: [ view_filter ] --END-- [ RunTime:0.000500s ]
INFO: [ app_end ] --START--
INFO: Run Behavior\ShowPageTraceBehavior [ RunTime:0.000725s ]
INFO: [ app_end ] --END-- [ RunTime:0.000770s ]

[ 2017-11-16T15:49:27+08:00 ] ::1 /HOS/Doc/Dutytime/applyRecordLst
INFO: [ app_init ] --START--
INFO: Run Behavior\BuildLiteBehavior [ RunTime:0.000012s ]
INFO: [ app_init ] --END-- [ RunTime:0.000514s ]
INFO: [ app_begin ] --START--
INFO: Run Behavior\ReadHtmlCacheBehavior [ RunTime:0.000629s ]
INFO: [ app_begin ] --END-- [ RunTime:0.000667s ]
SQL: SHOW COLUMNS FROM `stop_schedule` [ RunTime:0.0081s ]
SQL: SELECT * FROM `stop_schedule` inner join duty_schedule on stop_schedule.dut_code=duty_schedule.dut_code join doctor on duty_schedule.doc_code=doctor.doc_code   WHERE ( duty_schedule.doc_code='QH001D001' )  [ RunTime:0.0005s ]
SQL: SELECT * FROM `stop_schedule` inner join duty_schedule on stop_schedule.dut_code=duty_schedule.dut_code join doctor on duty_schedule.doc_code=doctor.doc_code   WHERE ( duty_schedule.doc_code='QH001D001' )  [ RunTime:0.0004s ]
SQL: SELECT * FROM `stop_schedule` inner join duty_schedule on stop_schedule.dut_code=duty_schedule.dut_code join doctor on duty_schedule.doc_code=doctor.doc_code   WHERE ( duty_schedule.doc_code='QH001D001' ) LIMIT 0,4   [ RunTime:0.0003s ]
INFO: [ view_parse ] --START--
INFO: [ template_filter ] --START--
INFO: Run Behavior\ContentReplaceBehavior [ RunTime:0.000091s ]
INFO: [ template_filter ] --END-- [ RunTime:0.000148s ]
INFO: Run Behavior\ParseTemplateBehavior [ RunTime:0.012515s ]
INFO: [ view_parse ] --END-- [ RunTime:0.012569s ]
INFO: [ view_filter ] --START--
INFO: Run Behavior\WriteHtmlCacheBehavior [ RunTime:0.000497s ]
INFO: [ view_filter ] --END-- [ RunTime:0.000531s ]
INFO: [ app_end ] --START--
INFO: Run Behavior\ShowPageTraceBehavior [ RunTime:0.000739s ]
INFO: [ app_end ] --END-- [ RunTime:0.000781s ]

[ 2017-11-16T15:49:35+08:00 ] ::1 /HOS/Doc/Doc/edit
INFO: [ app_init ] --START--
INFO: Run Behavior\BuildLiteBehavior [ RunTime:0.000012s ]
INFO: [ app_init ] --END-- [ RunTime:0.000454s ]
INFO: [ app_begin ] --START--
INFO: Run Behavior\ReadHtmlCacheBehavior [ RunTime:0.000652s ]
INFO: [ app_begin ] --END-- [ RunTime:0.000699s ]
SQL: SHOW COLUMNS FROM `doctor` [ RunTime:0.0062s ]
SQL: SELECT * FROM `doctor` WHERE ( doc_code='QH001D001' ) LIMIT 1   [ RunTime:0.0003s ]
INFO: [ view_parse ] --START--
INFO: [ template_filter ] --START--
INFO: Run Behavior\ContentReplaceBehavior [ RunTime:0.000062s ]
INFO: [ template_filter ] --END-- [ RunTime:0.000095s ]
INFO: Run Behavior\ParseTemplateBehavior [ RunTime:0.007783s ]
INFO: [ view_parse ] --END-- [ RunTime:0.007825s ]
INFO: [ view_filter ] --START--
INFO: Run Behavior\WriteHtmlCacheBehavior [ RunTime:0.000473s ]
INFO: [ view_filter ] --END-- [ RunTime:0.000504s ]
INFO: [ app_end ] --START--
INFO: Run Behavior\ShowPageTraceBehavior [ RunTime:0.000658s ]
INFO: [ app_end ] --END-- [ RunTime:0.000709s ]

[ 2017-11-16T15:49:43+08:00 ] ::1 /HOS/Doc/Msg/edit
INFO: [ app_init ] --START--
INFO: Run Behavior\BuildLiteBehavior [ RunTime:0.000009s ]
INFO: [ app_init ] --END-- [ RunTime:0.000461s ]
INFO: [ app_begin ] --START--
INFO: Run Behavior\ReadHtmlCacheBehavior [ RunTime:0.000594s ]
INFO: [ app_begin ] --END-- [ RunTime:0.000632s ]
SQL: SHOW COLUMNS FROM `treatment` [ RunTime:0.0060s ]
SQL: SELECT * FROM `treatment` inner join duty_schedule on treatment.dut_code=duty_schedule.dut_code join patient on treatment.p_id=patient.p_id join time_schedule on treatment.time_code=time_schedule.time_code  WHERE ( duty_schedule.doc_code='QH001D001' and treatment.t_date='2017-11-16' )  [ RunTime:0.0005s ]
INFO: [ view_parse ] --START--
INFO: [ template_filter ] --START--
INFO: Run Behavior\ContentReplaceBehavior [ RunTime:0.000063s ]
INFO: [ template_filter ] --END-- [ RunTime:0.000102s ]
NOTIC: [8] Undefined variable: page2 D:\Xampp\xampp\htdocs\HOS\Application\Runtime\Cache\Doc\98bcfea23ed04c6c1f16ee22d842cdae.php 第 71 行.
NOTIC: [8] Undefined variable: page D:\Xampp\xampp\htdocs\HOS\Application\Runtime\Cache\Doc\98bcfea23ed04c6c1f16ee22d842cdae.php 第 116 行.
INFO: Run Behavior\ParseTemplateBehavior [ RunTime:0.009661s ]
INFO: [ view_parse ] --END-- [ RunTime:0.009701s ]
INFO: [ view_filter ] --START--
INFO: Run Behavior\WriteHtmlCacheBehavior [ RunTime:0.000424s ]
INFO: [ view_filter ] --END-- [ RunTime:0.000456s ]
INFO: [ app_end ] --START--
INFO: Run Behavior\ShowPageTraceBehavior [ RunTime:0.000666s ]
INFO: [ app_end ] --END-- [ RunTime:0.000718s ]

[ 2017-11-16T15:49:53+08:00 ] ::1 /HOS/Doc/Dutytime/applyForm
INFO: [ app_init ] --START--
INFO: Run Behavior\BuildLiteBehavior [ RunTime:0.000011s ]
INFO: [ app_init ] --END-- [ RunTime:0.000459s ]
INFO: [ app_begin ] --START--
INFO: Run Behavior\ReadHtmlCacheBehavior [ RunTime:0.000492s ]
INFO: [ app_begin ] --END-- [ RunTime:0.000529s ]
INFO: [ view_parse ] --START--
INFO: [ template_filter ] --START--
INFO: Run Behavior\ContentReplaceBehavior [ RunTime:0.000060s ]
INFO: [ template_filter ] --END-- [ RunTime:0.000097s ]
INFO: Run Behavior\ParseTemplateBehavior [ RunTime:0.006420s ]
INFO: [ view_parse ] --END-- [ RunTime:0.006462s ]
INFO: [ view_filter ] --START--
INFO: Run Behavior\WriteHtmlCacheBehavior [ RunTime:0.000346s ]
INFO: [ view_filter ] --END-- [ RunTime:0.000377s ]
INFO: [ app_end ] --START--
INFO: Run Behavior\ShowPageTraceBehavior [ RunTime:0.000498s ]
INFO: [ app_end ] --END-- [ RunTime:0.000540s ]

[ 2017-11-16T15:49:53+08:00 ] ::1 /HOS/Doc/Msg/edit
INFO: [ app_init ] --START--
INFO: Run Behavior\BuildLiteBehavior [ RunTime:0.000010s ]
INFO: [ app_init ] --END-- [ RunTime:0.000445s ]
INFO: [ app_begin ] --START--
INFO: Run Behavior\ReadHtmlCacheBehavior [ RunTime:0.000507s ]
INFO: [ app_begin ] --END-- [ RunTime:0.000543s ]
SQL: SHOW COLUMNS FROM `treatment` [ RunTime:0.0059s ]
SQL: SELECT * FROM `treatment` inner join duty_schedule on treatment.dut_code=duty_schedule.dut_code join patient on treatment.p_id=patient.p_id join time_schedule on treatment.time_code=time_schedule.time_code  WHERE ( duty_schedule.doc_code='QH001D001' and treatment.t_date='2017-11-16' )  [ RunTime:0.0005s ]
INFO: [ view_parse ] --START--
INFO: [ template_filter ] --START--
INFO: Run Behavior\ContentReplaceBehavior [ RunTime:0.000062s ]
INFO: [ template_filter ] --END-- [ RunTime:0.000100s ]
NOTIC: [8] Undefined variable: page2 D:\Xampp\xampp\htdocs\HOS\Application\Runtime\Cache\Doc\98bcfea23ed04c6c1f16ee22d842cdae.php 第 71 行.
NOTIC: [8] Undefined variable: page D:\Xampp\xampp\htdocs\HOS\Application\Runtime\Cache\Doc\98bcfea23ed04c6c1f16ee22d842cdae.php 第 116 行.
INFO: Run Behavior\ParseTemplateBehavior [ RunTime:0.009052s ]
INFO: [ view_parse ] --END-- [ RunTime:0.009094s ]
INFO: [ view_filter ] --START--
INFO: Run Behavior\WriteHtmlCacheBehavior [ RunTime:0.000421s ]
INFO: [ view_filter ] --END-- [ RunTime:0.000458s ]
INFO: [ app_end ] --START--
INFO: Run Behavior\ShowPageTraceBehavior [ RunTime:0.000565s ]
INFO: [ app_end ] --END-- [ RunTime:0.000606s ]

[ 2017-11-16T15:53:02+08:00 ] ::1 /HOS/Doc/Msg/edit
INFO: [ app_init ] --START--
INFO: Run Behavior\BuildLiteBehavior [ RunTime:0.000010s ]
INFO: [ app_init ] --END-- [ RunTime:0.000491s ]
INFO: [ app_begin ] --START--
INFO: Run Behavior\ReadHtmlCacheBehavior [ RunTime:0.000742s ]
INFO: [ app_begin ] --END-- [ RunTime:0.000803s ]
SQL: SHOW COLUMNS FROM `treatment` [ RunTime:0.0059s ]
SQL: SELECT * FROM `treatment` inner join duty_schedule on treatment.dut_code=duty_schedule.dut_code join patient on treatment.p_id=patient.p_id join time_schedule on treatment.time_code=time_schedule.time_code  WHERE ( duty_schedule.doc_code='QH001D001' and treatment.t_date='2017-11-16' )  [ RunTime:0.0005s ]
INFO: [ view_parse ] --START--
INFO: [ template_filter ] --START--
INFO: Run Behavior\ContentReplaceBehavior [ RunTime:0.000062s ]
INFO: [ template_filter ] --END-- [ RunTime:0.000101s ]
NOTIC: [8] Undefined variable: page2 D:\Xampp\xampp\htdocs\HOS\Application\Runtime\Cache\Doc\98bcfea23ed04c6c1f16ee22d842cdae.php 第 71 行.
NOTIC: [8] Undefined variable: page D:\Xampp\xampp\htdocs\HOS\Application\Runtime\Cache\Doc\98bcfea23ed04c6c1f16ee22d842cdae.php 第 116 行.
INFO: Run Behavior\ParseTemplateBehavior [ RunTime:0.009803s ]
INFO: [ view_parse ] --END-- [ RunTime:0.009865s ]
INFO: [ view_filter ] --START--
INFO: Run Behavior\WriteHtmlCacheBehavior [ RunTime:0.000475s ]
INFO: [ view_filter ] --END-- [ RunTime:0.000506s ]
INFO: [ app_end ] --START--
INFO: Run Behavior\ShowPageTraceBehavior [ RunTime:0.000600s ]
INFO: [ app_end ] --END-- [ RunTime:0.000640s ]

[ 2017-11-16T15:53:12+08:00 ] ::1 /HOS/Doc/Msg/edit/t_code/14
INFO: [ app_init ] --START--
INFO: Run Behavior\BuildLiteBehavior [ RunTime:0.000011s ]
INFO: [ app_init ] --END-- [ RunTime:0.000476s ]
INFO: [ app_begin ] --START--
INFO: Run Behavior\ReadHtmlCacheBehavior [ RunTime:0.000598s ]
INFO: [ app_begin ] --END-- [ RunTime:0.000631s ]
SQL: SHOW COLUMNS FROM `treatment` [ RunTime:0.0063s ]
SQL: UPDATE `treatment` SET `t_status`='2' WHERE `t_code` = 14 [ RunTime:0.0799s ]

[ 2017-11-16T15:53:12+08:00 ] ::1 /HOS/Doc/Msg/edit
INFO: [ app_init ] --START--
INFO: Run Behavior\BuildLiteBehavior [ RunTime:0.000011s ]
INFO: [ app_init ] --END-- [ RunTime:0.000455s ]
INFO: [ app_begin ] --START--
INFO: Run Behavior\ReadHtmlCacheBehavior [ RunTime:0.000605s ]
INFO: [ app_begin ] --END-- [ RunTime:0.000642s ]
SQL: SHOW COLUMNS FROM `treatment` [ RunTime:0.0059s ]
SQL: SELECT * FROM `treatment` inner join duty_schedule on treatment.dut_code=duty_schedule.dut_code join patient on treatment.p_id=patient.p_id join time_schedule on treatment.time_code=time_schedule.time_code  WHERE ( duty_schedule.doc_code='QH001D001' and treatment.t_date='2017-11-16' )  [ RunTime:0.0005s ]
INFO: [ view_parse ] --START--
INFO: [ template_filter ] --START--
INFO: Run Behavior\ContentReplaceBehavior [ RunTime:0.000062s ]
INFO: [ template_filter ] --END-- [ RunTime:0.000101s ]
NOTIC: [8] Undefined variable: page2 D:\Xampp\xampp\htdocs\HOS\Application\Runtime\Cache\Doc\98bcfea23ed04c6c1f16ee22d842cdae.php 第 71 行.
NOTIC: [8] Undefined variable: page D:\Xampp\xampp\htdocs\HOS\Application\Runtime\Cache\Doc\98bcfea23ed04c6c1f16ee22d842cdae.php 第 116 行.
INFO: Run Behavior\ParseTemplateBehavior [ RunTime:0.010563s ]
INFO: [ view_parse ] --END-- [ RunTime:0.010605s ]
INFO: [ view_filter ] --START--
INFO: Run Behavior\WriteHtmlCacheBehavior [ RunTime:0.000461s ]
INFO: [ view_filter ] --END-- [ RunTime:0.000493s ]
INFO: [ app_end ] --START--
INFO: Run Behavior\ShowPageTraceBehavior [ RunTime:0.000613s ]
INFO: [ app_end ] --END-- [ RunTime:0.000651s ]

[ 2017-11-16T15:53:13+08:00 ] ::1 /HOS/Doc/Msg/edit/t_code/16
INFO: [ app_init ] --START--
INFO: Run Behavior\BuildLiteBehavior [ RunTime:0.000017s ]
INFO: [ app_init ] --END-- [ RunTime:0.000658s ]
INFO: [ app_begin ] --START--
INFO: Run Behavior\ReadHtmlCacheBehavior [ RunTime:0.000914s ]
INFO: [ app_begin ] --END-- [ RunTime:0.000974s ]
SQL: SHOW COLUMNS FROM `treatment` [ RunTime:0.0076s ]
SQL: UPDATE `treatment` SET `t_status`='2' WHERE `t_code` = 16 [ RunTime:0.0518s ]

[ 2017-11-16T15:53:13+08:00 ] ::1 /HOS/Doc/Msg/edit
INFO: [ app_init ] --START--
INFO: Run Behavior\BuildLiteBehavior [ RunTime:0.000012s ]
INFO: [ app_init ] --END-- [ RunTime:0.000433s ]
INFO: [ app_begin ] --START--
INFO: Run Behavior\ReadHtmlCacheBehavior [ RunTime:0.000559s ]
INFO: [ app_begin ] --END-- [ RunTime:0.000599s ]
SQL: SHOW COLUMNS FROM `treatment` [ RunTime:0.0063s ]
SQL: SELECT * FROM `treatment` inner join duty_schedule on treatment.dut_code=duty_schedule.dut_code join patient on treatment.p_id=patient.p_id join time_schedule on treatment.time_code=time_schedule.time_code  WHERE ( duty_schedule.doc_code='QH001D001' and treatment.t_date='2017-11-16' )  [ RunTime:0.0005s ]
INFO: [ view_parse ] --START--
INFO: [ template_filter ] --START--
INFO: Run Behavior\ContentReplaceBehavior [ RunTime:0.000067s ]
INFO: [ template_filter ] --END-- [ RunTime:0.000104s ]
NOTIC: [8] Undefined variable: page2 D:\Xampp\xampp\htdocs\HOS\Application\Runtime\Cache\Doc\98bcfea23ed04c6c1f16ee22d842cdae.php 第 71 行.
NOTIC: [8] Undefined variable: page D:\Xampp\xampp\htdocs\HOS\Application\Runtime\Cache\Doc\98bcfea23ed04c6c1f16ee22d842cdae.php 第 116 行.
INFO: Run Behavior\ParseTemplateBehavior [ RunTime:0.009729s ]
INFO: [ view_parse ] --END-- [ RunTime:0.009770s ]
INFO: [ view_filter ] --START--
INFO: Run Behavior\WriteHtmlCacheBehavior [ RunTime:0.000507s ]
INFO: [ view_filter ] --END-- [ RunTime:0.000537s ]
INFO: [ app_end ] --START--
INFO: Run Behavior\ShowPageTraceBehavior [ RunTime:0.000819s ]
INFO: [ app_end ] --END-- [ RunTime:0.000883s ]

[ 2017-11-16T15:53:14+08:00 ] ::1 /HOS/Doc/Msg/edit
INFO: [ app_init ] --START--
INFO: Run Behavior\BuildLiteBehavior [ RunTime:0.000009s ]
INFO: [ app_init ] --END-- [ RunTime:0.000471s ]
INFO: [ app_begin ] --START--
INFO: Run Behavior\ReadHtmlCacheBehavior [ RunTime:0.000593s ]
INFO: [ app_begin ] --END-- [ RunTime:0.000628s ]
SQL: SHOW COLUMNS FROM `treatment` [ RunTime:0.0064s ]
SQL: UPDATE `treatment` SET `t_status`='3' WHERE `t_code` = 15 [ RunTime:0.0337s ]
SQL: SELECT `p_id` FROM `treatment` WHERE ( t_code='15' ) LIMIT 1   [ RunTime:0.0003s ]
SQL: SELECT `t_date` FROM `treatment` WHERE ( t_code='15' ) LIMIT 1   [ RunTime:0.0003s ]
SQL: SHOW COLUMNS FROM `untreatment` [ RunTime:0.0097s ]
SQL: SELECT * FROM `untreatment` WHERE ( p_id='41080219960423007X' )  [ RunTime:0.0032s ]
SQL: INSERT INTO `untreatment` (`t_code`,`p_id`,`t_date`) VALUES ('15','41080219960423007X','2017-11-16') [ RunTime:0.0493s ]

[ 2017-11-16T15:53:14+08:00 ] ::1 /HOS/Doc/Msg/edit
INFO: [ app_init ] --START--
INFO: Run Behavior\BuildLiteBehavior [ RunTime:0.000010s ]
INFO: [ app_init ] --END-- [ RunTime:0.000464s ]
INFO: [ app_begin ] --START--
INFO: Run Behavior\ReadHtmlCacheBehavior [ RunTime:0.000588s ]
INFO: [ app_begin ] --END-- [ RunTime:0.000624s ]
SQL: SHOW COLUMNS FROM `treatment` [ RunTime:0.0057s ]
SQL: SELECT * FROM `treatment` inner join duty_schedule on treatment.dut_code=duty_schedule.dut_code join patient on treatment.p_id=patient.p_id join time_schedule on treatment.time_code=time_schedule.time_code  WHERE ( duty_schedule.doc_code='QH001D001' and treatment.t_date='2017-11-16' )  [ RunTime:0.0005s ]
INFO: [ view_parse ] --START--
INFO: [ template_filter ] --START--
INFO: Run Behavior\ContentReplaceBehavior [ RunTime:0.000066s ]
INFO: [ template_filter ] --END-- [ RunTime:0.000112s ]
NOTIC: [8] Undefined variable: page2 D:\Xampp\xampp\htdocs\HOS\Application\Runtime\Cache\Doc\98bcfea23ed04c6c1f16ee22d842cdae.php 第 71 行.
NOTIC: [8] Undefined variable: page D:\Xampp\xampp\htdocs\HOS\Application\Runtime\Cache\Doc\98bcfea23ed04c6c1f16ee22d842cdae.php 第 116 行.
INFO: Run Behavior\ParseTemplateBehavior [ RunTime:0.010217s ]
INFO: [ view_parse ] --END-- [ RunTime:0.010258s ]
INFO: [ view_filter ] --START--
INFO: Run Behavior\WriteHtmlCacheBehavior [ RunTime:0.000485s ]
INFO: [ view_filter ] --END-- [ RunTime:0.000518s ]
INFO: [ app_end ] --START--
INFO: Run Behavior\ShowPageTraceBehavior [ RunTime:0.000642s ]
INFO: [ app_end ] --END-- [ RunTime:0.000682s ]

[ 2017-11-16T15:53:48+08:00 ] ::1 /HOS/Doc/Doc/edit
INFO: [ app_init ] --START--
INFO: Run Behavior\BuildLiteBehavior [ RunTime:0.000009s ]
INFO: [ app_init ] --END-- [ RunTime:0.000488s ]
INFO: [ app_begin ] --START--
INFO: Run Behavior\ReadHtmlCacheBehavior [ RunTime:0.000602s ]
INFO: [ app_begin ] --END-- [ RunTime:0.000638s ]
SQL: SHOW COLUMNS FROM `doctor` [ RunTime:0.0062s ]
SQL: SELECT * FROM `doctor` WHERE ( doc_code='QH001D001' ) LIMIT 1   [ RunTime:0.0068s ]
INFO: [ view_parse ] --START--
INFO: [ template_filter ] --START--
INFO: Run Behavior\ContentReplaceBehavior [ RunTime:0.000060s ]
INFO: [ template_filter ] --END-- [ RunTime:0.000091s ]
INFO: Run Behavior\ParseTemplateBehavior [ RunTime:0.008390s ]
INFO: [ view_parse ] --END-- [ RunTime:0.008446s ]
INFO: [ view_filter ] --START--
INFO: Run Behavior\WriteHtmlCacheBehavior [ RunTime:0.000482s ]
INFO: [ view_filter ] --END-- [ RunTime:0.000512s ]
INFO: [ app_end ] --START--
INFO: Run Behavior\ShowPageTraceBehavior [ RunTime:0.000862s ]
INFO: [ app_end ] --END-- [ RunTime:0.000918s ]

[ 2017-11-16T16:33:31+08:00 ] ::1 /HOS/Doc/Dutytime/applyForm
INFO: [ app_init ] --START--
INFO: Run Behavior\BuildLiteBehavior [ RunTime:0.000018s ]
INFO: [ app_init ] --END-- [ RunTime:0.000643s ]
INFO: [ app_begin ] --START--
INFO: Run Behavior\ReadHtmlCacheBehavior [ RunTime:0.001226s ]
INFO: [ app_begin ] --END-- [ RunTime:0.001311s ]
INFO: [ view_parse ] --START--
INFO: [ template_filter ] --START--
INFO: Run Behavior\ContentReplaceBehavior [ RunTime:0.000069s ]
INFO: [ template_filter ] --END-- [ RunTime:0.000115s ]
INFO: Run Behavior\ParseTemplateBehavior [ RunTime:0.008167s ]
INFO: [ view_parse ] --END-- [ RunTime:0.008222s ]
INFO: [ view_filter ] --START--
INFO: Run Behavior\WriteHtmlCacheBehavior [ RunTime:0.000509s ]
INFO: [ view_filter ] --END-- [ RunTime:0.000544s ]
INFO: [ app_end ] --START--
INFO: Run Behavior\ShowPageTraceBehavior [ RunTime:0.000983s ]
INFO: [ app_end ] --END-- [ RunTime:0.001043s ]

[ 2017-11-16T16:33:56+08:00 ] ::1 /HOS/Doc/Dutytime/applyForm
INFO: [ app_init ] --START--
INFO: Run Behavior\BuildLiteBehavior [ RunTime:0.000019s ]
INFO: [ app_init ] --END-- [ RunTime:0.000519s ]
INFO: [ app_begin ] --START--
INFO: Run Behavior\ReadHtmlCacheBehavior [ RunTime:0.000672s ]
INFO: [ app_begin ] --END-- [ RunTime:0.000709s ]
SQL: SHOW COLUMNS FROM `duty_schedule` [ RunTime:0.0063s ]
SQL: SELECT `dut_code` FROM `duty_schedule` WHERE ( doc_code='QH001D001' and week_code='1' and time_range='上午'  ) LIMIT 1   [ RunTime:0.0003s ]
SQL: SHOW COLUMNS FROM `stop_schedule` [ RunTime:0.0062s ]
NOTIC: [8] Undefined index: validate D:\Xampp\xampp\htdocs\HOS\ThinkPHP\Library\Think\Model.class.php 第 1185 行.
NOTIC: [8] Undefined index: auto D:\Xampp\xampp\htdocs\HOS\ThinkPHP\Library\Think\Model.class.php 第 1128 行.
SQL: INSERT INTO `stop_schedule` (`dut_code`,`begin_date`,`end_date`,`apply_date`,`apply_reason`) VALUES ('1','2017-11-16','2017-11-30','2017-11-16 16:33:56','家中有事') [ RunTime:0.0445s ]
INFO: [ app_end ] --START--
INFO: Run Behavior\ShowPageTraceBehavior [ RunTime:0.001105s ]
INFO: [ app_end ] --END-- [ RunTime:0.001154s ]

[ 2017-11-16T16:33:57+08:00 ] ::1 /HOS/Doc/Dutytime/applyRecordLst
INFO: [ app_init ] --START--
INFO: Run Behavior\BuildLiteBehavior [ RunTime:0.000012s ]
INFO: [ app_init ] --END-- [ RunTime:0.000485s ]
INFO: [ app_begin ] --START--
INFO: Run Behavior\ReadHtmlCacheBehavior [ RunTime:0.000664s ]
INFO: [ app_begin ] --END-- [ RunTime:0.000704s ]
SQL: SHOW COLUMNS FROM `stop_schedule` [ RunTime:0.0061s ]
SQL: SELECT * FROM `stop_schedule` inner join duty_schedule on stop_schedule.dut_code=duty_schedule.dut_code join doctor on duty_schedule.doc_code=doctor.doc_code   WHERE ( duty_schedule.doc_code='QH001D001' )  [ RunTime:0.0004s ]
SQL: SELECT * FROM `stop_schedule` inner join duty_schedule on stop_schedule.dut_code=duty_schedule.dut_code join doctor on duty_schedule.doc_code=doctor.doc_code   WHERE ( duty_schedule.doc_code='QH001D001' )  [ RunTime:0.0006s ]
SQL: SELECT * FROM `stop_schedule` inner join duty_schedule on stop_schedule.dut_code=duty_schedule.dut_code join doctor on duty_schedule.doc_code=doctor.doc_code   WHERE ( duty_schedule.doc_code='QH001D001' ) LIMIT 0,4   [ RunTime:0.0010s ]
INFO: [ view_parse ] --START--
INFO: [ template_filter ] --START--
INFO: Run Behavior\ContentReplaceBehavior [ RunTime:0.000085s ]
INFO: [ template_filter ] --END-- [ RunTime:0.000130s ]
INFO: Run Behavior\ParseTemplateBehavior [ RunTime:0.012181s ]
INFO: [ view_parse ] --END-- [ RunTime:0.012242s ]
INFO: [ view_filter ] --START--
INFO: Run Behavior\WriteHtmlCacheBehavior [ RunTime:0.000568s ]
INFO: [ view_filter ] --END-- [ RunTime:0.000600s ]
INFO: [ app_end ] --START--
INFO: Run Behavior\ShowPageTraceBehavior [ RunTime:0.001198s ]
INFO: [ app_end ] --END-- [ RunTime:0.001260s ]

[ 2017-11-16T16:34:28+08:00 ] ::1 /HOS/Doc/Dutytime/applyForm
INFO: [ app_init ] --START--
INFO: Run Behavior\BuildLiteBehavior [ RunTime:0.000012s ]
INFO: [ app_init ] --END-- [ RunTime:0.000586s ]
INFO: [ app_begin ] --START--
INFO: Run Behavior\ReadHtmlCacheBehavior [ RunTime:0.000655s ]
INFO: [ app_begin ] --END-- [ RunTime:0.000692s ]
INFO: [ view_parse ] --START--
INFO: [ template_filter ] --START--
INFO: Run Behavior\ContentReplaceBehavior [ RunTime:0.000060s ]
INFO: [ template_filter ] --END-- [ RunTime:0.000093s ]
INFO: Run Behavior\ParseTemplateBehavior [ RunTime:0.007113s ]
INFO: [ view_parse ] --END-- [ RunTime:0.007153s ]
INFO: [ view_filter ] --START--
INFO: Run Behavior\WriteHtmlCacheBehavior [ RunTime:0.000525s ]
INFO: [ view_filter ] --END-- [ RunTime:0.000554s ]
INFO: [ app_end ] --START--
INFO: Run Behavior\ShowPageTraceBehavior [ RunTime:0.000714s ]
INFO: [ app_end ] --END-- [ RunTime:0.000758s ]

[ 2017-11-16T16:34:31+08:00 ] ::1 /HOS/Doc/Dutytime/applyRecordLst
INFO: [ app_init ] --START--
INFO: Run Behavior\BuildLiteBehavior [ RunTime:0.000011s ]
INFO: [ app_init ] --END-- [ RunTime:0.000452s ]
INFO: [ app_begin ] --START--
INFO: Run Behavior\ReadHtmlCacheBehavior [ RunTime:0.000654s ]
INFO: [ app_begin ] --END-- [ RunTime:0.000692s ]
SQL: SHOW COLUMNS FROM `stop_schedule` [ RunTime:0.0068s ]
SQL: SELECT * FROM `stop_schedule` inner join duty_schedule on stop_schedule.dut_code=duty_schedule.dut_code join doctor on duty_schedule.doc_code=doctor.doc_code   WHERE ( duty_schedule.doc_code='QH001D001' )  [ RunTime:0.0005s ]
SQL: SELECT * FROM `stop_schedule` inner join duty_schedule on stop_schedule.dut_code=duty_schedule.dut_code join doctor on duty_schedule.doc_code=doctor.doc_code   WHERE ( duty_schedule.doc_code='QH001D001' )  [ RunTime:0.0004s ]
SQL: SELECT * FROM `stop_schedule` inner join duty_schedule on stop_schedule.dut_code=duty_schedule.dut_code join doctor on duty_schedule.doc_code=doctor.doc_code   WHERE ( duty_schedule.doc_code='QH001D001' ) LIMIT 0,4   [ RunTime:0.0004s ]
INFO: [ view_parse ] --START--
INFO: [ template_filter ] --START--
INFO: Run Behavior\ContentReplaceBehavior [ RunTime:0.000075s ]
INFO: [ template_filter ] --END-- [ RunTime:0.000114s ]
INFO: Run Behavior\ParseTemplateBehavior [ RunTime:0.011345s ]
INFO: [ view_parse ] --END-- [ RunTime:0.011391s ]
INFO: [ view_filter ] --START--
INFO: Run Behavior\WriteHtmlCacheBehavior [ RunTime:0.000527s ]
INFO: [ view_filter ] --END-- [ RunTime:0.000558s ]
INFO: [ app_end ] --START--
INFO: Run Behavior\ShowPageTraceBehavior [ RunTime:0.000718s ]
INFO: [ app_end ] --END-- [ RunTime:0.000758s ]

[ 2017-11-16T16:34:35+08:00 ] ::1 /HOS/Doc/Msg/edit
INFO: [ app_init ] --START--
INFO: Run Behavior\BuildLiteBehavior [ RunTime:0.000011s ]
INFO: [ app_init ] --END-- [ RunTime:0.000450s ]
INFO: [ app_begin ] --START--
INFO: Run Behavior\ReadHtmlCacheBehavior [ RunTime:0.000647s ]
INFO: [ app_begin ] --END-- [ RunTime:0.000682s ]
SQL: SHOW COLUMNS FROM `treatment` [ RunTime:0.0064s ]
SQL: SELECT * FROM `treatment` inner join duty_schedule on treatment.dut_code=duty_schedule.dut_code join patient on treatment.p_id=patient.p_id join time_schedule on treatment.time_code=time_schedule.time_code  WHERE ( duty_schedule.doc_code='QH001D001' and treatment.t_date='2017-11-16' )  [ RunTime:0.0005s ]
INFO: [ view_parse ] --START--
INFO: [ template_filter ] --START--
INFO: Run Behavior\ContentReplaceBehavior [ RunTime:0.000065s ]
INFO: [ template_filter ] --END-- [ RunTime:0.000101s ]
NOTIC: [8] Undefined variable: page2 D:\Xampp\xampp\htdocs\HOS\Application\Runtime\Cache\Doc\98bcfea23ed04c6c1f16ee22d842cdae.php 第 71 行.
NOTIC: [8] Undefined variable: page D:\Xampp\xampp\htdocs\HOS\Application\Runtime\Cache\Doc\98bcfea23ed04c6c1f16ee22d842cdae.php 第 116 行.
INFO: Run Behavior\ParseTemplateBehavior [ RunTime:0.009548s ]
INFO: [ view_parse ] --END-- [ RunTime:0.009590s ]
INFO: [ view_filter ] --START--
INFO: Run Behavior\WriteHtmlCacheBehavior [ RunTime:0.000533s ]
INFO: [ view_filter ] --END-- [ RunTime:0.000565s ]
INFO: [ app_end ] --START--
INFO: Run Behavior\ShowPageTraceBehavior [ RunTime:0.001090s ]
INFO: [ app_end ] --END-- [ RunTime:0.001137s ]

[ 2017-11-16T16:34:41+08:00 ] ::1 /HOS/Doc/Msg/edit
INFO: [ app_init ] --START--
INFO: Run Behavior\BuildLiteBehavior [ RunTime:0.000009s ]
INFO: [ app_init ] --END-- [ RunTime:0.000455s ]
INFO: [ app_begin ] --START--
INFO: Run Behavior\ReadHtmlCacheBehavior [ RunTime:0.000657s ]
INFO: [ app_begin ] --END-- [ RunTime:0.000692s ]
SQL: SHOW COLUMNS FROM `treatment` [ RunTime:0.0059s ]
SQL: UPDATE `treatment` SET `t_status`='3' WHERE `t_code` = 14 [ RunTime:0.0924s ]
SQL: SELECT `p_id` FROM `treatment` WHERE ( t_code='14' ) LIMIT 1   [ RunTime:0.0007s ]
SQL: SELECT `t_date` FROM `treatment` WHERE ( t_code='14' ) LIMIT 1   [ RunTime:0.0006s ]
SQL: SHOW COLUMNS FROM `untreatment` [ RunTime:0.0210s ]
SQL: SELECT * FROM `untreatment` WHERE ( p_id='41080219960423005X' )  [ RunTime:0.0021s ]
SQL: INSERT INTO `untreatment` (`t_code`,`p_id`,`t_date`) VALUES ('14','41080219960423005X','2017-11-16') [ RunTime:0.0254s ]

[ 2017-11-16T16:34:41+08:00 ] ::1 /HOS/Doc/Msg/edit
INFO: [ app_init ] --START--
INFO: Run Behavior\BuildLiteBehavior [ RunTime:0.000011s ]
INFO: [ app_init ] --END-- [ RunTime:0.000469s ]
INFO: [ app_begin ] --START--
INFO: Run Behavior\ReadHtmlCacheBehavior [ RunTime:0.000694s ]
INFO: [ app_begin ] --END-- [ RunTime:0.000734s ]
SQL: SHOW COLUMNS FROM `treatment` [ RunTime:0.0059s ]
SQL: SELECT * FROM `treatment` inner join duty_schedule on treatment.dut_code=duty_schedule.dut_code join patient on treatment.p_id=patient.p_id join time_schedule on treatment.time_code=time_schedule.time_code  WHERE ( duty_schedule.doc_code='QH001D001' and treatment.t_date='2017-11-16' )  [ RunTime:0.0005s ]
INFO: [ view_parse ] --START--
INFO: [ template_filter ] --START--
INFO: Run Behavior\ContentReplaceBehavior [ RunTime:0.000068s ]
INFO: [ template_filter ] --END-- [ RunTime:0.000113s ]
NOTIC: [8] Undefined variable: page2 D:\Xampp\xampp\htdocs\HOS\Application\Runtime\Cache\Doc\98bcfea23ed04c6c1f16ee22d842cdae.php 第 71 行.
NOTIC: [8] Undefined variable: page D:\Xampp\xampp\htdocs\HOS\Application\Runtime\Cache\Doc\98bcfea23ed04c6c1f16ee22d842cdae.php 第 116 行.
INFO: Run Behavior\ParseTemplateBehavior [ RunTime:0.010807s ]
INFO: [ view_parse ] --END-- [ RunTime:0.010858s ]
INFO: [ view_filter ] --START--
INFO: Run Behavior\WriteHtmlCacheBehavior [ RunTime:0.000507s ]
INFO: [ view_filter ] --END-- [ RunTime:0.000542s ]
INFO: [ app_end ] --START--
INFO: Run Behavior\ShowPageTraceBehavior [ RunTime:0.000694s ]
INFO: [ app_end ] --END-- [ RunTime:0.000742s ]

[ 2017-11-16T16:34:42+08:00 ] ::1 /HOS/Doc/Msg/edit/t_code/16
INFO: [ app_init ] --START--
INFO: Run Behavior\BuildLiteBehavior [ RunTime:0.000009s ]
INFO: [ app_init ] --END-- [ RunTime:0.000459s ]
INFO: [ app_begin ] --START--
INFO: Run Behavior\ReadHtmlCacheBehavior [ RunTime:0.000658s ]
INFO: [ app_begin ] --END-- [ RunTime:0.000691s ]
SQL: SHOW COLUMNS FROM `treatment` [ RunTime:0.0060s ]
SQL: UPDATE `treatment` SET `t_status`='2' WHERE `t_code` = 16 [ RunTime:0.0636s ]

[ 2017-11-16T16:34:42+08:00 ] ::1 /HOS/Doc/Msg/edit
INFO: [ app_init ] --START--
INFO: Run Behavior\BuildLiteBehavior [ RunTime:0.000022s ]
INFO: [ app_init ] --END-- [ RunTime:0.000875s ]
INFO: [ app_begin ] --START--
INFO: Run Behavior\ReadHtmlCacheBehavior [ RunTime:0.001293s ]
INFO: [ app_begin ] --END-- [ RunTime:0.001372s ]
SQL: SHOW COLUMNS FROM `treatment` [ RunTime:0.0059s ]
SQL: SELECT * FROM `treatment` inner join duty_schedule on treatment.dut_code=duty_schedule.dut_code join patient on treatment.p_id=patient.p_id join time_schedule on treatment.time_code=time_schedule.time_code  WHERE ( duty_schedule.doc_code='QH001D001' and treatment.t_date='2017-11-16' )  [ RunTime:0.0005s ]
INFO: [ view_parse ] --START--
INFO: [ template_filter ] --START--
INFO: Run Behavior\ContentReplaceBehavior [ RunTime:0.000062s ]
INFO: [ template_filter ] --END-- [ RunTime:0.000098s ]
NOTIC: [8] Undefined variable: page2 D:\Xampp\xampp\htdocs\HOS\Application\Runtime\Cache\Doc\98bcfea23ed04c6c1f16ee22d842cdae.php 第 71 行.
NOTIC: [8] Undefined variable: page D:\Xampp\xampp\htdocs\HOS\Application\Runtime\Cache\Doc\98bcfea23ed04c6c1f16ee22d842cdae.php 第 116 行.
INFO: Run Behavior\ParseTemplateBehavior [ RunTime:0.009976s ]
INFO: [ view_parse ] --END-- [ RunTime:0.010015s ]
INFO: [ view_filter ] --START--
INFO: Run Behavior\WriteHtmlCacheBehavior [ RunTime:0.000574s ]
INFO: [ view_filter ] --END-- [ RunTime:0.000606s ]
INFO: [ app_end ] --START--
INFO: Run Behavior\ShowPageTraceBehavior [ RunTime:0.000808s ]
INFO: [ app_end ] --END-- [ RunTime:0.000859s ]

[ 2017-11-16T16:34:43+08:00 ] ::1 /HOS/Doc/Msg/edit
INFO: [ app_init ] --START--
INFO: Run Behavior\BuildLiteBehavior [ RunTime:0.000010s ]
INFO: [ app_init ] --END-- [ RunTime:0.000477s ]
INFO: [ app_begin ] --START--
INFO: Run Behavior\ReadHtmlCacheBehavior [ RunTime:0.000646s ]
INFO: [ app_begin ] --END-- [ RunTime:0.000681s ]
SQL: SHOW COLUMNS FROM `treatment` [ RunTime:0.0068s ]
SQL: UPDATE `treatment` SET `t_status`='3' WHERE `t_code` = 15 [ RunTime:0.0820s ]
SQL: SELECT `p_id` FROM `treatment` WHERE ( t_code='15' ) LIMIT 1   [ RunTime:0.0007s ]
SQL: SELECT `t_date` FROM `treatment` WHERE ( t_code='15' ) LIMIT 1   [ RunTime:0.0006s ]
SQL: SHOW COLUMNS FROM `untreatment` [ RunTime:0.0186s ]
SQL: SELECT * FROM `untreatment` WHERE ( p_id='41080219960423007X' )  [ RunTime:0.0008s ]
SQL: INSERT INTO `untreatment` (`t_code`,`p_id`,`t_date`) VALUES ('15','41080219960423007X','2017-11-16') [ RunTime:0.0271s ]

[ 2017-11-16T16:34:43+08:00 ] ::1 /HOS/Doc/Msg/edit
INFO: [ app_init ] --START--
INFO: Run Behavior\BuildLiteBehavior [ RunTime:0.000019s ]
INFO: [ app_init ] --END-- [ RunTime:0.000767s ]
INFO: [ app_begin ] --START--
INFO: Run Behavior\ReadHtmlCacheBehavior [ RunTime:0.001065s ]
INFO: [ app_begin ] --END-- [ RunTime:0.001132s ]
SQL: SHOW COLUMNS FROM `treatment` [ RunTime:0.0084s ]
SQL: SELECT * FROM `treatment` inner join duty_schedule on treatment.dut_code=duty_schedule.dut_code join patient on treatment.p_id=patient.p_id join time_schedule on treatment.time_code=time_schedule.time_code  WHERE ( duty_schedule.doc_code='QH001D001' and treatment.t_date='2017-11-16' )  [ RunTime:0.0010s ]
INFO: [ view_parse ] --START--
INFO: [ template_filter ] --START--
INFO: Run Behavior\ContentReplaceBehavior [ RunTime:0.000064s ]
INFO: [ template_filter ] --END-- [ RunTime:0.000103s ]
NOTIC: [8] Undefined variable: page2 D:\Xampp\xampp\htdocs\HOS\Application\Runtime\Cache\Doc\98bcfea23ed04c6c1f16ee22d842cdae.php 第 71 行.
NOTIC: [8] Undefined variable: page D:\Xampp\xampp\htdocs\HOS\Application\Runtime\Cache\Doc\98bcfea23ed04c6c1f16ee22d842cdae.php 第 116 行.
INFO: Run Behavior\ParseTemplateBehavior [ RunTime:0.009938s ]
INFO: [ view_parse ] --END-- [ RunTime:0.009990s ]
INFO: [ view_filter ] --START--
INFO: Run Behavior\WriteHtmlCacheBehavior [ RunTime:0.000547s ]
INFO: [ view_filter ] --END-- [ RunTime:0.000578s ]
INFO: [ app_end ] --START--
INFO: Run Behavior\ShowPageTraceBehavior [ RunTime:0.000883s ]
INFO: [ app_end ] --END-- [ RunTime:0.000923s ]

[ 2017-11-16T16:34:54+08:00 ] ::1 /HOS/Doc/Doc/edit
INFO: [ app_init ] --START--
INFO: Run Behavior\BuildLiteBehavior [ RunTime:0.000011s ]
INFO: [ app_init ] --END-- [ RunTime:0.000475s ]
INFO: [ app_begin ] --START--
INFO: Run Behavior\ReadHtmlCacheBehavior [ RunTime:0.000665s ]
INFO: [ app_begin ] --END-- [ RunTime:0.000703s ]
SQL: SHOW COLUMNS FROM `doctor` [ RunTime:0.0060s ]
SQL: SELECT * FROM `doctor` WHERE ( doc_code='QH001D001' ) LIMIT 1   [ RunTime:0.0003s ]
INFO: [ view_parse ] --START--
INFO: [ template_filter ] --START--
INFO: Run Behavior\ContentReplaceBehavior [ RunTime:0.000062s ]
INFO: [ template_filter ] --END-- [ RunTime:0.000101s ]
INFO: Run Behavior\ParseTemplateBehavior [ RunTime:0.009200s ]
INFO: [ view_parse ] --END-- [ RunTime:0.009240s ]
INFO: [ view_filter ] --START--
INFO: Run Behavior\WriteHtmlCacheBehavior [ RunTime:0.000543s ]
INFO: [ view_filter ] --END-- [ RunTime:0.000574s ]
INFO: [ app_end ] --START--
INFO: Run Behavior\ShowPageTraceBehavior [ RunTime:0.000694s ]
INFO: [ app_end ] --END-- [ RunTime:0.000745s ]

