[ 2017-11-15T10:59:47+08:00 ] ::1 /HOS/Pat/Treatment/hospitalShow
INFO: [ app_init ] --START--
INFO: Run Behavior\BuildLiteBehavior [ RunTime:0.000012s ]
INFO: [ app_init ] --END-- [ RunTime:0.000530s ]
INFO: [ app_begin ] --START--
INFO: Run Behavior\ReadHtmlCacheBehavior [ RunTime:0.001193s ]
INFO: [ app_begin ] --END-- [ RunTime:0.001301s ]
SQL: SHOW COLUMNS FROM `cant` [ RunTime:0.0076s ]
SQL: SELECT * FROM `cant`  [ RunTime:0.0003s ]
SQL: SHOW COLUMNS FROM `hos_level` [ RunTime:0.0062s ]
SQL: SELECT * FROM `hos_level`  [ RunTime:0.0003s ]
SQL: select *,substring(msg,1,170) as big_msg,substring(msg,1,50) as small_msg from hospital join cant on hospital.cant_code=cant.cant_code join hos_level on hospital.hoslevel_code=hos_level.hoslevel_code  order by hospital.hos_code  [ RunTime:0.0006s ]
SQL: select *,substring(msg,1,170) as big_msg,substring(msg,1,50) as small_msg from hospital join cant on hospital.cant_code=cant.cant_code join hos_level on hospital.hoslevel_code=hos_level.hoslevel_code  order by hospital.hos_code  [ RunTime:0.0008s ]
SQL: select *,substring(msg,1,170) as big_msg,substring(msg,1,50) as small_msg from hospital join cant on hospital.cant_code=cant.cant_code join hos_level on hospital.hoslevel_code=hos_level.hoslevel_code  order by hospital.hos_code  limit 0,5 [ RunTime:0.0007s ]
INFO: [ view_parse ] --START--
INFO: [ template_filter ] --START--
INFO: Run Behavior\ContentReplaceBehavior [ RunTime:0.000066s ]
INFO: [ template_filter ] --END-- [ RunTime:0.000108s ]
INFO: Run Behavior\ParseTemplateBehavior [ RunTime:0.011236s ]
INFO: [ view_parse ] --END-- [ RunTime:0.011339s ]
INFO: [ view_filter ] --START--
INFO: Run Behavior\WriteHtmlCacheBehavior [ RunTime:0.000504s ]
INFO: [ view_filter ] --END-- [ RunTime:0.000534s ]
INFO: [ app_end ] --START--
INFO: Run Behavior\ShowPageTraceBehavior [ RunTime:0.000666s ]
INFO: [ app_end ] --END-- [ RunTime:0.000702s ]

[ 2017-11-15T14:42:25+08:00 ] ::1 /HOS/Pat/Treatment/hospitalShow
INFO: [ app_init ] --START--
INFO: Run Behavior\BuildLiteBehavior [ RunTime:0.000012s ]
INFO: [ app_init ] --END-- [ RunTime:0.000366s ]
INFO: [ app_begin ] --START--
INFO: Run Behavior\ReadHtmlCacheBehavior [ RunTime:0.000448s ]
INFO: [ app_begin ] --END-- [ RunTime:0.000491s ]
SQL: SHOW COLUMNS FROM `cant` [ RunTime:0.0562s ]
SQL: SELECT * FROM `cant`  [ RunTime:0.0010s ]
SQL: SHOW COLUMNS FROM `hos_level` [ RunTime:0.0223s ]
SQL: SELECT * FROM `hos_level`  [ RunTime:0.0032s ]
SQL: select *,substring(msg,1,170) as big_msg,substring(msg,1,50) as small_msg from hospital join cant on hospital.cant_code=cant.cant_code join hos_level on hospital.hoslevel_code=hos_level.hoslevel_code  order by hospital.hos_code  [ RunTime:0.0086s ]
SQL: select *,substring(msg,1,170) as big_msg,substring(msg,1,50) as small_msg from hospital join cant on hospital.cant_code=cant.cant_code join hos_level on hospital.hoslevel_code=hos_level.hoslevel_code  order by hospital.hos_code  [ RunTime:0.0020s ]
SQL: select *,substring(msg,1,170) as big_msg,substring(msg,1,50) as small_msg from hospital join cant on hospital.cant_code=cant.cant_code join hos_level on hospital.hoslevel_code=hos_level.hoslevel_code  order by hospital.hos_code  limit 0,5 [ RunTime:0.0014s ]
INFO: [ view_parse ] --START--
INFO: [ template_filter ] --START--
INFO: Run Behavior\ContentReplaceBehavior [ RunTime:0.000155s ]
INFO: [ template_filter ] --END-- [ RunTime:0.000248s ]
INFO: Run Behavior\ParseTemplateBehavior [ RunTime:0.046365s ]
INFO: [ view_parse ] --END-- [ RunTime:0.046708s ]
INFO: [ view_filter ] --START--
INFO: Run Behavior\WriteHtmlCacheBehavior [ RunTime:0.001273s ]
INFO: [ view_filter ] --END-- [ RunTime:0.001373s ]
INFO: [ app_end ] --START--
INFO: Run Behavior\ShowPageTraceBehavior [ RunTime:0.001096s ]
INFO: [ app_end ] --END-- [ RunTime:0.001205s ]

[ 2017-11-15T15:19:06+08:00 ] ::1 /HOS/Pat/Treatment/hospitalShow
INFO: [ app_init ] --START--
INFO: Run Behavior\BuildLiteBehavior [ RunTime:0.000011s ]
INFO: [ app_init ] --END-- [ RunTime:0.000483s ]
INFO: [ app_begin ] --START--
INFO: Run Behavior\ReadHtmlCacheBehavior [ RunTime:0.000622s ]
INFO: [ app_begin ] --END-- [ RunTime:0.000659s ]
SQL: SHOW COLUMNS FROM `cant` [ RunTime:0.0063s ]
SQL: SELECT * FROM `cant`  [ RunTime:0.0003s ]
SQL: SHOW COLUMNS FROM `hos_level` [ RunTime:0.0062s ]
SQL: SELECT * FROM `hos_level`  [ RunTime:0.0004s ]
SQL: select *,substring(msg,1,170) as big_msg,substring(msg,1,50) as small_msg from hospital join cant on hospital.cant_code=cant.cant_code join hos_level on hospital.hoslevel_code=hos_level.hoslevel_code  order by hospital.hos_code  [ RunTime:0.0010s ]
SQL: select *,substring(msg,1,170) as big_msg,substring(msg,1,50) as small_msg from hospital join cant on hospital.cant_code=cant.cant_code join hos_level on hospital.hoslevel_code=hos_level.hoslevel_code  order by hospital.hos_code  [ RunTime:0.0007s ]
SQL: select *,substring(msg,1,170) as big_msg,substring(msg,1,50) as small_msg from hospital join cant on hospital.cant_code=cant.cant_code join hos_level on hospital.hoslevel_code=hos_level.hoslevel_code  order by hospital.hos_code  limit 0,5 [ RunTime:0.0005s ]
INFO: [ view_parse ] --START--
INFO: [ template_filter ] --START--
INFO: Run Behavior\ContentReplaceBehavior [ RunTime:0.000063s ]
INFO: [ template_filter ] --END-- [ RunTime:0.000101s ]
INFO: Run Behavior\ParseTemplateBehavior [ RunTime:0.010107s ]
INFO: [ view_parse ] --END-- [ RunTime:0.010147s ]
INFO: [ view_filter ] --START--
INFO: Run Behavior\WriteHtmlCacheBehavior [ RunTime:0.000480s ]
INFO: [ view_filter ] --END-- [ RunTime:0.000510s ]
INFO: [ app_end ] --START--
INFO: Run Behavior\ShowPageTraceBehavior [ RunTime:0.000944s ]
INFO: [ app_end ] --END-- [ RunTime:0.000998s ]

[ 2017-11-15T15:56:23+08:00 ] ::1 /HOS/Pat/Treatment/hospitalShow
INFO: [ app_init ] --START--
INFO: Run Behavior\BuildLiteBehavior [ RunTime:0.000016s ]
INFO: [ app_init ] --END-- [ RunTime:0.000680s ]
INFO: [ app_begin ] --START--
INFO: Run Behavior\ReadHtmlCacheBehavior [ RunTime:0.000939s ]
INFO: [ app_begin ] --END-- [ RunTime:0.000997s ]
SQL: SHOW COLUMNS FROM `cant` [ RunTime:0.0104s ]
SQL: SELECT * FROM `cant`  [ RunTime:0.0004s ]
SQL: SHOW COLUMNS FROM `hos_level` [ RunTime:0.0103s ]
SQL: SELECT * FROM `hos_level`  [ RunTime:0.0003s ]
SQL: select *,substring(msg,1,170) as big_msg,substring(msg,1,50) as small_msg from hospital join cant on hospital.cant_code=cant.cant_code join hos_level on hospital.hoslevel_code=hos_level.hoslevel_code  order by hospital.hos_code  [ RunTime:0.0009s ]
SQL: select *,substring(msg,1,170) as big_msg,substring(msg,1,50) as small_msg from hospital join cant on hospital.cant_code=cant.cant_code join hos_level on hospital.hoslevel_code=hos_level.hoslevel_code  order by hospital.hos_code  [ RunTime:0.0008s ]
SQL: select *,substring(msg,1,170) as big_msg,substring(msg,1,50) as small_msg from hospital join cant on hospital.cant_code=cant.cant_code join hos_level on hospital.hoslevel_code=hos_level.hoslevel_code  order by hospital.hos_code  limit 0,5 [ RunTime:0.0007s ]
INFO: [ view_parse ] --START--
INFO: [ template_filter ] --START--
INFO: Run Behavior\ContentReplaceBehavior [ RunTime:0.000097s ]
INFO: [ template_filter ] --END-- [ RunTime:0.000149s ]
INFO: Run Behavior\ParseTemplateBehavior [ RunTime:0.015797s ]
INFO: [ view_parse ] --END-- [ RunTime:0.015867s ]
INFO: [ view_filter ] --START--
INFO: Run Behavior\WriteHtmlCacheBehavior [ RunTime:0.000750s ]
INFO: [ view_filter ] --END-- [ RunTime:0.000802s ]
INFO: [ app_end ] --START--
INFO: Run Behavior\ShowPageTraceBehavior [ RunTime:0.001213s ]
INFO: [ app_end ] --END-- [ RunTime:0.001272s ]

[ 2017-11-15T16:09:41+08:00 ] ::1 /HOS/Pat/Treatment/hospitalShow
INFO: [ app_init ] --START--
INFO: Run Behavior\BuildLiteBehavior [ RunTime:0.000010s ]
INFO: [ app_init ] --END-- [ RunTime:0.000459s ]
INFO: [ app_begin ] --START--
INFO: Run Behavior\ReadHtmlCacheBehavior [ RunTime:0.000740s ]
INFO: [ app_begin ] --END-- [ RunTime:0.000778s ]
SQL: SHOW COLUMNS FROM `cant` [ RunTime:0.0082s ]
SQL: SELECT * FROM `cant`  [ RunTime:0.0003s ]
SQL: SHOW COLUMNS FROM `hos_level` [ RunTime:0.0076s ]
SQL: SELECT * FROM `hos_level`  [ RunTime:0.0003s ]
SQL: select *,substring(msg,1,170) as big_msg,substring(msg,1,50) as small_msg from hospital join cant on hospital.cant_code=cant.cant_code join hos_level on hospital.hoslevel_code=hos_level.hoslevel_code  order by hospital.hos_code  [ RunTime:0.0006s ]
SQL: select *,substring(msg,1,170) as big_msg,substring(msg,1,50) as small_msg from hospital join cant on hospital.cant_code=cant.cant_code join hos_level on hospital.hoslevel_code=hos_level.hoslevel_code  order by hospital.hos_code  [ RunTime:0.0006s ]
SQL: select *,substring(msg,1,170) as big_msg,substring(msg,1,50) as small_msg from hospital join cant on hospital.cant_code=cant.cant_code join hos_level on hospital.hoslevel_code=hos_level.hoslevel_code  order by hospital.hos_code  limit 0,5 [ RunTime:0.0005s ]
INFO: [ view_parse ] --START--
INFO: [ template_filter ] --START--
INFO: Run Behavior\ContentReplaceBehavior [ RunTime:0.000065s ]
INFO: [ template_filter ] --END-- [ RunTime:0.000106s ]
INFO: Run Behavior\ParseTemplateBehavior [ RunTime:0.010256s ]
INFO: [ view_parse ] --END-- [ RunTime:0.010300s ]
INFO: [ view_filter ] --START--
INFO: Run Behavior\WriteHtmlCacheBehavior [ RunTime:0.000477s ]
INFO: [ view_filter ] --END-- [ RunTime:0.000508s ]
INFO: [ app_end ] --START--
INFO: Run Behavior\ShowPageTraceBehavior [ RunTime:0.000604s ]
INFO: [ app_end ] --END-- [ RunTime:0.000644s ]

[ 2017-11-15T16:09:47+08:00 ] ::1 /HOS/Pat/Treatment/hospitalShow
INFO: [ app_init ] --START--
INFO: Run Behavior\BuildLiteBehavior [ RunTime:0.000012s ]
INFO: [ app_init ] --END-- [ RunTime:0.000426s ]
INFO: [ app_begin ] --START--
INFO: Run Behavior\ReadHtmlCacheBehavior [ RunTime:0.000647s ]
INFO: [ app_begin ] --END-- [ RunTime:0.000696s ]
SQL: SHOW COLUMNS FROM `cant` [ RunTime:0.0083s ]
SQL: SELECT * FROM `cant`  [ RunTime:0.0003s ]
SQL: SHOW COLUMNS FROM `hos_level` [ RunTime:0.0075s ]
SQL: SELECT * FROM `hos_level`  [ RunTime:0.0003s ]
SQL: select *,substring(msg,1,170) as big_msg,substring(msg,1,50) as small_msg from hospital join cant on hospital.cant_code=cant.cant_code join hos_level on hospital.hoslevel_code=hos_level.hoslevel_code  order by hospital.hos_code  [ RunTime:0.0005s ]
SQL: select *,substring(msg,1,170) as big_msg,substring(msg,1,50) as small_msg from hospital join cant on hospital.cant_code=cant.cant_code join hos_level on hospital.hoslevel_code=hos_level.hoslevel_code  order by hospital.hos_code  [ RunTime:0.0007s ]
SQL: select *,substring(msg,1,170) as big_msg,substring(msg,1,50) as small_msg from hospital join cant on hospital.cant_code=cant.cant_code join hos_level on hospital.hoslevel_code=hos_level.hoslevel_code  order by hospital.hos_code  limit 0,5 [ RunTime:0.0006s ]
INFO: [ view_parse ] --START--
INFO: [ template_filter ] --START--
INFO: Run Behavior\ContentReplaceBehavior [ RunTime:0.000063s ]
INFO: [ template_filter ] --END-- [ RunTime:0.000102s ]
INFO: Run Behavior\ParseTemplateBehavior [ RunTime:0.011080s ]
INFO: [ view_parse ] --END-- [ RunTime:0.011136s ]
INFO: [ view_filter ] --START--
INFO: Run Behavior\WriteHtmlCacheBehavior [ RunTime:0.000477s ]
INFO: [ view_filter ] --END-- [ RunTime:0.000507s ]
INFO: [ app_end ] --START--
INFO: Run Behavior\ShowPageTraceBehavior [ RunTime:0.000651s ]
INFO: [ app_end ] --END-- [ RunTime:0.000700s ]

[ 2017-11-15T16:18:15+08:00 ] ::1 /HOS/Pat/Treatment/hospitalShow
INFO: [ app_init ] --START--
INFO: Run Behavior\BuildLiteBehavior [ RunTime:0.000013s ]
INFO: [ app_init ] --END-- [ RunTime:0.000540s ]
INFO: [ app_begin ] --START--
INFO: Run Behavior\ReadHtmlCacheBehavior [ RunTime:0.000620s ]
INFO: [ app_begin ] --END-- [ RunTime:0.000664s ]
SQL: SHOW COLUMNS FROM `cant` [ RunTime:0.0088s ]
SQL: SELECT * FROM `cant`  [ RunTime:0.0003s ]
SQL: SHOW COLUMNS FROM `hos_level` [ RunTime:0.0078s ]
SQL: SELECT * FROM `hos_level`  [ RunTime:0.0002s ]
SQL: select *,substring(msg,1,170) as big_msg,substring(msg,1,50) as small_msg from hospital join cant on hospital.cant_code=cant.cant_code join hos_level on hospital.hoslevel_code=hos_level.hoslevel_code  order by hospital.hos_code  [ RunTime:0.0005s ]
SQL: select *,substring(msg,1,170) as big_msg,substring(msg,1,50) as small_msg from hospital join cant on hospital.cant_code=cant.cant_code join hos_level on hospital.hoslevel_code=hos_level.hoslevel_code  order by hospital.hos_code  [ RunTime:0.0009s ]
SQL: select *,substring(msg,1,170) as big_msg,substring(msg,1,50) as small_msg from hospital join cant on hospital.cant_code=cant.cant_code join hos_level on hospital.hoslevel_code=hos_level.hoslevel_code  order by hospital.hos_code  limit 0,5 [ RunTime:0.0005s ]
INFO: [ view_parse ] --START--
INFO: [ template_filter ] --START--
INFO: Run Behavior\ContentReplaceBehavior [ RunTime:0.000063s ]
INFO: [ template_filter ] --END-- [ RunTime:0.000098s ]
INFO: Run Behavior\ParseTemplateBehavior [ RunTime:0.009959s ]
INFO: [ view_parse ] --END-- [ RunTime:0.010000s ]
INFO: [ view_filter ] --START--
INFO: Run Behavior\WriteHtmlCacheBehavior [ RunTime:0.000468s ]
INFO: [ view_filter ] --END-- [ RunTime:0.000499s ]
INFO: [ app_end ] --START--
INFO: Run Behavior\ShowPageTraceBehavior [ RunTime:0.000596s ]
INFO: [ app_end ] --END-- [ RunTime:0.000634s ]

[ 2017-11-15T16:18:25+08:00 ] ::1 /HOS/Pat/Login/login
INFO: [ app_init ] --START--
INFO: Run Behavior\BuildLiteBehavior [ RunTime:0.000012s ]
INFO: [ app_init ] --END-- [ RunTime:0.000484s ]
INFO: [ app_begin ] --START--
INFO: Run Behavior\ReadHtmlCacheBehavior [ RunTime:0.000606s ]
INFO: [ app_begin ] --END-- [ RunTime:0.000643s ]
NOTIC: [2] Missing argument 1 for Think\Controller::assign(), called in D:\Xampp\xampp\htdocs\HOS\Application\Pat\Controller\LoginController.class.php on line 54 and defined D:\Xampp\xampp\htdocs\HOS\ThinkPHP\Library\Think\Controller.class.php 第 121 行.
NOTIC: [8] Undefined variable: name D:\Xampp\xampp\htdocs\HOS\ThinkPHP\Library\Think\Controller.class.php 第 122 行.
INFO: [ view_parse ] --START--
INFO: [ template_filter ] --START--
INFO: Run Behavior\ContentReplaceBehavior [ RunTime:0.000061s ]
INFO: [ template_filter ] --END-- [ RunTime:0.000148s ]
INFO: Run Behavior\ParseTemplateBehavior [ RunTime:0.008335s ]
INFO: [ view_parse ] --END-- [ RunTime:0.008396s ]
INFO: [ view_filter ] --START--
INFO: Run Behavior\WriteHtmlCacheBehavior [ RunTime:0.000576s ]
INFO: [ view_filter ] --END-- [ RunTime:0.000614s ]
INFO: [ app_end ] --START--
INFO: Run Behavior\ShowPageTraceBehavior [ RunTime:0.000651s ]
INFO: [ app_end ] --END-- [ RunTime:0.000690s ]

[ 2017-11-15T16:18:56+08:00 ] ::1 /HOS/Pat/Login/login
INFO: [ app_init ] --START--
INFO: Run Behavior\BuildLiteBehavior [ RunTime:0.000010s ]
INFO: [ app_init ] --END-- [ RunTime:0.000476s ]
INFO: [ app_begin ] --START--
INFO: Run Behavior\ReadHtmlCacheBehavior [ RunTime:0.000591s ]
INFO: [ app_begin ] --END-- [ RunTime:0.000637s ]
SQL: SHOW COLUMNS FROM `patient` [ RunTime:0.0074s ]
SQL: SELECT `p_id` FROM `patient` WHERE ( p_id='41080219960423008X' ) LIMIT 1   [ RunTime:0.0003s ]
INFO: [ app_end ] --START--
INFO: Run Behavior\ShowPageTraceBehavior [ RunTime:0.000745s ]
INFO: [ app_end ] --END-- [ RunTime:0.000783s ]

[ 2017-11-15T16:18:56+08:00 ] ::1 /HOS/Pat/Treatment/hospitalShow
INFO: [ app_init ] --START--
INFO: Run Behavior\BuildLiteBehavior [ RunTime:0.000011s ]
INFO: [ app_init ] --END-- [ RunTime:0.000463s ]
INFO: [ app_begin ] --START--
INFO: Run Behavior\ReadHtmlCacheBehavior [ RunTime:0.000592s ]
INFO: [ app_begin ] --END-- [ RunTime:0.000630s ]
SQL: SHOW COLUMNS FROM `cant` [ RunTime:0.0073s ]
SQL: SELECT * FROM `cant`  [ RunTime:0.0003s ]
SQL: SHOW COLUMNS FROM `hos_level` [ RunTime:0.0086s ]
SQL: SELECT * FROM `hos_level`  [ RunTime:0.0003s ]
SQL: select *,substring(msg,1,170) as big_msg,substring(msg,1,50) as small_msg from hospital join cant on hospital.cant_code=cant.cant_code join hos_level on hospital.hoslevel_code=hos_level.hoslevel_code  order by hospital.hos_code  [ RunTime:0.0005s ]
SQL: select *,substring(msg,1,170) as big_msg,substring(msg,1,50) as small_msg from hospital join cant on hospital.cant_code=cant.cant_code join hos_level on hospital.hoslevel_code=hos_level.hoslevel_code  order by hospital.hos_code  [ RunTime:0.0006s ]
SQL: select *,substring(msg,1,170) as big_msg,substring(msg,1,50) as small_msg from hospital join cant on hospital.cant_code=cant.cant_code join hos_level on hospital.hoslevel_code=hos_level.hoslevel_code  order by hospital.hos_code  limit 0,5 [ RunTime:0.0006s ]
INFO: [ view_parse ] --START--
INFO: [ template_filter ] --START--
INFO: Run Behavior\ContentReplaceBehavior [ RunTime:0.000064s ]
INFO: [ template_filter ] --END-- [ RunTime:0.000098s ]
INFO: Run Behavior\ParseTemplateBehavior [ RunTime:0.010510s ]
INFO: [ view_parse ] --END-- [ RunTime:0.010561s ]
INFO: [ view_filter ] --START--
INFO: Run Behavior\WriteHtmlCacheBehavior [ RunTime:0.000482s ]
INFO: [ view_filter ] --END-- [ RunTime:0.000513s ]
INFO: [ app_end ] --START--
INFO: Run Behavior\ShowPageTraceBehavior [ RunTime:0.000738s ]
INFO: [ app_end ] --END-- [ RunTime:0.000778s ]

[ 2017-11-15T16:20:22+08:00 ] ::1 /HOS/Pat/Select/lst
INFO: [ app_init ] --START--
INFO: Run Behavior\BuildLiteBehavior [ RunTime:0.000014s ]
INFO: [ app_init ] --END-- [ RunTime:0.000539s ]
INFO: [ app_begin ] --START--
INFO: Run Behavior\ReadHtmlCacheBehavior [ RunTime:0.001480s ]
INFO: [ app_begin ] --END-- [ RunTime:0.001583s ]
SQL: SHOW COLUMNS FROM `treatment` [ RunTime:0.0115s ]
SQL: SELECT * FROM `treatment` inner join duty_schedule on treatment.dut_code=duty_schedule.dut_code join time_schedule on treatment.time_code=time_schedule.time_code join doctor on duty_schedule.doc_code=doctor.doc_code join department on doctor.hos_code=department.hos_code and doctor.dep_code=department.dep_code join hospital on doctor.hos_code=hospital.hos_code join patient on treatment.p_id=patient.p_id  WHERE ( treatment.p_id='41080219960423008X' and t_date > '.2017-11-15.' ) ORDER BY treatment.t_code  [ RunTime:0.0012s ]
SQL: SELECT * FROM `treatment` inner join duty_schedule on treatment.dut_code=duty_schedule.dut_code join time_schedule on treatment.time_code=time_schedule.time_code join doctor on duty_schedule.doc_code=doctor.doc_code join department on doctor.hos_code=department.hos_code and doctor.dep_code=department.dep_code join hospital on doctor.hos_code=hospital.hos_code join patient on treatment.p_id=patient.p_id  WHERE ( treatment.p_id='41080219960423008X' and t_date > '.2017-11-15.' ) ORDER BY treatment.t_code  [ RunTime:0.0013s ]
SQL: SELECT * FROM `treatment` inner join duty_schedule on treatment.dut_code=duty_schedule.dut_code join time_schedule on treatment.time_code=time_schedule.time_code join doctor on duty_schedule.doc_code=doctor.doc_code join department on doctor.hos_code=department.hos_code and doctor.dep_code=department.dep_code join hospital on doctor.hos_code=hospital.hos_code join patient on treatment.p_id=patient.p_id  WHERE ( treatment.p_id='41080219960423008X' and t_date > '.2017-11-15.' ) ORDER BY treatment.t_code LIMIT 0,5   [ RunTime:0.0012s ]
INFO: [ view_parse ] --START--
INFO: [ template_filter ] --START--
INFO: Run Behavior\ContentReplaceBehavior [ RunTime:0.000080s ]
INFO: [ template_filter ] --END-- [ RunTime:0.000142s ]
INFO: Run Behavior\ParseTemplateBehavior [ RunTime:0.011318s ]
INFO: [ view_parse ] --END-- [ RunTime:0.011370s ]
INFO: [ view_filter ] --START--
INFO: Run Behavior\WriteHtmlCacheBehavior [ RunTime:0.000463s ]
INFO: [ view_filter ] --END-- [ RunTime:0.000496s ]
INFO: [ app_end ] --START--
INFO: Run Behavior\ShowPageTraceBehavior [ RunTime:0.000732s ]
INFO: [ app_end ] --END-- [ RunTime:0.000773s ]

[ 2017-11-15T16:20:24+08:00 ] ::1 /HOS/Pat/Select/lst
INFO: [ app_init ] --START--
INFO: Run Behavior\BuildLiteBehavior [ RunTime:0.000010s ]
INFO: [ app_init ] --END-- [ RunTime:0.000465s ]
INFO: [ app_begin ] --START--
INFO: Run Behavior\ReadHtmlCacheBehavior [ RunTime:0.000573s ]
INFO: [ app_begin ] --END-- [ RunTime:0.000615s ]
SQL: SHOW COLUMNS FROM `treatment` [ RunTime:0.0089s ]
SQL: SELECT * FROM `treatment` inner join duty_schedule on treatment.dut_code=duty_schedule.dut_code join time_schedule on treatment.time_code=time_schedule.time_code join doctor on duty_schedule.doc_code=doctor.doc_code join department on doctor.hos_code=department.hos_code and doctor.dep_code=department.dep_code join hospital on doctor.hos_code=hospital.hos_code join patient on treatment.p_id=patient.p_id  WHERE ( treatment.p_id='41080219960423008X' and t_date > '.2017-11-15.' ) ORDER BY treatment.t_code  [ RunTime:0.0016s ]
SQL: SELECT * FROM `treatment` inner join duty_schedule on treatment.dut_code=duty_schedule.dut_code join time_schedule on treatment.time_code=time_schedule.time_code join doctor on duty_schedule.doc_code=doctor.doc_code join department on doctor.hos_code=department.hos_code and doctor.dep_code=department.dep_code join hospital on doctor.hos_code=hospital.hos_code join patient on treatment.p_id=patient.p_id  WHERE ( treatment.p_id='41080219960423008X' and t_date > '.2017-11-15.' ) ORDER BY treatment.t_code  [ RunTime:0.0015s ]
SQL: SELECT * FROM `treatment` inner join duty_schedule on treatment.dut_code=duty_schedule.dut_code join time_schedule on treatment.time_code=time_schedule.time_code join doctor on duty_schedule.doc_code=doctor.doc_code join department on doctor.hos_code=department.hos_code and doctor.dep_code=department.dep_code join hospital on doctor.hos_code=hospital.hos_code join patient on treatment.p_id=patient.p_id  WHERE ( treatment.p_id='41080219960423008X' and t_date > '.2017-11-15.' ) ORDER BY treatment.t_code LIMIT 0,5   [ RunTime:0.0015s ]
INFO: [ view_parse ] --START--
INFO: [ template_filter ] --START--
INFO: Run Behavior\ContentReplaceBehavior [ RunTime:0.000072s ]
INFO: [ template_filter ] --END-- [ RunTime:0.000125s ]
INFO: Run Behavior\ParseTemplateBehavior [ RunTime:0.011061s ]
INFO: [ view_parse ] --END-- [ RunTime:0.011137s ]
INFO: [ view_filter ] --START--
INFO: Run Behavior\WriteHtmlCacheBehavior [ RunTime:0.000729s ]
INFO: [ view_filter ] --END-- [ RunTime:0.000802s ]
INFO: [ app_end ] --START--
INFO: Run Behavior\ShowPageTraceBehavior [ RunTime:0.000892s ]
INFO: [ app_end ] --END-- [ RunTime:0.000955s ]

[ 2017-11-15T16:20:27+08:00 ] ::1 /HOS/Pat/Pat/edit
INFO: [ app_init ] --START--
INFO: Run Behavior\BuildLiteBehavior [ RunTime:0.000012s ]
INFO: [ app_init ] --END-- [ RunTime:0.000737s ]
INFO: [ app_begin ] --START--
INFO: Run Behavior\ReadHtmlCacheBehavior [ RunTime:0.000588s ]
INFO: [ app_begin ] --END-- [ RunTime:0.000626s ]
SQL: SHOW COLUMNS FROM `patient` [ RunTime:0.0087s ]
SQL: SELECT * FROM `patient` WHERE ( p_id='41080219960423008X' ) LIMIT 1   [ RunTime:0.0003s ]
INFO: [ view_parse ] --START--
INFO: [ template_filter ] --START--
INFO: Run Behavior\ContentReplaceBehavior [ RunTime:0.000052s ]
INFO: [ template_filter ] --END-- [ RunTime:0.000088s ]
INFO: Run Behavior\ParseTemplateBehavior [ RunTime:0.007136s ]
INFO: [ view_parse ] --END-- [ RunTime:0.007183s ]
INFO: [ view_filter ] --START--
INFO: Run Behavior\WriteHtmlCacheBehavior [ RunTime:0.000466s ]
INFO: [ view_filter ] --END-- [ RunTime:0.000497s ]
INFO: [ app_end ] --START--
INFO: Run Behavior\ShowPageTraceBehavior [ RunTime:0.000614s ]
INFO: [ app_end ] --END-- [ RunTime:0.000648s ]

[ 2017-11-15T16:20:29+08:00 ] ::1 /HOS/Pat/Select/lst
INFO: [ app_init ] --START--
INFO: Run Behavior\BuildLiteBehavior [ RunTime:0.000011s ]
INFO: [ app_init ] --END-- [ RunTime:0.000412s ]
INFO: [ app_begin ] --START--
INFO: Run Behavior\ReadHtmlCacheBehavior [ RunTime:0.000656s ]
INFO: [ app_begin ] --END-- [ RunTime:0.000702s ]
SQL: SHOW COLUMNS FROM `treatment` [ RunTime:0.0077s ]
SQL: SELECT * FROM `treatment` inner join duty_schedule on treatment.dut_code=duty_schedule.dut_code join time_schedule on treatment.time_code=time_schedule.time_code join doctor on duty_schedule.doc_code=doctor.doc_code join department on doctor.hos_code=department.hos_code and doctor.dep_code=department.dep_code join hospital on doctor.hos_code=hospital.hos_code join patient on treatment.p_id=patient.p_id  WHERE ( treatment.p_id='41080219960423008X' and t_date > '.2017-11-15.' ) ORDER BY treatment.t_code  [ RunTime:0.0011s ]
SQL: SELECT * FROM `treatment` inner join duty_schedule on treatment.dut_code=duty_schedule.dut_code join time_schedule on treatment.time_code=time_schedule.time_code join doctor on duty_schedule.doc_code=doctor.doc_code join department on doctor.hos_code=department.hos_code and doctor.dep_code=department.dep_code join hospital on doctor.hos_code=hospital.hos_code join patient on treatment.p_id=patient.p_id  WHERE ( treatment.p_id='41080219960423008X' and t_date > '.2017-11-15.' ) ORDER BY treatment.t_code  [ RunTime:0.0010s ]
SQL: SELECT * FROM `treatment` inner join duty_schedule on treatment.dut_code=duty_schedule.dut_code join time_schedule on treatment.time_code=time_schedule.time_code join doctor on duty_schedule.doc_code=doctor.doc_code join department on doctor.hos_code=department.hos_code and doctor.dep_code=department.dep_code join hospital on doctor.hos_code=hospital.hos_code join patient on treatment.p_id=patient.p_id  WHERE ( treatment.p_id='41080219960423008X' and t_date > '.2017-11-15.' ) ORDER BY treatment.t_code LIMIT 0,5   [ RunTime:0.0009s ]
INFO: [ view_parse ] --START--
INFO: [ template_filter ] --START--
INFO: Run Behavior\ContentReplaceBehavior [ RunTime:0.000058s ]
INFO: [ template_filter ] --END-- [ RunTime:0.000093s ]
INFO: Run Behavior\ParseTemplateBehavior [ RunTime:0.008514s ]
INFO: [ view_parse ] --END-- [ RunTime:0.008558s ]
INFO: [ view_filter ] --START--
INFO: Run Behavior\WriteHtmlCacheBehavior [ RunTime:0.000467s ]
INFO: [ view_filter ] --END-- [ RunTime:0.000499s ]
INFO: [ app_end ] --START--
INFO: Run Behavior\ShowPageTraceBehavior [ RunTime:0.000598s ]
INFO: [ app_end ] --END-- [ RunTime:0.000637s ]

[ 2017-11-15T16:20:29+08:00 ] ::1 /HOS/Pat/Pat/edit
INFO: [ app_init ] --START--
INFO: Run Behavior\BuildLiteBehavior [ RunTime:0.000009s ]
INFO: [ app_init ] --END-- [ RunTime:0.000439s ]
INFO: [ app_begin ] --START--
INFO: Run Behavior\ReadHtmlCacheBehavior [ RunTime:0.000574s ]
INFO: [ app_begin ] --END-- [ RunTime:0.000611s ]
SQL: SHOW COLUMNS FROM `patient` [ RunTime:0.0072s ]
SQL: SELECT * FROM `patient` WHERE ( p_id='41080219960423008X' ) LIMIT 1   [ RunTime:0.0003s ]
INFO: [ view_parse ] --START--
INFO: [ template_filter ] --START--
INFO: Run Behavior\ContentReplaceBehavior [ RunTime:0.000056s ]
INFO: [ template_filter ] --END-- [ RunTime:0.000101s ]
INFO: Run Behavior\ParseTemplateBehavior [ RunTime:0.008438s ]
INFO: [ view_parse ] --END-- [ RunTime:0.008490s ]
INFO: [ view_filter ] --START--
INFO: Run Behavior\WriteHtmlCacheBehavior [ RunTime:0.000506s ]
INFO: [ view_filter ] --END-- [ RunTime:0.000540s ]
INFO: [ app_end ] --START--
INFO: Run Behavior\ShowPageTraceBehavior [ RunTime:0.000623s ]
INFO: [ app_end ] --END-- [ RunTime:0.000657s ]

[ 2017-11-15T16:20:47+08:00 ] ::1 /HOS/Pat/Pat/edit
INFO: [ app_init ] --START--
INFO: Run Behavior\BuildLiteBehavior [ RunTime:0.000016s ]
INFO: [ app_init ] --END-- [ RunTime:0.000677s ]
INFO: [ app_begin ] --START--
INFO: Run Behavior\ReadHtmlCacheBehavior [ RunTime:0.000982s ]
INFO: [ app_begin ] --END-- [ RunTime:0.001049s ]
SQL: SHOW COLUMNS FROM `patient` [ RunTime:0.0086s ]
SQL: SELECT * FROM `patient` WHERE ( p_id='41080219960423008X' ) LIMIT 1   [ RunTime:0.0003s ]
INFO: [ view_parse ] --START--
INFO: [ template_filter ] --START--
INFO: Run Behavior\ContentReplaceBehavior [ RunTime:0.000049s ]
INFO: [ template_filter ] --END-- [ RunTime:0.000085s ]
INFO: Run Behavior\ParseTemplateBehavior [ RunTime:0.006624s ]
INFO: [ view_parse ] --END-- [ RunTime:0.006663s ]
INFO: [ view_filter ] --START--
INFO: Run Behavior\WriteHtmlCacheBehavior [ RunTime:0.000460s ]
INFO: [ view_filter ] --END-- [ RunTime:0.000489s ]
INFO: [ app_end ] --START--
INFO: Run Behavior\ShowPageTraceBehavior [ RunTime:0.000603s ]
INFO: [ app_end ] --END-- [ RunTime:0.000634s ]

[ 2017-11-15T16:20:48+08:00 ] ::1 /HOS/Pat/Select/lst
INFO: [ app_init ] --START--
INFO: Run Behavior\BuildLiteBehavior [ RunTime:0.000012s ]
INFO: [ app_init ] --END-- [ RunTime:0.000513s ]
INFO: [ app_begin ] --START--
INFO: Run Behavior\ReadHtmlCacheBehavior [ RunTime:0.000598s ]
INFO: [ app_begin ] --END-- [ RunTime:0.000636s ]
SQL: SHOW COLUMNS FROM `treatment` [ RunTime:0.0066s ]
SQL: SELECT * FROM `treatment` inner join duty_schedule on treatment.dut_code=duty_schedule.dut_code join time_schedule on treatment.time_code=time_schedule.time_code join doctor on duty_schedule.doc_code=doctor.doc_code join department on doctor.hos_code=department.hos_code and doctor.dep_code=department.dep_code join hospital on doctor.hos_code=hospital.hos_code join patient on treatment.p_id=patient.p_id  WHERE ( treatment.p_id='41080219960423008X' and t_date > '.2017-11-15.' ) ORDER BY treatment.t_code  [ RunTime:0.0013s ]
SQL: SELECT * FROM `treatment` inner join duty_schedule on treatment.dut_code=duty_schedule.dut_code join time_schedule on treatment.time_code=time_schedule.time_code join doctor on duty_schedule.doc_code=doctor.doc_code join department on doctor.hos_code=department.hos_code and doctor.dep_code=department.dep_code join hospital on doctor.hos_code=hospital.hos_code join patient on treatment.p_id=patient.p_id  WHERE ( treatment.p_id='41080219960423008X' and t_date > '.2017-11-15.' ) ORDER BY treatment.t_code  [ RunTime:0.0012s ]
SQL: SELECT * FROM `treatment` inner join duty_schedule on treatment.dut_code=duty_schedule.dut_code join time_schedule on treatment.time_code=time_schedule.time_code join doctor on duty_schedule.doc_code=doctor.doc_code join department on doctor.hos_code=department.hos_code and doctor.dep_code=department.dep_code join hospital on doctor.hos_code=hospital.hos_code join patient on treatment.p_id=patient.p_id  WHERE ( treatment.p_id='41080219960423008X' and t_date > '.2017-11-15.' ) ORDER BY treatment.t_code LIMIT 0,5   [ RunTime:0.0011s ]
INFO: [ view_parse ] --START--
INFO: [ template_filter ] --START--
INFO: Run Behavior\ContentReplaceBehavior [ RunTime:0.000057s ]
INFO: [ template_filter ] --END-- [ RunTime:0.000092s ]
INFO: Run Behavior\ParseTemplateBehavior [ RunTime:0.009265s ]
INFO: [ view_parse ] --END-- [ RunTime:0.009318s ]
INFO: [ view_filter ] --START--
INFO: Run Behavior\WriteHtmlCacheBehavior [ RunTime:0.000480s ]
INFO: [ view_filter ] --END-- [ RunTime:0.000512s ]
INFO: [ app_end ] --START--
INFO: Run Behavior\ShowPageTraceBehavior [ RunTime:0.000853s ]
INFO: [ app_end ] --END-- [ RunTime:0.000902s ]

[ 2017-11-15T16:20:58+08:00 ] ::1 /HOS/Pat/Select/lst
INFO: [ app_init ] --START--
INFO: Run Behavior\BuildLiteBehavior [ RunTime:0.000020s ]
INFO: [ app_init ] --END-- [ RunTime:0.000765s ]
INFO: [ app_begin ] --START--
INFO: Run Behavior\ReadHtmlCacheBehavior [ RunTime:0.001303s ]
INFO: [ app_begin ] --END-- [ RunTime:0.001403s ]
SQL: SHOW COLUMNS FROM `treatment` [ RunTime:0.0076s ]
SQL: SELECT * FROM `treatment` inner join duty_schedule on treatment.dut_code=duty_schedule.dut_code join time_schedule on treatment.time_code=time_schedule.time_code join doctor on duty_schedule.doc_code=doctor.doc_code join department on doctor.hos_code=department.hos_code and doctor.dep_code=department.dep_code join hospital on doctor.hos_code=hospital.hos_code join patient on treatment.p_id=patient.p_id  WHERE ( treatment.p_id='41080219960423008X' and t_date > '.2017-11-15.' ) ORDER BY treatment.t_code  [ RunTime:0.0017s ]
SQL: SELECT * FROM `treatment` inner join duty_schedule on treatment.dut_code=duty_schedule.dut_code join time_schedule on treatment.time_code=time_schedule.time_code join doctor on duty_schedule.doc_code=doctor.doc_code join department on doctor.hos_code=department.hos_code and doctor.dep_code=department.dep_code join hospital on doctor.hos_code=hospital.hos_code join patient on treatment.p_id=patient.p_id  WHERE ( treatment.p_id='41080219960423008X' and t_date > '.2017-11-15.' ) ORDER BY treatment.t_code  [ RunTime:0.0017s ]
SQL: SELECT * FROM `treatment` inner join duty_schedule on treatment.dut_code=duty_schedule.dut_code join time_schedule on treatment.time_code=time_schedule.time_code join doctor on duty_schedule.doc_code=doctor.doc_code join department on doctor.hos_code=department.hos_code and doctor.dep_code=department.dep_code join hospital on doctor.hos_code=hospital.hos_code join patient on treatment.p_id=patient.p_id  WHERE ( treatment.p_id='41080219960423008X' and t_date > '.2017-11-15.' ) ORDER BY treatment.t_code LIMIT 0,5   [ RunTime:0.0015s ]
INFO: [ view_parse ] --START--
INFO: [ template_filter ] --START--
INFO: Run Behavior\ContentReplaceBehavior [ RunTime:0.000067s ]
INFO: [ template_filter ] --END-- [ RunTime:0.000113s ]
INFO: Run Behavior\ParseTemplateBehavior [ RunTime:0.010982s ]
INFO: [ view_parse ] --END-- [ RunTime:0.011052s ]
INFO: [ view_filter ] --START--
INFO: Run Behavior\WriteHtmlCacheBehavior [ RunTime:0.000619s ]
INFO: [ view_filter ] --END-- [ RunTime:0.000667s ]
INFO: [ app_end ] --START--
INFO: Run Behavior\ShowPageTraceBehavior [ RunTime:0.000885s ]
INFO: [ app_end ] --END-- [ RunTime:0.000950s ]

[ 2017-11-15T16:20:58+08:00 ] ::1 /HOS/Pat/Select/lst
INFO: [ app_init ] --START--
INFO: Run Behavior\BuildLiteBehavior [ RunTime:0.000018s ]
INFO: [ app_init ] --END-- [ RunTime:0.000615s ]
INFO: [ app_begin ] --START--
INFO: Run Behavior\ReadHtmlCacheBehavior [ RunTime:0.000969s ]
INFO: [ app_begin ] --END-- [ RunTime:0.001039s ]
SQL: SHOW COLUMNS FROM `treatment` [ RunTime:0.0069s ]
SQL: SELECT * FROM `treatment` inner join duty_schedule on treatment.dut_code=duty_schedule.dut_code join time_schedule on treatment.time_code=time_schedule.time_code join doctor on duty_schedule.doc_code=doctor.doc_code join department on doctor.hos_code=department.hos_code and doctor.dep_code=department.dep_code join hospital on doctor.hos_code=hospital.hos_code join patient on treatment.p_id=patient.p_id  WHERE ( treatment.p_id='41080219960423008X' and t_date > '.2017-11-15.' ) ORDER BY treatment.t_code  [ RunTime:0.0015s ]
SQL: SELECT * FROM `treatment` inner join duty_schedule on treatment.dut_code=duty_schedule.dut_code join time_schedule on treatment.time_code=time_schedule.time_code join doctor on duty_schedule.doc_code=doctor.doc_code join department on doctor.hos_code=department.hos_code and doctor.dep_code=department.dep_code join hospital on doctor.hos_code=hospital.hos_code join patient on treatment.p_id=patient.p_id  WHERE ( treatment.p_id='41080219960423008X' and t_date > '.2017-11-15.' ) ORDER BY treatment.t_code  [ RunTime:0.0016s ]
SQL: SELECT * FROM `treatment` inner join duty_schedule on treatment.dut_code=duty_schedule.dut_code join time_schedule on treatment.time_code=time_schedule.time_code join doctor on duty_schedule.doc_code=doctor.doc_code join department on doctor.hos_code=department.hos_code and doctor.dep_code=department.dep_code join hospital on doctor.hos_code=hospital.hos_code join patient on treatment.p_id=patient.p_id  WHERE ( treatment.p_id='41080219960423008X' and t_date > '.2017-11-15.' ) ORDER BY treatment.t_code LIMIT 0,5   [ RunTime:0.0014s ]
INFO: [ view_parse ] --START--
INFO: [ template_filter ] --START--
INFO: Run Behavior\ContentReplaceBehavior [ RunTime:0.000065s ]
INFO: [ template_filter ] --END-- [ RunTime:0.000109s ]
INFO: Run Behavior\ParseTemplateBehavior [ RunTime:0.009971s ]
INFO: [ view_parse ] --END-- [ RunTime:0.010037s ]
INFO: [ view_filter ] --START--
INFO: Run Behavior\WriteHtmlCacheBehavior [ RunTime:0.000618s ]
INFO: [ view_filter ] --END-- [ RunTime:0.000697s ]
INFO: [ app_end ] --START--
INFO: Run Behavior\ShowPageTraceBehavior [ RunTime:0.001001s ]
INFO: [ app_end ] --END-- [ RunTime:0.001074s ]

[ 2017-11-15T16:20:59+08:00 ] ::1 /HOS/Pat/Pat/edit
INFO: [ app_init ] --START--
INFO: Run Behavior\BuildLiteBehavior [ RunTime:0.000011s ]
INFO: [ app_init ] --END-- [ RunTime:0.000472s ]
INFO: [ app_begin ] --START--
INFO: Run Behavior\ReadHtmlCacheBehavior [ RunTime:0.000570s ]
INFO: [ app_begin ] --END-- [ RunTime:0.000607s ]
SQL: SHOW COLUMNS FROM `patient` [ RunTime:0.0061s ]
SQL: SELECT * FROM `patient` WHERE ( p_id='41080219960423008X' ) LIMIT 1   [ RunTime:0.0003s ]
INFO: [ view_parse ] --START--
INFO: [ template_filter ] --START--
INFO: Run Behavior\ContentReplaceBehavior [ RunTime:0.000050s ]
INFO: [ template_filter ] --END-- [ RunTime:0.000092s ]
INFO: Run Behavior\ParseTemplateBehavior [ RunTime:0.007012s ]
INFO: [ view_parse ] --END-- [ RunTime:0.007056s ]
INFO: [ view_filter ] --START--
INFO: Run Behavior\WriteHtmlCacheBehavior [ RunTime:0.000474s ]
INFO: [ view_filter ] --END-- [ RunTime:0.000505s ]
INFO: [ app_end ] --START--
INFO: Run Behavior\ShowPageTraceBehavior [ RunTime:0.000618s ]
INFO: [ app_end ] --END-- [ RunTime:0.000650s ]

[ 2017-11-15T16:21:58+08:00 ] ::1 /HOS/Pat/Pat/edit
INFO: [ app_init ] --START--
INFO: Run Behavior\BuildLiteBehavior [ RunTime:0.000012s ]
INFO: [ app_init ] --END-- [ RunTime:0.000428s ]
INFO: [ app_begin ] --START--
INFO: Run Behavior\ReadHtmlCacheBehavior [ RunTime:0.000577s ]
INFO: [ app_begin ] --END-- [ RunTime:0.000621s ]
SQL: SHOW COLUMNS FROM `patient` [ RunTime:0.0063s ]
SQL: SELECT * FROM `patient` WHERE ( p_id='41080219960423008X' ) LIMIT 1   [ RunTime:0.0003s ]
INFO: [ view_parse ] --START--
INFO: [ template_filter ] --START--
INFO: Run Behavior\ContentReplaceBehavior [ RunTime:0.000083s ]
INFO: [ template_filter ] --END-- [ RunTime:0.000147s ]
INFO: Run Behavior\ParseTemplateBehavior [ RunTime:0.010054s ]
INFO: [ view_parse ] --END-- [ RunTime:0.010102s ]
INFO: [ view_filter ] --START--
INFO: Run Behavior\WriteHtmlCacheBehavior [ RunTime:0.000454s ]
INFO: [ view_filter ] --END-- [ RunTime:0.000488s ]
INFO: [ app_end ] --START--
INFO: Run Behavior\ShowPageTraceBehavior [ RunTime:0.000713s ]
INFO: [ app_end ] --END-- [ RunTime:0.000778s ]

[ 2017-11-15T16:21:59+08:00 ] ::1 /HOS/Pat/Pat/edit
INFO: [ app_init ] --START--
INFO: Run Behavior\BuildLiteBehavior [ RunTime:0.000016s ]
INFO: [ app_init ] --END-- [ RunTime:0.000553s ]
INFO: [ app_begin ] --START--
INFO: Run Behavior\ReadHtmlCacheBehavior [ RunTime:0.000746s ]
INFO: [ app_begin ] --END-- [ RunTime:0.000801s ]
SQL: SHOW COLUMNS FROM `patient` [ RunTime:0.0068s ]
SQL: SELECT * FROM `patient` WHERE ( p_id='41080219960423008X' ) LIMIT 1   [ RunTime:0.0003s ]
INFO: [ view_parse ] --START--
INFO: [ template_filter ] --START--
INFO: Run Behavior\ContentReplaceBehavior [ RunTime:0.000049s ]
INFO: [ template_filter ] --END-- [ RunTime:0.000089s ]
INFO: Run Behavior\ParseTemplateBehavior [ RunTime:0.006909s ]
INFO: [ view_parse ] --END-- [ RunTime:0.006969s ]
INFO: [ view_filter ] --START--
INFO: Run Behavior\WriteHtmlCacheBehavior [ RunTime:0.000496s ]
INFO: [ view_filter ] --END-- [ RunTime:0.000526s ]
INFO: [ app_end ] --START--
INFO: Run Behavior\ShowPageTraceBehavior [ RunTime:0.000638s ]
INFO: [ app_end ] --END-- [ RunTime:0.000671s ]

[ 2017-11-15T16:22:00+08:00 ] ::1 /HOS/Pat/Select/lst
INFO: [ app_init ] --START--
INFO: Run Behavior\BuildLiteBehavior [ RunTime:0.000014s ]
INFO: [ app_init ] --END-- [ RunTime:0.000483s ]
INFO: [ app_begin ] --START--
INFO: Run Behavior\ReadHtmlCacheBehavior [ RunTime:0.000593s ]
INFO: [ app_begin ] --END-- [ RunTime:0.000638s ]
SQL: SHOW COLUMNS FROM `treatment` [ RunTime:0.0066s ]
SQL: SELECT * FROM `treatment` inner join duty_schedule on treatment.dut_code=duty_schedule.dut_code join time_schedule on treatment.time_code=time_schedule.time_code join doctor on duty_schedule.doc_code=doctor.doc_code join department on doctor.hos_code=department.hos_code and doctor.dep_code=department.dep_code join hospital on doctor.hos_code=hospital.hos_code join patient on treatment.p_id=patient.p_id  WHERE ( treatment.p_id='41080219960423008X' and t_date > '.2017-11-15.' ) ORDER BY treatment.t_code  [ RunTime:0.0012s ]
SQL: SELECT * FROM `treatment` inner join duty_schedule on treatment.dut_code=duty_schedule.dut_code join time_schedule on treatment.time_code=time_schedule.time_code join doctor on duty_schedule.doc_code=doctor.doc_code join department on doctor.hos_code=department.hos_code and doctor.dep_code=department.dep_code join hospital on doctor.hos_code=hospital.hos_code join patient on treatment.p_id=patient.p_id  WHERE ( treatment.p_id='41080219960423008X' and t_date > '.2017-11-15.' ) ORDER BY treatment.t_code  [ RunTime:0.0013s ]
SQL: SELECT * FROM `treatment` inner join duty_schedule on treatment.dut_code=duty_schedule.dut_code join time_schedule on treatment.time_code=time_schedule.time_code join doctor on duty_schedule.doc_code=doctor.doc_code join department on doctor.hos_code=department.hos_code and doctor.dep_code=department.dep_code join hospital on doctor.hos_code=hospital.hos_code join patient on treatment.p_id=patient.p_id  WHERE ( treatment.p_id='41080219960423008X' and t_date > '.2017-11-15.' ) ORDER BY treatment.t_code LIMIT 0,5   [ RunTime:0.0011s ]
INFO: [ view_parse ] --START--
INFO: [ template_filter ] --START--
INFO: Run Behavior\ContentReplaceBehavior [ RunTime:0.000059s ]
INFO: [ template_filter ] --END-- [ RunTime:0.000093s ]
INFO: Run Behavior\ParseTemplateBehavior [ RunTime:0.009992s ]
INFO: [ view_parse ] --END-- [ RunTime:0.010079s ]
INFO: [ view_filter ] --START--
INFO: Run Behavior\WriteHtmlCacheBehavior [ RunTime:0.000536s ]
INFO: [ view_filter ] --END-- [ RunTime:0.000574s ]
INFO: [ app_end ] --START--
INFO: Run Behavior\ShowPageTraceBehavior [ RunTime:0.000636s ]
INFO: [ app_end ] --END-- [ RunTime:0.000676s ]

[ 2017-11-15T16:22:01+08:00 ] ::1 /HOS/Pat/Pat/edit
INFO: [ app_init ] --START--
INFO: Run Behavior\BuildLiteBehavior [ RunTime:0.000012s ]
INFO: [ app_init ] --END-- [ RunTime:0.000489s ]
INFO: [ app_begin ] --START--
INFO: Run Behavior\ReadHtmlCacheBehavior [ RunTime:0.000625s ]
INFO: [ app_begin ] --END-- [ RunTime:0.000664s ]
SQL: SHOW COLUMNS FROM `patient` [ RunTime:0.0072s ]
SQL: SELECT * FROM `patient` WHERE ( p_id='41080219960423008X' ) LIMIT 1   [ RunTime:0.0003s ]
INFO: [ view_parse ] --START--
INFO: [ template_filter ] --START--
INFO: Run Behavior\ContentReplaceBehavior [ RunTime:0.000048s ]
INFO: [ template_filter ] --END-- [ RunTime:0.000095s ]
INFO: Run Behavior\ParseTemplateBehavior [ RunTime:0.006901s ]
INFO: [ view_parse ] --END-- [ RunTime:0.006961s ]
INFO: [ view_filter ] --START--
INFO: Run Behavior\WriteHtmlCacheBehavior [ RunTime:0.000654s ]
INFO: [ view_filter ] --END-- [ RunTime:0.000730s ]
INFO: [ app_end ] --START--
INFO: Run Behavior\ShowPageTraceBehavior [ RunTime:0.000760s ]
INFO: [ app_end ] --END-- [ RunTime:0.000796s ]

[ 2017-11-15T16:22:02+08:00 ] ::1 /HOS/Pat/Select/lst
INFO: [ app_init ] --START--
INFO: Run Behavior\BuildLiteBehavior [ RunTime:0.000012s ]
INFO: [ app_init ] --END-- [ RunTime:0.000501s ]
INFO: [ app_begin ] --START--
INFO: Run Behavior\ReadHtmlCacheBehavior [ RunTime:0.000600s ]
INFO: [ app_begin ] --END-- [ RunTime:0.000638s ]
SQL: SHOW COLUMNS FROM `treatment` [ RunTime:0.0065s ]
SQL: SELECT * FROM `treatment` inner join duty_schedule on treatment.dut_code=duty_schedule.dut_code join time_schedule on treatment.time_code=time_schedule.time_code join doctor on duty_schedule.doc_code=doctor.doc_code join department on doctor.hos_code=department.hos_code and doctor.dep_code=department.dep_code join hospital on doctor.hos_code=hospital.hos_code join patient on treatment.p_id=patient.p_id  WHERE ( treatment.p_id='41080219960423008X' and t_date > '.2017-11-15.' ) ORDER BY treatment.t_code  [ RunTime:0.0011s ]
SQL: SELECT * FROM `treatment` inner join duty_schedule on treatment.dut_code=duty_schedule.dut_code join time_schedule on treatment.time_code=time_schedule.time_code join doctor on duty_schedule.doc_code=doctor.doc_code join department on doctor.hos_code=department.hos_code and doctor.dep_code=department.dep_code join hospital on doctor.hos_code=hospital.hos_code join patient on treatment.p_id=patient.p_id  WHERE ( treatment.p_id='41080219960423008X' and t_date > '.2017-11-15.' ) ORDER BY treatment.t_code  [ RunTime:0.0011s ]
SQL: SELECT * FROM `treatment` inner join duty_schedule on treatment.dut_code=duty_schedule.dut_code join time_schedule on treatment.time_code=time_schedule.time_code join doctor on duty_schedule.doc_code=doctor.doc_code join department on doctor.hos_code=department.hos_code and doctor.dep_code=department.dep_code join hospital on doctor.hos_code=hospital.hos_code join patient on treatment.p_id=patient.p_id  WHERE ( treatment.p_id='41080219960423008X' and t_date > '.2017-11-15.' ) ORDER BY treatment.t_code LIMIT 0,5   [ RunTime:0.0011s ]
INFO: [ view_parse ] --START--
INFO: [ template_filter ] --START--
INFO: Run Behavior\ContentReplaceBehavior [ RunTime:0.000064s ]
INFO: [ template_filter ] --END-- [ RunTime:0.000108s ]
INFO: Run Behavior\ParseTemplateBehavior [ RunTime:0.009853s ]
INFO: [ view_parse ] --END-- [ RunTime:0.009899s ]
INFO: [ view_filter ] --START--
INFO: Run Behavior\WriteHtmlCacheBehavior [ RunTime:0.000467s ]
INFO: [ view_filter ] --END-- [ RunTime:0.000527s ]
INFO: [ app_end ] --START--
INFO: Run Behavior\ShowPageTraceBehavior [ RunTime:0.000838s ]
INFO: [ app_end ] --END-- [ RunTime:0.000886s ]

[ 2017-11-15T16:22:02+08:00 ] ::1 /HOS/Pat/Pat/edit
INFO: [ app_init ] --START--
INFO: Run Behavior\BuildLiteBehavior [ RunTime:0.000010s ]
INFO: [ app_init ] --END-- [ RunTime:0.000466s ]
INFO: [ app_begin ] --START--
INFO: Run Behavior\ReadHtmlCacheBehavior [ RunTime:0.000573s ]
INFO: [ app_begin ] --END-- [ RunTime:0.000611s ]
SQL: SHOW COLUMNS FROM `patient` [ RunTime:0.0070s ]
SQL: SELECT * FROM `patient` WHERE ( p_id='41080219960423008X' ) LIMIT 1   [ RunTime:0.0003s ]
INFO: [ view_parse ] --START--
INFO: [ template_filter ] --START--
INFO: Run Behavior\ContentReplaceBehavior [ RunTime:0.000049s ]
INFO: [ template_filter ] --END-- [ RunTime:0.000089s ]
INFO: Run Behavior\ParseTemplateBehavior [ RunTime:0.007388s ]
INFO: [ view_parse ] --END-- [ RunTime:0.007434s ]
INFO: [ view_filter ] --START--
INFO: Run Behavior\WriteHtmlCacheBehavior [ RunTime:0.000484s ]
INFO: [ view_filter ] --END-- [ RunTime:0.000525s ]
INFO: [ app_end ] --START--
INFO: Run Behavior\ShowPageTraceBehavior [ RunTime:0.000631s ]
INFO: [ app_end ] --END-- [ RunTime:0.000663s ]

[ 2017-11-15T16:25:18+08:00 ] ::1 /HOS/Pat/Treatment/hospitalShow
INFO: [ app_init ] --START--
INFO: Run Behavior\BuildLiteBehavior [ RunTime:0.000019s ]
INFO: [ app_init ] --END-- [ RunTime:0.000643s ]
INFO: [ app_begin ] --START--
INFO: Run Behavior\ReadHtmlCacheBehavior [ RunTime:0.001034s ]
INFO: [ app_begin ] --END-- [ RunTime:0.001112s ]
SQL: SHOW COLUMNS FROM `cant` [ RunTime:0.0111s ]
SQL: SELECT * FROM `cant`  [ RunTime:0.0004s ]
SQL: SHOW COLUMNS FROM `hos_level` [ RunTime:0.0109s ]
SQL: SELECT * FROM `hos_level`  [ RunTime:0.0004s ]
SQL: select *,substring(msg,1,170) as big_msg,substring(msg,1,50) as small_msg from hospital join cant on hospital.cant_code=cant.cant_code join hos_level on hospital.hoslevel_code=hos_level.hoslevel_code  order by hospital.hos_code  [ RunTime:0.0008s ]
SQL: select *,substring(msg,1,170) as big_msg,substring(msg,1,50) as small_msg from hospital join cant on hospital.cant_code=cant.cant_code join hos_level on hospital.hoslevel_code=hos_level.hoslevel_code  order by hospital.hos_code  [ RunTime:0.0009s ]
SQL: select *,substring(msg,1,170) as big_msg,substring(msg,1,50) as small_msg from hospital join cant on hospital.cant_code=cant.cant_code join hos_level on hospital.hoslevel_code=hos_level.hoslevel_code  order by hospital.hos_code  limit 0,5 [ RunTime:0.0007s ]
INFO: [ view_parse ] --START--
INFO: [ template_filter ] --START--
INFO: Run Behavior\ContentReplaceBehavior [ RunTime:0.000114s ]
INFO: [ template_filter ] --END-- [ RunTime:0.000186s ]
INFO: Run Behavior\ParseTemplateBehavior [ RunTime:0.016932s ]
INFO: [ view_parse ] --END-- [ RunTime:0.017005s ]
INFO: [ view_filter ] --START--
INFO: Run Behavior\WriteHtmlCacheBehavior [ RunTime:0.001492s ]
INFO: [ view_filter ] --END-- [ RunTime:0.001563s ]
INFO: [ app_end ] --START--
INFO: Run Behavior\ShowPageTraceBehavior [ RunTime:0.001046s ]
INFO: [ app_end ] --END-- [ RunTime:0.001117s ]

[ 2017-11-15T16:25:20+08:00 ] ::1 /HOS/Pat/Select/lst
INFO: [ app_init ] --START--
INFO: Run Behavior\BuildLiteBehavior [ RunTime:0.000012s ]
INFO: [ app_init ] --END-- [ RunTime:0.000416s ]
INFO: [ app_begin ] --START--
INFO: Run Behavior\ReadHtmlCacheBehavior [ RunTime:0.000598s ]
INFO: [ app_begin ] --END-- [ RunTime:0.000654s ]
SQL: SHOW COLUMNS FROM `treatment` [ RunTime:0.0059s ]
SQL: SELECT * FROM `treatment` inner join duty_schedule on treatment.dut_code=duty_schedule.dut_code join time_schedule on treatment.time_code=time_schedule.time_code join doctor on duty_schedule.doc_code=doctor.doc_code join department on doctor.hos_code=department.hos_code and doctor.dep_code=department.dep_code join hospital on doctor.hos_code=hospital.hos_code join patient on treatment.p_id=patient.p_id  WHERE ( treatment.p_id='41080219960423008X' and t_date > '.2017-11-15.' ) ORDER BY treatment.t_code  [ RunTime:0.0013s ]
SQL: SELECT * FROM `treatment` inner join duty_schedule on treatment.dut_code=duty_schedule.dut_code join time_schedule on treatment.time_code=time_schedule.time_code join doctor on duty_schedule.doc_code=doctor.doc_code join department on doctor.hos_code=department.hos_code and doctor.dep_code=department.dep_code join hospital on doctor.hos_code=hospital.hos_code join patient on treatment.p_id=patient.p_id  WHERE ( treatment.p_id='41080219960423008X' and t_date > '.2017-11-15.' ) ORDER BY treatment.t_code  [ RunTime:0.0011s ]
SQL: SELECT * FROM `treatment` inner join duty_schedule on treatment.dut_code=duty_schedule.dut_code join time_schedule on treatment.time_code=time_schedule.time_code join doctor on duty_schedule.doc_code=doctor.doc_code join department on doctor.hos_code=department.hos_code and doctor.dep_code=department.dep_code join hospital on doctor.hos_code=hospital.hos_code join patient on treatment.p_id=patient.p_id  WHERE ( treatment.p_id='41080219960423008X' and t_date > '.2017-11-15.' ) ORDER BY treatment.t_code LIMIT 0,5   [ RunTime:0.0012s ]
INFO: [ view_parse ] --START--
INFO: [ template_filter ] --START--
INFO: Run Behavior\ContentReplaceBehavior [ RunTime:0.000060s ]
INFO: [ template_filter ] --END-- [ RunTime:0.000093s ]
INFO: Run Behavior\ParseTemplateBehavior [ RunTime:0.008183s ]
INFO: [ view_parse ] --END-- [ RunTime:0.008223s ]
INFO: [ view_filter ] --START--
INFO: Run Behavior\WriteHtmlCacheBehavior [ RunTime:0.000490s ]
INFO: [ view_filter ] --END-- [ RunTime:0.000532s ]
INFO: [ app_end ] --START--
INFO: Run Behavior\ShowPageTraceBehavior [ RunTime:0.000653s ]
INFO: [ app_end ] --END-- [ RunTime:0.000702s ]

[ 2017-11-15T16:33:11+08:00 ] ::1 /HOS/Pat/Treatment/hospitalShow
INFO: [ app_init ] --START--
INFO: Run Behavior\BuildLiteBehavior [ RunTime:0.000011s ]
INFO: [ app_init ] --END-- [ RunTime:0.000481s ]
INFO: [ app_begin ] --START--
INFO: Run Behavior\ReadHtmlCacheBehavior [ RunTime:0.000614s ]
INFO: [ app_begin ] --END-- [ RunTime:0.000652s ]
SQL: SHOW COLUMNS FROM `cant` [ RunTime:0.0072s ]
SQL: SELECT * FROM `cant`  [ RunTime:0.0003s ]
SQL: SHOW COLUMNS FROM `hos_level` [ RunTime:0.0064s ]
SQL: SELECT * FROM `hos_level`  [ RunTime:0.0003s ]
SQL: select *,substring(msg,1,170) as big_msg,substring(msg,1,50) as small_msg from hospital join cant on hospital.cant_code=cant.cant_code join hos_level on hospital.hoslevel_code=hos_level.hoslevel_code  order by hospital.hos_code  [ RunTime:0.0006s ]
SQL: select *,substring(msg,1,170) as big_msg,substring(msg,1,50) as small_msg from hospital join cant on hospital.cant_code=cant.cant_code join hos_level on hospital.hoslevel_code=hos_level.hoslevel_code  order by hospital.hos_code  [ RunTime:0.0007s ]
SQL: select *,substring(msg,1,170) as big_msg,substring(msg,1,50) as small_msg from hospital join cant on hospital.cant_code=cant.cant_code join hos_level on hospital.hoslevel_code=hos_level.hoslevel_code  order by hospital.hos_code  limit 0,5 [ RunTime:0.0007s ]
INFO: [ view_parse ] --START--
INFO: [ template_filter ] --START--
INFO: Run Behavior\ContentReplaceBehavior [ RunTime:0.000065s ]
INFO: [ template_filter ] --END-- [ RunTime:0.000102s ]
INFO: Run Behavior\ParseTemplateBehavior [ RunTime:0.009951s ]
INFO: [ view_parse ] --END-- [ RunTime:0.010002s ]
INFO: [ view_filter ] --START--
INFO: Run Behavior\WriteHtmlCacheBehavior [ RunTime:0.000513s ]
INFO: [ view_filter ] --END-- [ RunTime:0.000557s ]
INFO: [ app_end ] --START--
INFO: Run Behavior\ShowPageTraceBehavior [ RunTime:0.000650s ]
INFO: [ app_end ] --END-- [ RunTime:0.000692s ]

[ 2017-11-15T16:33:14+08:00 ] ::1 /HOS/Pat/Login/login
INFO: [ app_init ] --START--
INFO: Run Behavior\BuildLiteBehavior [ RunTime:0.000011s ]
INFO: [ app_init ] --END-- [ RunTime:0.000460s ]
INFO: [ app_begin ] --START--
INFO: Run Behavior\ReadHtmlCacheBehavior [ RunTime:0.000599s ]
INFO: [ app_begin ] --END-- [ RunTime:0.000671s ]
NOTIC: [2] Missing argument 1 for Think\Controller::assign(), called in D:\Xampp\xampp\htdocs\HOS\Application\Pat\Controller\LoginController.class.php on line 54 and defined D:\Xampp\xampp\htdocs\HOS\ThinkPHP\Library\Think\Controller.class.php 第 121 行.
NOTIC: [8] Undefined variable: name D:\Xampp\xampp\htdocs\HOS\ThinkPHP\Library\Think\Controller.class.php 第 122 行.
INFO: [ view_parse ] --START--
INFO: [ template_filter ] --START--
INFO: Run Behavior\ContentReplaceBehavior [ RunTime:0.000041s ]
INFO: [ template_filter ] --END-- [ RunTime:0.000073s ]
INFO: Run Behavior\ParseTemplateBehavior [ RunTime:0.006132s ]
INFO: [ view_parse ] --END-- [ RunTime:0.006171s ]
INFO: [ view_filter ] --START--
INFO: Run Behavior\WriteHtmlCacheBehavior [ RunTime:0.000457s ]
INFO: [ view_filter ] --END-- [ RunTime:0.000486s ]
INFO: [ app_end ] --START--
INFO: Run Behavior\ShowPageTraceBehavior [ RunTime:0.000603s ]
INFO: [ app_end ] --END-- [ RunTime:0.000634s ]

[ 2017-11-15T16:33:39+08:00 ] ::1 /HOS/Pat/Login/login
INFO: [ app_init ] --START--
INFO: Run Behavior\BuildLiteBehavior [ RunTime:0.000011s ]
INFO: [ app_init ] --END-- [ RunTime:0.000485s ]
INFO: [ app_begin ] --START--
INFO: Run Behavior\ReadHtmlCacheBehavior [ RunTime:0.000642s ]
INFO: [ app_begin ] --END-- [ RunTime:0.000679s ]
SQL: SHOW COLUMNS FROM `patient` [ RunTime:0.0063s ]
SQL: SELECT `p_id` FROM `patient` WHERE ( p_id='41080219960423008X' ) LIMIT 1   [ RunTime:0.0003s ]
INFO: [ app_end ] --START--
INFO: Run Behavior\ShowPageTraceBehavior [ RunTime:0.000716s ]
INFO: [ app_end ] --END-- [ RunTime:0.000751s ]

[ 2017-11-15T16:33:39+08:00 ] ::1 /HOS/Pat/Treatment/hospitalShow
INFO: [ app_init ] --START--
INFO: Run Behavior\BuildLiteBehavior [ RunTime:0.000011s ]
INFO: [ app_init ] --END-- [ RunTime:0.000475s ]
INFO: [ app_begin ] --START--
INFO: Run Behavior\ReadHtmlCacheBehavior [ RunTime:0.001273s ]
INFO: [ app_begin ] --END-- [ RunTime:0.001356s ]
SQL: SHOW COLUMNS FROM `cant` [ RunTime:0.0058s ]
SQL: SELECT * FROM `cant`  [ RunTime:0.0003s ]
SQL: SHOW COLUMNS FROM `hos_level` [ RunTime:0.0076s ]
SQL: SELECT * FROM `hos_level`  [ RunTime:0.0003s ]
SQL: select *,substring(msg,1,170) as big_msg,substring(msg,1,50) as small_msg from hospital join cant on hospital.cant_code=cant.cant_code join hos_level on hospital.hoslevel_code=hos_level.hoslevel_code  order by hospital.hos_code  [ RunTime:0.0005s ]
SQL: select *,substring(msg,1,170) as big_msg,substring(msg,1,50) as small_msg from hospital join cant on hospital.cant_code=cant.cant_code join hos_level on hospital.hoslevel_code=hos_level.hoslevel_code  order by hospital.hos_code  [ RunTime:0.0006s ]
SQL: select *,substring(msg,1,170) as big_msg,substring(msg,1,50) as small_msg from hospital join cant on hospital.cant_code=cant.cant_code join hos_level on hospital.hoslevel_code=hos_level.hoslevel_code  order by hospital.hos_code  limit 0,5 [ RunTime:0.0006s ]
INFO: [ view_parse ] --START--
INFO: [ template_filter ] --START--
INFO: Run Behavior\ContentReplaceBehavior [ RunTime:0.000067s ]
INFO: [ template_filter ] --END-- [ RunTime:0.000106s ]
INFO: Run Behavior\ParseTemplateBehavior [ RunTime:0.011305s ]
INFO: [ view_parse ] --END-- [ RunTime:0.011356s ]
INFO: [ view_filter ] --START--
INFO: Run Behavior\WriteHtmlCacheBehavior [ RunTime:0.000487s ]
INFO: [ view_filter ] --END-- [ RunTime:0.000518s ]
INFO: [ app_end ] --START--
INFO: Run Behavior\ShowPageTraceBehavior [ RunTime:0.000616s ]
INFO: [ app_end ] --END-- [ RunTime:0.000656s ]

[ 2017-11-15T16:33:41+08:00 ] ::1 /HOS/Pat/Treatment/hospitalShow
INFO: [ app_init ] --START--
INFO: Run Behavior\BuildLiteBehavior [ RunTime:0.000011s ]
INFO: [ app_init ] --END-- [ RunTime:0.000406s ]
INFO: [ app_begin ] --START--
INFO: Run Behavior\ReadHtmlCacheBehavior [ RunTime:0.000667s ]
INFO: [ app_begin ] --END-- [ RunTime:0.000713s ]
SQL: SHOW COLUMNS FROM `cant` [ RunTime:0.0065s ]
SQL: SELECT * FROM `cant`  [ RunTime:0.0003s ]
SQL: SHOW COLUMNS FROM `hos_level` [ RunTime:0.0063s ]
SQL: SELECT * FROM `hos_level`  [ RunTime:0.0002s ]
SQL: select *,substring(msg,1,170) as big_msg,substring(msg,1,50) as small_msg from hospital join cant on hospital.cant_code=cant.cant_code join hos_level on hospital.hoslevel_code=hos_level.hoslevel_code  order by hospital.hos_code  [ RunTime:0.0005s ]
SQL: select *,substring(msg,1,170) as big_msg,substring(msg,1,50) as small_msg from hospital join cant on hospital.cant_code=cant.cant_code join hos_level on hospital.hoslevel_code=hos_level.hoslevel_code  order by hospital.hos_code  [ RunTime:0.0006s ]
SQL: select *,substring(msg,1,170) as big_msg,substring(msg,1,50) as small_msg from hospital join cant on hospital.cant_code=cant.cant_code join hos_level on hospital.hoslevel_code=hos_level.hoslevel_code  order by hospital.hos_code  limit 0,5 [ RunTime:0.0006s ]
INFO: [ view_parse ] --START--
INFO: [ template_filter ] --START--
INFO: Run Behavior\ContentReplaceBehavior [ RunTime:0.000064s ]
INFO: [ template_filter ] --END-- [ RunTime:0.000102s ]
INFO: Run Behavior\ParseTemplateBehavior [ RunTime:0.010204s ]
INFO: [ view_parse ] --END-- [ RunTime:0.010250s ]
INFO: [ view_filter ] --START--
INFO: Run Behavior\WriteHtmlCacheBehavior [ RunTime:0.000481s ]
INFO: [ view_filter ] --END-- [ RunTime:0.000511s ]
INFO: [ app_end ] --START--
INFO: Run Behavior\ShowPageTraceBehavior [ RunTime:0.000613s ]
INFO: [ app_end ] --END-- [ RunTime:0.000651s ]

[ 2017-11-15T16:33:43+08:00 ] ::1 /HOS/Pat/Select/lst
INFO: [ app_init ] --START--
INFO: Run Behavior\BuildLiteBehavior [ RunTime:0.000012s ]
INFO: [ app_init ] --END-- [ RunTime:0.000477s ]
INFO: [ app_begin ] --START--
INFO: Run Behavior\ReadHtmlCacheBehavior [ RunTime:0.000613s ]
INFO: [ app_begin ] --END-- [ RunTime:0.000650s ]
SQL: SHOW COLUMNS FROM `treatment` [ RunTime:0.0069s ]
SQL: SELECT * FROM `treatment` inner join duty_schedule on treatment.dut_code=duty_schedule.dut_code join time_schedule on treatment.time_code=time_schedule.time_code join doctor on duty_schedule.doc_code=doctor.doc_code join department on doctor.hos_code=department.hos_code and doctor.dep_code=department.dep_code join hospital on doctor.hos_code=hospital.hos_code join patient on treatment.p_id=patient.p_id  WHERE ( treatment.p_id='41080219960423008X' and t_date > '.2017-11-15.' ) ORDER BY treatment.t_code  [ RunTime:0.0011s ]
SQL: SELECT * FROM `treatment` inner join duty_schedule on treatment.dut_code=duty_schedule.dut_code join time_schedule on treatment.time_code=time_schedule.time_code join doctor on duty_schedule.doc_code=doctor.doc_code join department on doctor.hos_code=department.hos_code and doctor.dep_code=department.dep_code join hospital on doctor.hos_code=hospital.hos_code join patient on treatment.p_id=patient.p_id  WHERE ( treatment.p_id='41080219960423008X' and t_date > '.2017-11-15.' ) ORDER BY treatment.t_code  [ RunTime:0.0010s ]
SQL: SELECT * FROM `treatment` inner join duty_schedule on treatment.dut_code=duty_schedule.dut_code join time_schedule on treatment.time_code=time_schedule.time_code join doctor on duty_schedule.doc_code=doctor.doc_code join department on doctor.hos_code=department.hos_code and doctor.dep_code=department.dep_code join hospital on doctor.hos_code=hospital.hos_code join patient on treatment.p_id=patient.p_id  WHERE ( treatment.p_id='41080219960423008X' and t_date > '.2017-11-15.' ) ORDER BY treatment.t_code LIMIT 0,5   [ RunTime:0.0009s ]
INFO: [ view_parse ] --START--
INFO: [ template_filter ] --START--
INFO: Run Behavior\ContentReplaceBehavior [ RunTime:0.000061s ]
INFO: [ template_filter ] --END-- [ RunTime:0.000094s ]
INFO: Run Behavior\ParseTemplateBehavior [ RunTime:0.008661s ]
INFO: [ view_parse ] --END-- [ RunTime:0.008712s ]
INFO: [ view_filter ] --START--
INFO: Run Behavior\WriteHtmlCacheBehavior [ RunTime:0.000714s ]
INFO: [ view_filter ] --END-- [ RunTime:0.000752s ]
INFO: [ app_end ] --START--
INFO: Run Behavior\ShowPageTraceBehavior [ RunTime:0.000618s ]
INFO: [ app_end ] --END-- [ RunTime:0.000657s ]

[ 2017-11-15T16:33:47+08:00 ] ::1 /HOS/Pat/Treatment/hospitalShow
INFO: [ app_init ] --START--
INFO: Run Behavior\BuildLiteBehavior [ RunTime:0.000019s ]
INFO: [ app_init ] --END-- [ RunTime:0.000649s ]
INFO: [ app_begin ] --START--
INFO: Run Behavior\ReadHtmlCacheBehavior [ RunTime:0.001341s ]
INFO: [ app_begin ] --END-- [ RunTime:0.001455s ]
SQL: SHOW COLUMNS FROM `cant` [ RunTime:0.0155s ]
SQL: SELECT * FROM `cant`  [ RunTime:0.0005s ]
SQL: SHOW COLUMNS FROM `hos_level` [ RunTime:0.0188s ]
SQL: SELECT * FROM `hos_level`  [ RunTime:0.0010s ]
SQL: select *,substring(msg,1,170) as big_msg,substring(msg,1,50) as small_msg from hospital join cant on hospital.cant_code=cant.cant_code join hos_level on hospital.hoslevel_code=hos_level.hoslevel_code  order by hospital.hos_code  [ RunTime:0.0013s ]
SQL: select *,substring(msg,1,170) as big_msg,substring(msg,1,50) as small_msg from hospital join cant on hospital.cant_code=cant.cant_code join hos_level on hospital.hoslevel_code=hos_level.hoslevel_code  order by hospital.hos_code  [ RunTime:0.0019s ]
SQL: select *,substring(msg,1,170) as big_msg,substring(msg,1,50) as small_msg from hospital join cant on hospital.cant_code=cant.cant_code join hos_level on hospital.hoslevel_code=hos_level.hoslevel_code  order by hospital.hos_code  limit 0,5 [ RunTime:0.0019s ]
INFO: [ view_parse ] --START--
INFO: [ template_filter ] --START--
INFO: Run Behavior\ContentReplaceBehavior [ RunTime:0.000114s ]
INFO: [ template_filter ] --END-- [ RunTime:0.000182s ]
INFO: Run Behavior\ParseTemplateBehavior [ RunTime:0.016966s ]
INFO: [ view_parse ] --END-- [ RunTime:0.017048s ]
INFO: [ view_filter ] --START--
INFO: Run Behavior\WriteHtmlCacheBehavior [ RunTime:0.000682s ]
INFO: [ view_filter ] --END-- [ RunTime:0.000735s ]
INFO: [ app_end ] --START--
INFO: Run Behavior\ShowPageTraceBehavior [ RunTime:0.001054s ]
INFO: [ app_end ] --END-- [ RunTime:0.001123s ]

[ 2017-11-15T16:33:56+08:00 ] ::1 /HOS/Pat/Treatment/hospitalShow
INFO: [ app_init ] --START--
INFO: Run Behavior\BuildLiteBehavior [ RunTime:0.000011s ]
INFO: [ app_init ] --END-- [ RunTime:0.000448s ]
INFO: [ app_begin ] --START--
INFO: Run Behavior\ReadHtmlCacheBehavior [ RunTime:0.000590s ]
INFO: [ app_begin ] --END-- [ RunTime:0.000626s ]
SQL: SHOW COLUMNS FROM `cant` [ RunTime:0.0076s ]
SQL: SELECT * FROM `cant`  [ RunTime:0.0003s ]
SQL: SHOW COLUMNS FROM `hos_level` [ RunTime:0.0064s ]
SQL: SELECT * FROM `hos_level`  [ RunTime:0.0003s ]
SQL: select *,substring(msg,1,170) as big_msg,substring(msg,1,50) as small_msg from hospital join cant on hospital.cant_code=cant.cant_code join hos_level on hospital.hoslevel_code=hos_level.hoslevel_code  order by hospital.hos_code  [ RunTime:0.0006s ]
SQL: select *,substring(msg,1,170) as big_msg,substring(msg,1,50) as small_msg from hospital join cant on hospital.cant_code=cant.cant_code join hos_level on hospital.hoslevel_code=hos_level.hoslevel_code  order by hospital.hos_code  [ RunTime:0.0009s ]
SQL: select *,substring(msg,1,170) as big_msg,substring(msg,1,50) as small_msg from hospital join cant on hospital.cant_code=cant.cant_code join hos_level on hospital.hoslevel_code=hos_level.hoslevel_code  order by hospital.hos_code  limit 0,5 [ RunTime:0.0005s ]
INFO: [ view_parse ] --START--
INFO: [ template_filter ] --START--
INFO: Run Behavior\ContentReplaceBehavior [ RunTime:0.000064s ]
INFO: [ template_filter ] --END-- [ RunTime:0.000096s ]
INFO: Run Behavior\ParseTemplateBehavior [ RunTime:0.009502s ]
INFO: [ view_parse ] --END-- [ RunTime:0.009547s ]
INFO: [ view_filter ] --START--
INFO: Run Behavior\WriteHtmlCacheBehavior [ RunTime:0.000478s ]
INFO: [ view_filter ] --END-- [ RunTime:0.000509s ]
INFO: [ app_end ] --START--
INFO: Run Behavior\ShowPageTraceBehavior [ RunTime:0.000859s ]
INFO: [ app_end ] --END-- [ RunTime:0.000907s ]

[ 2017-11-15T16:33:57+08:00 ] ::1 /HOS/Pat/Treatment/hospitalShow
INFO: [ app_init ] --START--
INFO: Run Behavior\BuildLiteBehavior [ RunTime:0.000009s ]
INFO: [ app_init ] --END-- [ RunTime:0.000461s ]
INFO: [ app_begin ] --START--
INFO: Run Behavior\ReadHtmlCacheBehavior [ RunTime:0.000701s ]
INFO: [ app_begin ] --END-- [ RunTime:0.000750s ]
SQL: SHOW COLUMNS FROM `cant` [ RunTime:0.0060s ]
SQL: SELECT * FROM `cant`  [ RunTime:0.0003s ]
SQL: SHOW COLUMNS FROM `hos_level` [ RunTime:0.0065s ]
SQL: SELECT * FROM `hos_level`  [ RunTime:0.0003s ]
SQL: select *,substring(msg,1,170) as big_msg,substring(msg,1,50) as small_msg from hospital join cant on hospital.cant_code=cant.cant_code join hos_level on hospital.hoslevel_code=hos_level.hoslevel_code  order by hospital.hos_code  [ RunTime:0.0005s ]
SQL: select *,substring(msg,1,170) as big_msg,substring(msg,1,50) as small_msg from hospital join cant on hospital.cant_code=cant.cant_code join hos_level on hospital.hoslevel_code=hos_level.hoslevel_code  order by hospital.hos_code  [ RunTime:0.0006s ]
SQL: select *,substring(msg,1,170) as big_msg,substring(msg,1,50) as small_msg from hospital join cant on hospital.cant_code=cant.cant_code join hos_level on hospital.hoslevel_code=hos_level.hoslevel_code  order by hospital.hos_code  limit 0,5 [ RunTime:0.0006s ]
INFO: [ view_parse ] --START--
INFO: [ template_filter ] --START--
INFO: Run Behavior\ContentReplaceBehavior [ RunTime:0.000076s ]
INFO: [ template_filter ] --END-- [ RunTime:0.000125s ]
INFO: Run Behavior\ParseTemplateBehavior [ RunTime:0.010111s ]
INFO: [ view_parse ] --END-- [ RunTime:0.010157s ]
INFO: [ view_filter ] --START--
INFO: Run Behavior\WriteHtmlCacheBehavior [ RunTime:0.000462s ]
INFO: [ view_filter ] --END-- [ RunTime:0.000492s ]
INFO: [ app_end ] --START--
INFO: Run Behavior\ShowPageTraceBehavior [ RunTime:0.000864s ]
INFO: [ app_end ] --END-- [ RunTime:0.000916s ]

[ 2017-11-15T16:34:03+08:00 ] ::1 /HOS/Pat/Treatment/hospitalShow
INFO: [ app_init ] --START--
INFO: Run Behavior\BuildLiteBehavior [ RunTime:0.000013s ]
INFO: [ app_init ] --END-- [ RunTime:0.000447s ]
INFO: [ app_begin ] --START--
INFO: Run Behavior\ReadHtmlCacheBehavior [ RunTime:0.000613s ]
INFO: [ app_begin ] --END-- [ RunTime:0.000663s ]
SQL: SHOW COLUMNS FROM `cant` [ RunTime:0.0058s ]
SQL: SELECT * FROM `cant`  [ RunTime:0.0003s ]
SQL: SHOW COLUMNS FROM `hos_level` [ RunTime:0.0072s ]
SQL: SELECT * FROM `hos_level`  [ RunTime:0.0003s ]
SQL: select *,substring(msg,1,170) as big_msg,substring(msg,1,50) as small_msg from hospital join cant on hospital.cant_code=cant.cant_code join hos_level on hospital.hoslevel_code=hos_level.hoslevel_code  order by hospital.hos_code  [ RunTime:0.0005s ]
SQL: select *,substring(msg,1,170) as big_msg,substring(msg,1,50) as small_msg from hospital join cant on hospital.cant_code=cant.cant_code join hos_level on hospital.hoslevel_code=hos_level.hoslevel_code  order by hospital.hos_code  [ RunTime:0.0006s ]
SQL: select *,substring(msg,1,170) as big_msg,substring(msg,1,50) as small_msg from hospital join cant on hospital.cant_code=cant.cant_code join hos_level on hospital.hoslevel_code=hos_level.hoslevel_code  order by hospital.hos_code  limit 0,5 [ RunTime:0.0007s ]
INFO: [ view_parse ] --START--
INFO: [ template_filter ] --START--
INFO: Run Behavior\ContentReplaceBehavior [ RunTime:0.000065s ]
INFO: [ template_filter ] --END-- [ RunTime:0.000106s ]
INFO: Run Behavior\ParseTemplateBehavior [ RunTime:0.010136s ]
INFO: [ view_parse ] --END-- [ RunTime:0.010180s ]
INFO: [ view_filter ] --START--
INFO: Run Behavior\WriteHtmlCacheBehavior [ RunTime:0.000459s ]
INFO: [ view_filter ] --END-- [ RunTime:0.000489s ]
INFO: [ app_end ] --START--
INFO: Run Behavior\ShowPageTraceBehavior [ RunTime:0.000843s ]
INFO: [ app_end ] --END-- [ RunTime:0.000897s ]

[ 2017-11-15T16:34:14+08:00 ] ::1 /HOS/Pat/Treatment/hospitalShow
INFO: [ app_init ] --START--
INFO: Run Behavior\BuildLiteBehavior [ RunTime:0.000010s ]
INFO: [ app_init ] --END-- [ RunTime:0.000470s ]
INFO: [ app_begin ] --START--
INFO: Run Behavior\ReadHtmlCacheBehavior [ RunTime:0.000663s ]
INFO: [ app_begin ] --END-- [ RunTime:0.000703s ]
SQL: SHOW COLUMNS FROM `cant` [ RunTime:0.0060s ]
SQL: SELECT * FROM `cant`  [ RunTime:0.0004s ]
SQL: SHOW COLUMNS FROM `hos_level` [ RunTime:0.0062s ]
SQL: SELECT * FROM `hos_level`  [ RunTime:0.0003s ]
SQL: select *,substring(msg,1,170) as big_msg,substring(msg,1,50) as small_msg from hospital join cant on hospital.cant_code=cant.cant_code join hos_level on hospital.hoslevel_code=hos_level.hoslevel_code  order by hospital.hos_code  [ RunTime:0.0005s ]
SQL: select *,substring(msg,1,170) as big_msg,substring(msg,1,50) as small_msg from hospital join cant on hospital.cant_code=cant.cant_code join hos_level on hospital.hoslevel_code=hos_level.hoslevel_code  order by hospital.hos_code  [ RunTime:0.0006s ]
SQL: select *,substring(msg,1,170) as big_msg,substring(msg,1,50) as small_msg from hospital join cant on hospital.cant_code=cant.cant_code join hos_level on hospital.hoslevel_code=hos_level.hoslevel_code  order by hospital.hos_code  limit 0,5 [ RunTime:0.0006s ]
INFO: [ view_parse ] --START--
INFO: [ template_filter ] --START--
INFO: Run Behavior\ContentReplaceBehavior [ RunTime:0.000067s ]
INFO: [ template_filter ] --END-- [ RunTime:0.000107s ]
INFO: Run Behavior\ParseTemplateBehavior [ RunTime:0.010465s ]
INFO: [ view_parse ] --END-- [ RunTime:0.010513s ]
INFO: [ view_filter ] --START--
INFO: Run Behavior\WriteHtmlCacheBehavior [ RunTime:0.000484s ]
INFO: [ view_filter ] --END-- [ RunTime:0.000515s ]
INFO: [ app_end ] --START--
INFO: Run Behavior\ShowPageTraceBehavior [ RunTime:0.000647s ]
INFO: [ app_end ] --END-- [ RunTime:0.000683s ]

[ 2017-11-15T16:34:15+08:00 ] ::1 /HOS/Pat/Treatment/hospitalShow
INFO: [ app_init ] --START--
INFO: Run Behavior\BuildLiteBehavior [ RunTime:0.000012s ]
INFO: [ app_init ] --END-- [ RunTime:0.000488s ]
INFO: [ app_begin ] --START--
INFO: Run Behavior\ReadHtmlCacheBehavior [ RunTime:0.000610s ]
INFO: [ app_begin ] --END-- [ RunTime:0.000646s ]
SQL: SHOW COLUMNS FROM `cant` [ RunTime:0.0062s ]
SQL: SELECT * FROM `cant`  [ RunTime:0.0003s ]
SQL: SHOW COLUMNS FROM `hos_level` [ RunTime:0.0063s ]
SQL: SELECT * FROM `hos_level`  [ RunTime:0.0003s ]
SQL: select *,substring(msg,1,170) as big_msg,substring(msg,1,50) as small_msg from hospital join cant on hospital.cant_code=cant.cant_code join hos_level on hospital.hoslevel_code=hos_level.hoslevel_code  order by hospital.hos_code  [ RunTime:0.0005s ]
SQL: select *,substring(msg,1,170) as big_msg,substring(msg,1,50) as small_msg from hospital join cant on hospital.cant_code=cant.cant_code join hos_level on hospital.hoslevel_code=hos_level.hoslevel_code  order by hospital.hos_code  [ RunTime:0.0006s ]
SQL: select *,substring(msg,1,170) as big_msg,substring(msg,1,50) as small_msg from hospital join cant on hospital.cant_code=cant.cant_code join hos_level on hospital.hoslevel_code=hos_level.hoslevel_code  order by hospital.hos_code  limit 0,5 [ RunTime:0.0006s ]
INFO: [ view_parse ] --START--
INFO: [ template_filter ] --START--
INFO: Run Behavior\ContentReplaceBehavior [ RunTime:0.000066s ]
INFO: [ template_filter ] --END-- [ RunTime:0.000106s ]
INFO: Run Behavior\ParseTemplateBehavior [ RunTime:0.010467s ]
INFO: [ view_parse ] --END-- [ RunTime:0.010517s ]
INFO: [ view_filter ] --START--
INFO: Run Behavior\WriteHtmlCacheBehavior [ RunTime:0.000476s ]
INFO: [ view_filter ] --END-- [ RunTime:0.000507s ]
INFO: [ app_end ] --START--
INFO: Run Behavior\ShowPageTraceBehavior [ RunTime:0.000847s ]
INFO: [ app_end ] --END-- [ RunTime:0.000896s ]

[ 2017-11-15T16:34:22+08:00 ] ::1 /HOS/Pat/Treatment/hospitalShow
INFO: [ app_init ] --START--
INFO: Run Behavior\BuildLiteBehavior [ RunTime:0.000011s ]
INFO: [ app_init ] --END-- [ RunTime:0.000462s ]
INFO: [ app_begin ] --START--
INFO: Run Behavior\ReadHtmlCacheBehavior [ RunTime:0.000605s ]
INFO: [ app_begin ] --END-- [ RunTime:0.000640s ]
SQL: SHOW COLUMNS FROM `cant` [ RunTime:0.0071s ]
SQL: SELECT * FROM `cant`  [ RunTime:0.0003s ]
SQL: SHOW COLUMNS FROM `hos_level` [ RunTime:0.0059s ]
SQL: SELECT * FROM `hos_level`  [ RunTime:0.0002s ]
SQL: select *,substring(msg,1,170) as big_msg,substring(msg,1,50) as small_msg from hospital join cant on hospital.cant_code=cant.cant_code join hos_level on hospital.hoslevel_code=hos_level.hoslevel_code  order by hospital.hos_code  [ RunTime:0.0006s ]
SQL: select *,substring(msg,1,170) as big_msg,substring(msg,1,50) as small_msg from hospital join cant on hospital.cant_code=cant.cant_code join hos_level on hospital.hoslevel_code=hos_level.hoslevel_code  order by hospital.hos_code  [ RunTime:0.0006s ]
SQL: select *,substring(msg,1,170) as big_msg,substring(msg,1,50) as small_msg from hospital join cant on hospital.cant_code=cant.cant_code join hos_level on hospital.hoslevel_code=hos_level.hoslevel_code  order by hospital.hos_code  limit 0,5 [ RunTime:0.0008s ]
INFO: [ view_parse ] --START--
INFO: [ template_filter ] --START--
INFO: Run Behavior\ContentReplaceBehavior [ RunTime:0.000064s ]
INFO: [ template_filter ] --END-- [ RunTime:0.000101s ]
INFO: Run Behavior\ParseTemplateBehavior [ RunTime:0.009496s ]
INFO: [ view_parse ] --END-- [ RunTime:0.009552s ]
INFO: [ view_filter ] --START--
INFO: Run Behavior\WriteHtmlCacheBehavior [ RunTime:0.000450s ]
INFO: [ view_filter ] --END-- [ RunTime:0.000480s ]
INFO: [ app_end ] --START--
INFO: Run Behavior\ShowPageTraceBehavior [ RunTime:0.000853s ]
INFO: [ app_end ] --END-- [ RunTime:0.000906s ]

[ 2017-11-15T16:34:35+08:00 ] ::1 /HOS/Pat/Treatment/hospitalShow
INFO: [ app_init ] --START--
INFO: Run Behavior\BuildLiteBehavior [ RunTime:0.000010s ]
INFO: [ app_init ] --END-- [ RunTime:0.000458s ]
INFO: [ app_begin ] --START--
INFO: Run Behavior\ReadHtmlCacheBehavior [ RunTime:0.000604s ]
INFO: [ app_begin ] --END-- [ RunTime:0.000640s ]
SQL: SHOW COLUMNS FROM `cant` [ RunTime:0.0066s ]
SQL: SELECT * FROM `cant`  [ RunTime:0.0003s ]
SQL: SHOW COLUMNS FROM `hos_level` [ RunTime:0.0071s ]
SQL: SELECT * FROM `hos_level`  [ RunTime:0.0003s ]
SQL: select *,substring(msg,1,170) as big_msg,substring(msg,1,50) as small_msg from hospital join cant on hospital.cant_code=cant.cant_code join hos_level on hospital.hoslevel_code=hos_level.hoslevel_code  order by hospital.hos_code  [ RunTime:0.0006s ]
SQL: select *,substring(msg,1,170) as big_msg,substring(msg,1,50) as small_msg from hospital join cant on hospital.cant_code=cant.cant_code join hos_level on hospital.hoslevel_code=hos_level.hoslevel_code  order by hospital.hos_code  [ RunTime:0.0007s ]
SQL: select *,substring(msg,1,170) as big_msg,substring(msg,1,50) as small_msg from hospital join cant on hospital.cant_code=cant.cant_code join hos_level on hospital.hoslevel_code=hos_level.hoslevel_code  order by hospital.hos_code  limit 0,5 [ RunTime:0.0006s ]
INFO: [ view_parse ] --START--
INFO: [ template_filter ] --START--
INFO: Run Behavior\ContentReplaceBehavior [ RunTime:0.000121s ]
INFO: [ template_filter ] --END-- [ RunTime:0.000181s ]
INFO: Run Behavior\ParseTemplateBehavior [ RunTime:0.010390s ]
INFO: [ view_parse ] --END-- [ RunTime:0.010441s ]
INFO: [ view_filter ] --START--
INFO: Run Behavior\WriteHtmlCacheBehavior [ RunTime:0.000484s ]
INFO: [ view_filter ] --END-- [ RunTime:0.000515s ]
INFO: [ app_end ] --START--
INFO: Run Behavior\ShowPageTraceBehavior [ RunTime:0.000796s ]
INFO: [ app_end ] --END-- [ RunTime:0.000849s ]

[ 2017-11-15T16:34:36+08:00 ] ::1 /HOS/Pat/Treatment/hospitalShow
INFO: [ app_init ] --START--
INFO: Run Behavior\BuildLiteBehavior [ RunTime:0.000016s ]
INFO: [ app_init ] --END-- [ RunTime:0.000480s ]
INFO: [ app_begin ] --START--
INFO: Run Behavior\ReadHtmlCacheBehavior [ RunTime:0.000839s ]
INFO: [ app_begin ] --END-- [ RunTime:0.000886s ]
SQL: SHOW COLUMNS FROM `cant` [ RunTime:0.0072s ]
SQL: SELECT * FROM `cant`  [ RunTime:0.0003s ]
SQL: SHOW COLUMNS FROM `hos_level` [ RunTime:0.0064s ]
SQL: SELECT * FROM `hos_level`  [ RunTime:0.0002s ]
SQL: select *,substring(msg,1,170) as big_msg,substring(msg,1,50) as small_msg from hospital join cant on hospital.cant_code=cant.cant_code join hos_level on hospital.hoslevel_code=hos_level.hoslevel_code  order by hospital.hos_code  [ RunTime:0.0006s ]
SQL: select *,substring(msg,1,170) as big_msg,substring(msg,1,50) as small_msg from hospital join cant on hospital.cant_code=cant.cant_code join hos_level on hospital.hoslevel_code=hos_level.hoslevel_code  order by hospital.hos_code  [ RunTime:0.0006s ]
SQL: select *,substring(msg,1,170) as big_msg,substring(msg,1,50) as small_msg from hospital join cant on hospital.cant_code=cant.cant_code join hos_level on hospital.hoslevel_code=hos_level.hoslevel_code  order by hospital.hos_code  limit 0,5 [ RunTime:0.0005s ]
INFO: [ view_parse ] --START--
INFO: [ template_filter ] --START--
INFO: Run Behavior\ContentReplaceBehavior [ RunTime:0.000065s ]
INFO: [ template_filter ] --END-- [ RunTime:0.000102s ]
INFO: Run Behavior\ParseTemplateBehavior [ RunTime:0.010331s ]
INFO: [ view_parse ] --END-- [ RunTime:0.010377s ]
INFO: [ view_filter ] --START--
INFO: Run Behavior\WriteHtmlCacheBehavior [ RunTime:0.000470s ]
INFO: [ view_filter ] --END-- [ RunTime:0.000501s ]
INFO: [ app_end ] --START--
INFO: Run Behavior\ShowPageTraceBehavior [ RunTime:0.000600s ]
INFO: [ app_end ] --END-- [ RunTime:0.000639s ]

[ 2017-11-15T16:34:50+08:00 ] ::1 /HOS/Pat/Treatment/hospitalShow
INFO: [ app_init ] --START--
INFO: Run Behavior\BuildLiteBehavior [ RunTime:0.000013s ]
INFO: [ app_init ] --END-- [ RunTime:0.000492s ]
INFO: [ app_begin ] --START--
INFO: Run Behavior\ReadHtmlCacheBehavior [ RunTime:0.000609s ]
INFO: [ app_begin ] --END-- [ RunTime:0.000646s ]
SQL: SHOW COLUMNS FROM `cant` [ RunTime:0.0062s ]
SQL: SELECT * FROM `cant`  [ RunTime:0.0003s ]
SQL: SHOW COLUMNS FROM `hos_level` [ RunTime:0.0066s ]
SQL: SELECT * FROM `hos_level`  [ RunTime:0.0003s ]
SQL: select *,substring(msg,1,170) as big_msg,substring(msg,1,50) as small_msg from hospital join cant on hospital.cant_code=cant.cant_code join hos_level on hospital.hoslevel_code=hos_level.hoslevel_code  order by hospital.hos_code  [ RunTime:0.0011s ]
SQL: select *,substring(msg,1,170) as big_msg,substring(msg,1,50) as small_msg from hospital join cant on hospital.cant_code=cant.cant_code join hos_level on hospital.hoslevel_code=hos_level.hoslevel_code  order by hospital.hos_code  [ RunTime:0.0006s ]
SQL: select *,substring(msg,1,170) as big_msg,substring(msg,1,50) as small_msg from hospital join cant on hospital.cant_code=cant.cant_code join hos_level on hospital.hoslevel_code=hos_level.hoslevel_code  order by hospital.hos_code  limit 0,5 [ RunTime:0.0006s ]
INFO: [ view_parse ] --START--
INFO: [ template_filter ] --START--
INFO: Run Behavior\ContentReplaceBehavior [ RunTime:0.000063s ]
INFO: [ template_filter ] --END-- [ RunTime:0.000096s ]
INFO: Run Behavior\ParseTemplateBehavior [ RunTime:0.010071s ]
INFO: [ view_parse ] --END-- [ RunTime:0.010118s ]
INFO: [ view_filter ] --START--
INFO: Run Behavior\WriteHtmlCacheBehavior [ RunTime:0.000455s ]
INFO: [ view_filter ] --END-- [ RunTime:0.000484s ]
INFO: [ app_end ] --START--
INFO: Run Behavior\ShowPageTraceBehavior [ RunTime:0.000601s ]
INFO: [ app_end ] --END-- [ RunTime:0.000640s ]

