[ 2017-11-08T09:48:15+08:00 ] ::1 /HOS/Sys/Hospital/lst
INFO: [ app_init ] --START--
INFO: Run Behavior\BuildLiteBehavior [ RunTime:0.000012s ]
INFO: [ app_init ] --END-- [ RunTime:0.000535s ]
INFO: [ app_begin ] --START--
INFO: Run Behavior\ReadHtmlCacheBehavior [ RunTime:0.000529s ]
INFO: [ app_begin ] --END-- [ RunTime:0.000570s ]
SQL: SHOW COLUMNS FROM `cant` [ RunTime:0.0175s ]
SQL: SELECT * FROM `cant`  [ RunTime:0.0006s ]
SQL: SHOW COLUMNS FROM `hos_level` [ RunTime:0.0072s ]
SQL: SELECT * FROM `hos_level`  [ RunTime:0.0018s ]
SQL: select * from hospital join cant on hospital.cant_code=cant.cant_code join hos_level on hospital.hoslevel_code=hos_level.hoslevel_code  order by hospital.hos_code  [ RunTime:0.0056s ]
SQL: select * from hospital join cant on hospital.cant_code=cant.cant_code join hos_level on hospital.hoslevel_code=hos_level.hoslevel_code  order by hospital.hos_code  [ RunTime:0.0006s ]
SQL: select * from hospital join cant on hospital.cant_code=cant.cant_code join hos_level on hospital.hoslevel_code=hos_level.hoslevel_code  order by hospital.hos_code  limit 0,5 [ RunTime:0.0010s ]
INFO: [ view_parse ] --START--
INFO: [ template_filter ] --START--
INFO: Run Behavior\ContentReplaceBehavior [ RunTime:0.000103s ]
INFO: [ template_filter ] --END-- [ RunTime:0.000151s ]
INFO: Run Behavior\ParseTemplateBehavior [ RunTime:0.015898s ]
INFO: [ view_parse ] --END-- [ RunTime:0.015953s ]
INFO: [ view_filter ] --START--
INFO: Run Behavior\WriteHtmlCacheBehavior [ RunTime:0.000491s ]
INFO: [ view_filter ] --END-- [ RunTime:0.000522s ]
INFO: [ app_end ] --START--
INFO: Run Behavior\ShowPageTraceBehavior [ RunTime:0.000602s ]
INFO: [ app_end ] --END-- [ RunTime:0.000645s ]

