[ 2017-11-14T10:41:10+08:00 ] ::1 /HOS/Sys/Hospital/lst
INFO: [ app_init ] --START--
INFO: Run Behavior\BuildLiteBehavior [ RunTime:0.000012s ]
INFO: [ app_init ] --END-- [ RunTime:0.000421s ]
INFO: [ app_begin ] --START--
INFO: Run Behavior\ReadHtmlCacheBehavior [ RunTime:0.000628s ]
INFO: [ app_begin ] --END-- [ RunTime:0.000686s ]
SQL: SHOW COLUMNS FROM `cant` [ RunTime:0.0059s ]
SQL: SELECT * FROM `cant`  [ RunTime:0.0003s ]
SQL: SHOW COLUMNS FROM `hos_level` [ RunTime:0.0077s ]
SQL: SELECT * FROM `hos_level`  [ RunTime:0.0003s ]
SQL: select * from hospital join cant on hospital.cant_code=cant.cant_code join hos_level on hospital.hoslevel_code=hos_level.hoslevel_code  order by hospital.hos_code  [ RunTime:0.0006s ]
SQL: select * from hospital join cant on hospital.cant_code=cant.cant_code join hos_level on hospital.hoslevel_code=hos_level.hoslevel_code  order by hospital.hos_code  [ RunTime:0.0005s ]
SQL: select * from hospital join cant on hospital.cant_code=cant.cant_code join hos_level on hospital.hoslevel_code=hos_level.hoslevel_code  order by hospital.hos_code  limit 0,5 [ RunTime:0.0006s ]
INFO: [ view_parse ] --START--
INFO: [ template_filter ] --START--
INFO: Run Behavior\ContentReplaceBehavior [ RunTime:0.000090s ]
INFO: [ template_filter ] --END-- [ RunTime:0.000134s ]
INFO: Run Behavior\ParseTemplateBehavior [ RunTime:0.034526s ]
INFO: [ view_parse ] --END-- [ RunTime:0.034580s ]
INFO: [ view_filter ] --START--
INFO: Run Behavior\WriteHtmlCacheBehavior [ RunTime:0.000459s ]
INFO: [ view_filter ] --END-- [ RunTime:0.000488s ]
INFO: [ app_end ] --START--
INFO: Run Behavior\ShowPageTraceBehavior [ RunTime:0.000612s ]
INFO: [ app_end ] --END-- [ RunTime:0.000651s ]

[ 2017-11-14T14:26:08+08:00 ] ::1 /HOS/Sys/Adminlogin/login
INFO: [ app_init ] --START--
INFO: Run Behavior\BuildLiteBehavior [ RunTime:0.000017s ]
INFO: [ app_init ] --END-- [ RunTime:0.000662s ]
INFO: [ app_begin ] --START--
INFO: Run Behavior\ReadHtmlCacheBehavior [ RunTime:0.000751s ]
INFO: [ app_begin ] --END-- [ RunTime:0.000823s ]
NOTIC: [2] Missing argument 1 for Think\Controller::assign(), called in D:\Xampp\xampp\htdocs\HOS\Application\Sys\Controller\AdminloginController.class.php on line 74 and defined D:\Xampp\xampp\htdocs\HOS\ThinkPHP\Library\Think\Controller.class.php 第 121 行.
NOTIC: [8] Undefined variable: name D:\Xampp\xampp\htdocs\HOS\ThinkPHP\Library\Think\Controller.class.php 第 122 行.
INFO: [ view_parse ] --START--
INFO: [ template_filter ] --START--
INFO: Run Behavior\ContentReplaceBehavior [ RunTime:0.002866s ]
INFO: [ template_filter ] --END-- [ RunTime:0.002963s ]
INFO: Run Behavior\ParseTemplateBehavior [ RunTime:0.015395s ]
INFO: [ view_parse ] --END-- [ RunTime:0.015480s ]
INFO: [ view_filter ] --START--
INFO: Run Behavior\WriteHtmlCacheBehavior [ RunTime:0.000414s ]
INFO: [ view_filter ] --END-- [ RunTime:0.000463s ]
INFO: [ app_end ] --START--
INFO: Run Behavior\ShowPageTraceBehavior [ RunTime:0.000686s ]
INFO: [ app_end ] --END-- [ RunTime:0.000742s ]

[ 2017-11-14T14:26:15+08:00 ] ::1 /HOS/Sys/Adminlogin/login
INFO: [ app_init ] --START--
INFO: Run Behavior\BuildLiteBehavior [ RunTime:0.000012s ]
INFO: [ app_init ] --END-- [ RunTime:0.000436s ]
INFO: [ app_begin ] --START--
INFO: Run Behavior\ReadHtmlCacheBehavior [ RunTime:0.000586s ]
INFO: [ app_begin ] --END-- [ RunTime:0.000624s ]
SQL: SHOW COLUMNS FROM `doctor` [ RunTime:0.0192s ]
SQL: SELECT `doc_pwd` FROM `doctor` WHERE ( doc_code='QH001D001' ) LIMIT 1   [ RunTime:0.0011s ]

[ 2017-11-14T15:02:46+08:00 ] ::1 /HOS/Sys/Adminlogin/login
INFO: [ app_init ] --START--
INFO: Run Behavior\BuildLiteBehavior [ RunTime:0.000010s ]
INFO: [ app_init ] --END-- [ RunTime:0.000540s ]
INFO: [ app_begin ] --START--
INFO: Run Behavior\ReadHtmlCacheBehavior [ RunTime:0.001397s ]
INFO: [ app_begin ] --END-- [ RunTime:0.001480s ]
NOTIC: [2] Missing argument 1 for Think\Controller::assign(), called in D:\Xampp\xampp\htdocs\HOS\Application\Sys\Controller\AdminloginController.class.php on line 74 and defined D:\Xampp\xampp\htdocs\HOS\ThinkPHP\Library\Think\Controller.class.php 第 121 行.
NOTIC: [8] Undefined variable: name D:\Xampp\xampp\htdocs\HOS\ThinkPHP\Library\Think\Controller.class.php 第 122 行.
INFO: [ view_parse ] --START--
INFO: [ template_filter ] --START--
INFO: Run Behavior\ContentReplaceBehavior [ RunTime:0.000041s ]
INFO: [ template_filter ] --END-- [ RunTime:0.000083s ]
INFO: Run Behavior\ParseTemplateBehavior [ RunTime:0.007528s ]
INFO: [ view_parse ] --END-- [ RunTime:0.007575s ]
INFO: [ view_filter ] --START--
INFO: Run Behavior\WriteHtmlCacheBehavior [ RunTime:0.000852s ]
INFO: [ view_filter ] --END-- [ RunTime:0.000884s ]
INFO: [ app_end ] --START--
INFO: Run Behavior\ShowPageTraceBehavior [ RunTime:0.000999s ]
INFO: [ app_end ] --END-- [ RunTime:0.001031s ]

[ 2017-11-14T15:02:48+08:00 ] ::1 /HOS/Sys/Adminlogin/login
INFO: [ app_init ] --START--
INFO: Run Behavior\BuildLiteBehavior [ RunTime:0.000010s ]
INFO: [ app_init ] --END-- [ RunTime:0.000541s ]
INFO: [ app_begin ] --START--
INFO: Run Behavior\ReadHtmlCacheBehavior [ RunTime:0.000944s ]
INFO: [ app_begin ] --END-- [ RunTime:0.000979s ]
SQL: SHOW COLUMNS FROM `hos_admin` [ RunTime:0.0058s ]
SQL: SELECT `hosadmin_pwd` FROM `hos_admin` WHERE ( hosadmin_name='HA001' ) LIMIT 1   [ RunTime:0.0003s ]

[ 2017-11-14T15:03:19+08:00 ] ::1 /HOS/Sys/Adminlogin/login
INFO: [ app_init ] --START--
INFO: Run Behavior\BuildLiteBehavior [ RunTime:0.000015s ]
INFO: [ app_init ] --END-- [ RunTime:0.000577s ]
INFO: [ app_begin ] --START--
INFO: Run Behavior\ReadHtmlCacheBehavior [ RunTime:0.000892s ]
INFO: [ app_begin ] --END-- [ RunTime:0.000943s ]
NOTIC: [2] Missing argument 1 for Think\Controller::assign(), called in D:\Xampp\xampp\htdocs\HOS\Application\Sys\Controller\AdminloginController.class.php on line 74 and defined D:\Xampp\xampp\htdocs\HOS\ThinkPHP\Library\Think\Controller.class.php 第 121 行.
NOTIC: [8] Undefined variable: name D:\Xampp\xampp\htdocs\HOS\ThinkPHP\Library\Think\Controller.class.php 第 122 行.
INFO: [ view_parse ] --START--
INFO: [ template_filter ] --START--
INFO: Run Behavior\ContentReplaceBehavior [ RunTime:0.000038s ]
INFO: [ template_filter ] --END-- [ RunTime:0.000076s ]
INFO: Run Behavior\ParseTemplateBehavior [ RunTime:0.006523s ]
INFO: [ view_parse ] --END-- [ RunTime:0.006592s ]
INFO: [ view_filter ] --START--
INFO: Run Behavior\WriteHtmlCacheBehavior [ RunTime:0.001197s ]
INFO: [ view_filter ] --END-- [ RunTime:0.001269s ]
INFO: [ app_end ] --START--
INFO: Run Behavior\ShowPageTraceBehavior [ RunTime:0.001267s ]
INFO: [ app_end ] --END-- [ RunTime:0.001460s ]

[ 2017-11-14T15:03:23+08:00 ] ::1 /HOS/Sys/Adminlogin/login
INFO: [ app_init ] --START--
INFO: Run Behavior\BuildLiteBehavior [ RunTime:0.000011s ]
INFO: [ app_init ] --END-- [ RunTime:0.000447s ]
INFO: [ app_begin ] --START--
INFO: Run Behavior\ReadHtmlCacheBehavior [ RunTime:0.000573s ]
INFO: [ app_begin ] --END-- [ RunTime:0.000606s ]
SQL: SHOW COLUMNS FROM `doctor` [ RunTime:0.0060s ]
SQL: SELECT `doc_pwd` FROM `doctor` WHERE ( doc_code='QH001D001' ) LIMIT 1   [ RunTime:0.0003s ]

